#
# There is insufficient memory for the Java Runtime Environment to continue.
# Native memory allocation (malloc) failed to allocate 1888672 bytes. Error detail: Chunk::new
# Possible reasons:
#   The system is out of physical RAM or swap space
#   This process is running with CompressedOops enabled, and the Java Heap may be blocking the growth of the native heap
# Possible solutions:
#   Reduce memory load on the system
#   Increase physical memory or swap space
#   Check if swap backing store is full
#   Decrease Java heap size (-Xmx/-Xms)
#   Decrease number of Java threads
#   Decrease Java thread stack sizes (-Xss)
#   Set larger code cache with -XX:ReservedCodeCacheSize=
#   JVM is running with Unscaled Compressed Oops mode in which the Java heap is
#     placed in the first 4GB address space. The Java Heap base address is the
#     maximum limit for the native heap growth. Please use -XX:HeapBaseMinAddress
#     to set the Java Heap base and to place the Java Heap above 4GB virtual address.
# This output file may be truncated or incomplete.
#
#  Out of Memory Error (arena.cpp:168), pid=14168, tid=20532
#
# JRE version: OpenJDK Runtime Environment Temurin-21.0.8+9 (21.0.8+9) (build 21.0.8+9-LTS)
# Java VM: OpenJDK 64-Bit Server VM Temurin-21.0.8+9 (21.0.8+9-LTS, mixed mode, sharing, tiered, compressed oops, compressed class ptrs, parallel gc, windows-amd64)
# No core dump will be written. Minidumps are not enabled by default on client versions of Windows
#

---------------  S U M M A R Y ------------

Command Line: --add-modules=ALL-SYSTEM --add-opens=java.base/java.util=ALL-UNNAMED --add-opens=java.base/java.lang=ALL-UNNAMED --add-opens=java.base/sun.nio.fs=ALL-UNNAMED -Declipse.application=org.eclipse.jdt.ls.core.id1 -Dosgi.bundles.defaultStartLevel=4 -Declipse.product=org.eclipse.jdt.ls.core.product -Djava.import.generatesMetadataFilesAtProjectRoot=false -DDetectVMInstallationsJob.disabled=true -Dfile.encoding=utf8 -XX:+UseParallelGC -XX:GCTimeRatio=4 -XX:AdaptiveSizePolicyWeight=90 -Dsun.zip.disableMemoryMapping=true -Xmx2G -Xms100m -Xlog:disable -javaagent:c:\Users\Shaik\.vscode\extensions\redhat.java-1.45.0-win32-x64\lombok\lombok-1.18.39-4050.jar -XX:+HeapDumpOnOutOfMemoryError -XX:HeapDumpPath=c:\Users\Shaik\AppData\Roaming\Code\User\workspaceStorage\afca35b473cf894c4c28a104f8da3bc1\redhat.java -Daether.dependencyCollector.impl=bf c:\Users\Shaik\.vscode\extensions\redhat.java-1.45.0-win32-x64\server\plugins\org.eclipse.equinox.launcher_1.7.0.v20250519-0528.jar -configuration c:\Users\Shaik\AppData\Roaming\Code\User\globalStorage\redhat.java\1.45.0\config_win -data c:\Users\Shaik\AppData\Roaming\Code\User\workspaceStorage\afca35b473cf894c4c28a104f8da3bc1\redhat.java\jdt_ws --pipe=\\.\pipe\lsp-4df22f687aebbde6ebf048a2f84f4a07-sock

Host: 13th Gen Intel(R) Core(TM) i5-1335U, 12 cores, 15G,  Windows 11 , 64 bit Build 26100 (10.0.26100.5074)
Time: Tue Sep 23 16:31:46 2025 India Standard Time elapsed time: 5.840734 seconds (0d 0h 0m 5s)

---------------  T H R E A D  ---------------

Current thread (0x000001a7df94a640):  JavaThread "C2 CompilerThread1" daemon [_thread_in_native, id=20532, stack(0x0000008b52200000,0x0000008b52300000) (1024K)]


Current CompileTask:
C2:5840 5523   !   4       org.eclipse.osgi.internal.loader.BundleLoader::findClass0 (491 bytes)

Stack: [0x0000008b52200000,0x0000008b52300000]
Native frames: (J=compiled Java code, j=interpreted, Vv=VM code, C=native code)
V  [jvm.dll+0x6d2449]
V  [jvm.dll+0x8ae341]
V  [jvm.dll+0x8b08be]
V  [jvm.dll+0x8b0fa3]
V  [jvm.dll+0x280c96]
V  [jvm.dll+0xc581d]
V  [jvm.dll+0xc5d53]
V  [jvm.dll+0x3b919c]
V  [jvm.dll+0x385315]
V  [jvm.dll+0x38477a]
V  [jvm.dll+0x248ed0]
V  [jvm.dll+0x2484af]
V  [jvm.dll+0x1c89ee]
V  [jvm.dll+0x257d4d]
V  [jvm.dll+0x2562ea]
V  [jvm.dll+0x3f2d16]
V  [jvm.dll+0x857e6b]
V  [jvm.dll+0x6d0b0d]
C  [ucrtbase.dll+0x37b0]
C  [KERNEL32.DLL+0x2e8d7]
C  [ntdll.dll+0x8d9c]


---------------  P R O C E S S  ---------------

Threads class SMR info:
_java_thread_list=0x000001a7e5168ff0, length=53, elements={
0x000001a7c79bd150, 0x000001a7c796d960, 0x000001a7c796e870, 0x000001a7c7a62f70,
0x000001a7c7a66c10, 0x000001a7c7a68e40, 0x000001a7c7a69890, 0x000001a7c7a72050,
0x000001a7c7a78650, 0x000001a7c7a2b200, 0x000001a7dfa61980, 0x000001a7e0d78230,
0x000001a7e0b812a0, 0x000001a7e0e31e20, 0x000001a7e0a163e0, 0x000001a7e59ce1f0,
0x000001a7e543f950, 0x000001a7e52df980, 0x000001a7e52e2770, 0x000001a7e52e13c0,
0x000001a7e52e06a0, 0x000001a7e52e2e00, 0x000001a7df94a640, 0x000001a7e52e1a50,
0x000001a7e52e0010, 0x000001a7e52e0d30, 0x000001a7e80b6400, 0x000001a7e80b5050,
0x000001a7e80b49c0, 0x000001a7e80b6a90, 0x000001a7e80b3ca0, 0x000001a7e80b4330,
0x000001a7e80b56e0, 0x000001a7e80b7e40, 0x000001a7e80b84d0, 0x000001a7e80b8b60,
0x000001a7e80b7120, 0x000001a7e80b91f0, 0x000001a7e80b77b0, 0x000001a7e80b5d70,
0x000001a7e80b9880, 0x000001a7e80b9f10, 0x000001a7e80bac30, 0x000001a7e80bb2c0,
0x000001a7e80ba5a0, 0x000001a7e7e73030, 0x000001a7e7e73d50, 0x000001a7e7e75790,
0x000001a7e7e75100, 0x000001a7e7e72310, 0x000001a7e7e74a70, 0x000001a7e7e743e0,
0x000001a7e7e75e20
}

Java Threads: ( => current thread )
  0x000001a7c79bd150 JavaThread "main"                              [_thread_blocked, id=22164, stack(0x0000008b50000000,0x0000008b50100000) (1024K)]
  0x000001a7c796d960 JavaThread "Reference Handler"          daemon [_thread_blocked, id=5132, stack(0x0000008b50400000,0x0000008b50500000) (1024K)]
  0x000001a7c796e870 JavaThread "Finalizer"                  daemon [_thread_blocked, id=18208, stack(0x0000008b50500000,0x0000008b50600000) (1024K)]
  0x000001a7c7a62f70 JavaThread "Signal Dispatcher"          daemon [_thread_blocked, id=21204, stack(0x0000008b50600000,0x0000008b50700000) (1024K)]
  0x000001a7c7a66c10 JavaThread "Attach Listener"            daemon [_thread_blocked, id=19160, stack(0x0000008b50700000,0x0000008b50800000) (1024K)]
  0x000001a7c7a68e40 JavaThread "Service Thread"             daemon [_thread_blocked, id=18244, stack(0x0000008b50800000,0x0000008b50900000) (1024K)]
  0x000001a7c7a69890 JavaThread "Monitor Deflation Thread"   daemon [_thread_blocked, id=4180, stack(0x0000008b50900000,0x0000008b50a00000) (1024K)]
  0x000001a7c7a72050 JavaThread "C2 CompilerThread0"         daemon [_thread_blocked, id=2788, stack(0x0000008b50a00000,0x0000008b50b00000) (1024K)]
  0x000001a7c7a78650 JavaThread "C1 CompilerThread0"         daemon [_thread_blocked, id=22048, stack(0x0000008b50b00000,0x0000008b50c00000) (1024K)]
  0x000001a7c7a2b200 JavaThread "Common-Cleaner"             daemon [_thread_blocked, id=19652, stack(0x0000008b50c00000,0x0000008b50d00000) (1024K)]
  0x000001a7dfa61980 JavaThread "Notification Thread"        daemon [_thread_blocked, id=5420, stack(0x0000008b50e00000,0x0000008b50f00000) (1024K)]
  0x000001a7e0d78230 JavaThread "Active Thread: Equinox Container: 79835a9f-2c18-4f25-a692-49a285d4f71f"        [_thread_blocked, id=23068, stack(0x0000008b51600000,0x0000008b51700000) (1024K)]
  0x000001a7e0b812a0 JavaThread "Refresh Thread: Equinox Container: 79835a9f-2c18-4f25-a692-49a285d4f71f" daemon [_thread_blocked, id=18308, stack(0x0000008b51700000,0x0000008b51800000) (1024K)]
  0x000001a7e0e31e20 JavaThread "Framework Event Dispatcher: Equinox Container: 79835a9f-2c18-4f25-a692-49a285d4f71f" daemon [_thread_blocked, id=392, stack(0x0000008b51900000,0x0000008b51a00000) (1024K)]
  0x000001a7e0a163e0 JavaThread "Start Level: Equinox Container: 79835a9f-2c18-4f25-a692-49a285d4f71f" daemon [_thread_blocked, id=5432, stack(0x0000008b51a00000,0x0000008b51b00000) (1024K)]
  0x000001a7e59ce1f0 JavaThread "Bundle File Closer"         daemon [_thread_blocked, id=11344, stack(0x0000008b51d00000,0x0000008b51e00000) (1024K)]
  0x000001a7e543f950 JavaThread "SCR Component Actor"        daemon [_thread_blocked, id=22052, stack(0x0000008b51e00000,0x0000008b51f00000) (1024K)]
  0x000001a7e52df980 JavaThread "SCR Component Registry"     daemon [_thread_blocked, id=23504, stack(0x0000008b51f00000,0x0000008b52000000) (1024K)]
  0x000001a7e52e2770 JavaThread "Worker-JM"                         [_thread_blocked, id=10148, stack(0x0000008b52000000,0x0000008b52100000) (1024K)]
  0x000001a7e52e13c0 JavaThread "JNA Cleaner"                daemon [_thread_blocked, id=7904, stack(0x0000008b50d00000,0x0000008b50e00000) (1024K)]
  0x000001a7e52e06a0 JavaThread "Worker-0"                          [_thread_blocked, id=11076, stack(0x0000008b50f00000,0x0000008b51000000) (1024K)]
  0x000001a7e52e2e00 JavaThread "Worker-1"                          [_thread_blocked, id=18416, stack(0x0000008b52100000,0x0000008b52200000) (1024K)]
=>0x000001a7df94a640 JavaThread "C2 CompilerThread1"         daemon [_thread_in_native, id=20532, stack(0x0000008b52200000,0x0000008b52300000) (1024K)]
  0x000001a7e52e1a50 JavaThread "Worker-2"                          [_thread_blocked, id=17204, stack(0x0000008b52300000,0x0000008b52400000) (1024K)]
  0x000001a7e52e0010 JavaThread "Java indexing"              daemon [_thread_blocked, id=18060, stack(0x0000008b52400000,0x0000008b52500000) (1024K)]
  0x000001a7e52e0d30 JavaThread "Worker-3: Repository registry initialization"        [_thread_in_native, id=22744, stack(0x0000008b52800000,0x0000008b52900000) (1024K)]
  0x000001a7e80b6400 JavaThread "Thread-2"                   daemon [_thread_in_native, id=15800, stack(0x0000008b52900000,0x0000008b52a00000) (1024K)]
  0x000001a7e80b5050 JavaThread "Thread-3"                   daemon [_thread_in_native, id=4092, stack(0x0000008b52a00000,0x0000008b52b00000) (1024K)]
  0x000001a7e80b49c0 JavaThread "Thread-4"                   daemon [_thread_in_native, id=1768, stack(0x0000008b52b00000,0x0000008b52c00000) (1024K)]
  0x000001a7e80b6a90 JavaThread "Thread-5"                   daemon [_thread_in_native, id=23516, stack(0x0000008b52c00000,0x0000008b52d00000) (1024K)]
  0x000001a7e80b3ca0 JavaThread "Thread-6"                   daemon [_thread_in_native, id=7568, stack(0x0000008b52d00000,0x0000008b52e00000) (1024K)]
  0x000001a7e80b4330 JavaThread "Thread-7"                   daemon [_thread_in_native, id=18780, stack(0x0000008b52e00000,0x0000008b52f00000) (1024K)]
  0x000001a7e80b56e0 JavaThread "Thread-8"                   daemon [_thread_in_native, id=20700, stack(0x0000008b52f00000,0x0000008b53000000) (1024K)]
  0x000001a7e80b7e40 JavaThread "Thread-9"                   daemon [_thread_in_native, id=6260, stack(0x0000008b53000000,0x0000008b53100000) (1024K)]
  0x000001a7e80b84d0 JavaThread "Thread-10"                  daemon [_thread_in_native, id=15584, stack(0x0000008b53100000,0x0000008b53200000) (1024K)]
  0x000001a7e80b8b60 JavaThread "Thread-11"                  daemon [_thread_in_native, id=15540, stack(0x0000008b53200000,0x0000008b53300000) (1024K)]
  0x000001a7e80b7120 JavaThread "Thread-12"                  daemon [_thread_in_native, id=20188, stack(0x0000008b53300000,0x0000008b53400000) (1024K)]
  0x000001a7e80b91f0 JavaThread "Thread-13"                  daemon [_thread_in_native, id=1984, stack(0x0000008b53400000,0x0000008b53500000) (1024K)]
  0x000001a7e80b77b0 JavaThread "Thread-14"                  daemon [_thread_in_native, id=21740, stack(0x0000008b53500000,0x0000008b53600000) (1024K)]
  0x000001a7e80b5d70 JavaThread "pool-2-thread-1"                   [_thread_blocked, id=13356, stack(0x0000008b53600000,0x0000008b53700000) (1024K)]
  0x000001a7e80b9880 JavaThread "WorkspaceEventsHandler"            [_thread_blocked, id=14380, stack(0x0000008b53700000,0x0000008b53800000) (1024K)]
  0x000001a7e80b9f10 JavaThread "pool-1-thread-1"                   [_thread_blocked, id=20100, stack(0x0000008b53800000,0x0000008b53900000) (1024K)]
  0x000001a7e80bac30 JavaThread "ForkJoinPool.commonPool-worker-1" daemon [_thread_blocked, id=17264, stack(0x0000008b53900000,0x0000008b53a00000) (1024K)]
  0x000001a7e80bb2c0 JavaThread "ForkJoinPool.commonPool-worker-2" daemon [_thread_blocked, id=22244, stack(0x0000008b53a00000,0x0000008b53b00000) (1024K)]
  0x000001a7e80ba5a0 JavaThread "ForkJoinPool.commonPool-worker-3" daemon [_thread_blocked, id=4200, stack(0x0000008b53b00000,0x0000008b53c00000) (1024K)]
  0x000001a7e7e73030 JavaThread "ForkJoinPool.commonPool-worker-4" daemon [_thread_blocked, id=23452, stack(0x0000008b53c00000,0x0000008b53d00000) (1024K)]
  0x000001a7e7e73d50 JavaThread "ForkJoinPool.commonPool-worker-5" daemon [_thread_blocked, id=11516, stack(0x0000008b53d00000,0x0000008b53e00000) (1024K)]
  0x000001a7e7e75790 JavaThread "ForkJoinPool.commonPool-worker-6" daemon [_thread_blocked, id=14424, stack(0x0000008b53e00000,0x0000008b53f00000) (1024K)]
  0x000001a7e7e75100 JavaThread "ForkJoinPool.commonPool-worker-7" daemon [_thread_blocked, id=15852, stack(0x0000008b53f00000,0x0000008b54000000) (1024K)]
  0x000001a7e7e72310 JavaThread "ForkJoinPool.commonPool-worker-8" daemon [_thread_blocked, id=22212, stack(0x0000008b54000000,0x0000008b54100000) (1024K)]
  0x000001a7e7e74a70 JavaThread "ForkJoinPool.commonPool-worker-9" daemon [_thread_blocked, id=23500, stack(0x0000008b54100000,0x0000008b54200000) (1024K)]
  0x000001a7e7e743e0 JavaThread "ForkJoinPool.commonPool-worker-10" daemon [_thread_blocked, id=12816, stack(0x0000008b54200000,0x0000008b54300000) (1024K)]
  0x000001a7e7e75e20 JavaThread "ForkJoinPool.commonPool-worker-11" daemon [_thread_blocked, id=12408, stack(0x0000008b54300000,0x0000008b54400000) (1024K)]
Total: 53

Other Threads:
  0x000001a7c7a5eb70 VMThread "VM Thread"                           [id=22568, stack(0x0000008b50300000,0x0000008b50400000) (1024K)]
  0x000001a7c784ca00 WatcherThread "VM Periodic Task Thread"        [id=17296, stack(0x0000008b50200000,0x0000008b50300000) (1024K)]
  0x000001a7c79db3c0 WorkerThread "GC Thread#0"                     [id=7860, stack(0x0000008b50100000,0x0000008b50200000) (1024K)]
  0x000001a7e0d7a510 WorkerThread "GC Thread#1"                     [id=13632, stack(0x0000008b51000000,0x0000008b51100000) (1024K)]
  0x000001a7e0d7a8b0 WorkerThread "GC Thread#2"                     [id=15948, stack(0x0000008b51100000,0x0000008b51200000) (1024K)]
  0x000001a7e0d7ac50 WorkerThread "GC Thread#3"                     [id=18420, stack(0x0000008b51200000,0x0000008b51300000) (1024K)]
  0x000001a7e06b1fc0 WorkerThread "GC Thread#4"                     [id=11492, stack(0x0000008b51300000,0x0000008b51400000) (1024K)]
  0x000001a7e06b2360 WorkerThread "GC Thread#5"                     [id=13776, stack(0x0000008b51400000,0x0000008b51500000) (1024K)]
  0x000001a7e06b2700 WorkerThread "GC Thread#6"                     [id=3948, stack(0x0000008b51500000,0x0000008b51600000) (1024K)]
  0x000001a7e0b81bd0 WorkerThread "GC Thread#7"                     [id=21388, stack(0x0000008b51800000,0x0000008b51900000) (1024K)]
  0x000001a7e5228f00 WorkerThread "GC Thread#8"                     [id=4396, stack(0x0000008b51b00000,0x0000008b51c00000) (1024K)]
  0x000001a7e52287c0 WorkerThread "GC Thread#9"                     [id=14704, stack(0x0000008b51c00000,0x0000008b51d00000) (1024K)]
Total: 12

Threads with active compile tasks:
C2 CompilerThread0  5880 5614       4       java.util.concurrent.locks.ReentrantLock::lock (8 bytes)
C2 CompilerThread1  5880 5523   !   4       org.eclipse.osgi.internal.loader.BundleLoader::findClass0 (491 bytes)
Total: 2

VM state: not at safepoint (normal execution)

VM Mutex/Monitor currently owned by a thread: None

Heap address: 0x0000000080000000, size: 2048 MB, Compressed Oops mode: 32-bit

CDS archive(s) mapped at: [0x000001a780000000-0x000001a780ba0000-0x000001a780ba0000), size 12189696, SharedBaseAddress: 0x000001a780000000, ArchiveRelocationMode: 1.
Compressed class space mapped at: 0x000001a781000000-0x000001a7c1000000, reserved size: 1073741824
Narrow klass base: 0x000001a780000000, Narrow klass shift: 0, Narrow klass range: 0x100000000

GC Precious Log:
 CardTable entry size: 512
 CPUs: 12 total, 12 available
 Memory: 16095M
 Large Page Support: Disabled
 NUMA Support: Disabled
 Compressed Oops: Enabled (32-bit)
 Alignments: Space 512K, Generation 512K, Heap 2M
 Heap Min Capacity: 100M
 Heap Initial Capacity: 100M
 Heap Max Capacity: 2G
 Pre-touch: Disabled
 Parallel Workers: 10

Heap:
 PSYoungGen      total 25600K, used 7578K [0x00000000d5580000, 0x00000000d7300000, 0x0000000100000000)
  eden space 22016K, 29% used [0x00000000d5580000,0x00000000d5bbeb78,0x00000000d6b00000)
  from space 3584K, 33% used [0x00000000d6d00000,0x00000000d6e28000,0x00000000d7080000)
  to   space 1536K, 0% used [0x00000000d7180000,0x00000000d7180000,0x00000000d7300000)
 ParOldGen       total 68608K, used 27778K [0x0000000080000000, 0x0000000084300000, 0x00000000d5580000)
  object space 68608K, 40% used [0x0000000080000000,0x0000000081b20a70,0x0000000084300000)
 Metaspace       used 43512K, committed 44800K, reserved 1114112K
  class space    used 4709K, committed 5312K, reserved 1048576K

Card table byte_map: [0x000001a7c7360000,0x000001a7c7770000] _byte_map_base: 0x000001a7c6f60000

Marking Bits: (ParMarkBitMap*) 0x00007ffdf5ada340
 Begin Bits: [0x000001a7d9e60000, 0x000001a7dbe60000)
 End Bits:   [0x000001a7dbe60000, 0x000001a7dde60000)

Polling page: 0x000001a7c5720000

Metaspace:

Usage:
  Non-class:     37.89 MB used.
      Class:      4.60 MB used.
       Both:     42.49 MB used.

Virtual space:
  Non-class space:       64.00 MB reserved,      38.56 MB ( 60%) committed,  1 nodes.
      Class space:        1.00 GB reserved,       5.19 MB ( <1%) committed,  1 nodes.
             Both:        1.06 GB reserved,      43.75 MB (  4%) committed. 

Chunk freelists:
   Non-Class:  8.72 MB
       Class:  10.84 MB
        Both:  19.56 MB

MaxMetaspaceSize: unlimited
CompressedClassSpaceSize: 1.00 GB
Initial GC threshold: 21.00 MB
Current GC threshold: 58.38 MB
CDS: on
 - commit_granule_bytes: 65536.
 - commit_granule_words: 8192.
 - virtual_space_node_default_size: 8388608.
 - enlarge_chunks_in_place: 1.
 - use_allocation_guard: 0.


Internal statistics:

num_allocs_failed_limit: 6.
num_arena_births: 962.
num_arena_deaths: 14.
num_vsnodes_births: 2.
num_vsnodes_deaths: 0.
num_space_committed: 700.
num_space_uncommitted: 0.
num_chunks_returned_to_freelist: 20.
num_chunks_taken_from_freelist: 2889.
num_chunk_merges: 10.
num_chunk_splits: 1811.
num_chunks_enlarged: 1051.
num_inconsistent_stats: 0.

CodeHeap 'non-profiled nmethods': size=120000Kb used=2549Kb max_used=2549Kb free=117450Kb
 bounds [0x000001a7d2680000, 0x000001a7d2900000, 0x000001a7d9bb0000]
CodeHeap 'profiled nmethods': size=120000Kb used=10084Kb max_used=10084Kb free=109915Kb
 bounds [0x000001a7cabb0000, 0x000001a7cb590000, 0x000001a7d20e0000]
CodeHeap 'non-nmethods': size=5760Kb used=1363Kb max_used=1435Kb free=4397Kb
 bounds [0x000001a7d20e0000, 0x000001a7d2350000, 0x000001a7d2680000]
CodeCache: size=245760Kb, used=13996Kb, max_used=14068Kb, free=231762Kb
 total_blobs=5692, nmethods=5034, adapters=564, full_count=0
Compilation: enabled, stopped_count=0, restarted_count=0

Compilation events (20 events):
Event: 4.799 Thread 0x000001a7c7a78650 5593       3       com.google.inject.internal.Errors::withSource (29 bytes)
Event: 4.799 Thread 0x000001a7c7a78650 nmethod 5593 0x000001a7cb583f90 code [0x000001a7cb584140, 0x000001a7cb584438]
Event: 4.799 Thread 0x000001a7c7a78650 5594       3       com.google.inject.internal.Errors::<init> (23 bytes)
Event: 4.799 Thread 0x000001a7c7a78650 nmethod 5594 0x000001a7cb584510 code [0x000001a7cb5846c0, 0x000001a7cb584878]
Event: 4.799 Thread 0x000001a7c7a78650 5595       3       com.google.inject.internal.AbstractProcessor::visitOther (6 bytes)
Event: 4.800 Thread 0x000001a7c7a78650 nmethod 5595 0x000001a7cb584990 code [0x000001a7cb584b40, 0x000001a7cb584d98]
Event: 4.800 Thread 0x000001a7c7a78650 5596       3       com.google.inject.internal.AbstractProcessor::visitOther (5 bytes)
Event: 4.800 Thread 0x000001a7c7a78650 nmethod 5596 0x000001a7cb584e90 code [0x000001a7cb585040, 0x000001a7cb5851c0]
Event: 4.804 Thread 0x000001a7c7a78650 5598       3       java.lang.WeakPairMap$Pair::hashCode (10 bytes)
Event: 4.804 Thread 0x000001a7e5af7250 5600       4       jdk.internal.org.objectweb.asm.Frame::pop (42 bytes)
Event: 4.804 Thread 0x000001a7c7a78650 nmethod 5598 0x000001a7cb585290 code [0x000001a7cb585440, 0x000001a7cb585590]
Event: 4.805 Thread 0x000001a7c7a78650 5599       3       java.lang.WeakPairMap$Pair$Lookup::equals (31 bytes)
Event: 4.805 Thread 0x000001a7c7a78650 nmethod 5599 0x000001a7cb585690 code [0x000001a7cb585880, 0x000001a7cb585f10]
Event: 4.805 Thread 0x000001a7c7a78650 5601       3       java.util.ArrayList::isClear (21 bytes)
Event: 4.806 Thread 0x000001a7c7a78650 nmethod 5601 0x000001a7cb586090 code [0x000001a7cb586240, 0x000001a7cb5863c0]
Event: 4.806 Thread 0x000001a7e5af7250 nmethod 5600 0x000001a7d28fa290 code [0x000001a7d28fa420, 0x000001a7d28fa518]
Event: 4.807 Thread 0x000001a7e5af7250 5602   !   4       jdk.internal.ref.PhantomCleanable::remove (60 bytes)
Event: 4.809 Thread 0x000001a7e5af7250 nmethod 5602 0x000001a7d28fa610 code [0x000001a7d28fa7a0, 0x000001a7d28faa98]
Event: 4.809 Thread 0x000001a7c7a78650 5603       3       java.lang.ClassLoader::checkName (37 bytes)
Event: 4.810 Thread 0x000001a7c7a78650 nmethod 5603 0x000001a7cb586490 code [0x000001a7cb5866c0, 0x000001a7cb586ec8]

GC Heap History (20 events):
Event: 3.035 GC heap before
{Heap before GC invocations=10 (full 1):
 PSYoungGen      total 25600K, used 25256K [0x00000000d5580000, 0x00000000d7480000, 0x0000000100000000)
  eden space 24064K, 100% used [0x00000000d5580000,0x00000000d6d00000,0x00000000d6d00000)
  from space 1536K, 77% used [0x00000000d7300000,0x00000000d742a200,0x00000000d7480000)
  to   space 2560K, 0% used [0x00000000d6f80000,0x00000000d6f80000,0x00000000d7200000)
 ParOldGen       total 68608K, used 12862K [0x0000000080000000, 0x0000000084300000, 0x00000000d5580000)
  object space 68608K, 18% used [0x0000000080000000,0x0000000080c8fbb8,0x0000000084300000)
 Metaspace       used 26310K, committed 27328K, reserved 1114112K
  class space    used 2640K, committed 3072K, reserved 1048576K
}
Event: 3.036 GC heap after
{Heap after GC invocations=10 (full 1):
 PSYoungGen      total 25088K, used 1437K [0x00000000d5580000, 0x00000000d7380000, 0x0000000100000000)
  eden space 23552K, 0% used [0x00000000d5580000,0x00000000d5580000,0x00000000d6c80000)
  from space 1536K, 93% used [0x00000000d6f80000,0x00000000d70e7520,0x00000000d7100000)
  to   space 2048K, 0% used [0x00000000d7180000,0x00000000d7180000,0x00000000d7380000)
 ParOldGen       total 68608K, used 12862K [0x0000000080000000, 0x0000000084300000, 0x00000000d5580000)
  object space 68608K, 18% used [0x0000000080000000,0x0000000080c8fbb8,0x0000000084300000)
 Metaspace       used 26310K, committed 27328K, reserved 1114112K
  class space    used 2640K, committed 3072K, reserved 1048576K
}
Event: 3.220 GC heap before
{Heap before GC invocations=11 (full 1):
 PSYoungGen      total 25088K, used 24989K [0x00000000d5580000, 0x00000000d7380000, 0x0000000100000000)
  eden space 23552K, 100% used [0x00000000d5580000,0x00000000d6c80000,0x00000000d6c80000)
  from space 1536K, 93% used [0x00000000d6f80000,0x00000000d70e7520,0x00000000d7100000)
  to   space 2048K, 0% used [0x00000000d7180000,0x00000000d7180000,0x00000000d7380000)
 ParOldGen       total 68608K, used 12862K [0x0000000080000000, 0x0000000084300000, 0x00000000d5580000)
  object space 68608K, 18% used [0x0000000080000000,0x0000000080c8fbb8,0x0000000084300000)
 Metaspace       used 27910K, committed 28928K, reserved 1114112K
  class space    used 2764K, committed 3200K, reserved 1048576K
}
Event: 3.222 GC heap after
{Heap after GC invocations=11 (full 1):
 PSYoungGen      total 25088K, used 1947K [0x00000000d5580000, 0x00000000d7380000, 0x0000000100000000)
  eden space 23040K, 0% used [0x00000000d5580000,0x00000000d5580000,0x00000000d6c00000)
  from space 2048K, 95% used [0x00000000d7180000,0x00000000d7366da0,0x00000000d7380000)
  to   space 2048K, 0% used [0x00000000d6f80000,0x00000000d6f80000,0x00000000d7180000)
 ParOldGen       total 68608K, used 14653K [0x0000000080000000, 0x0000000084300000, 0x00000000d5580000)
  object space 68608K, 21% used [0x0000000080000000,0x0000000080e4f738,0x0000000084300000)
 Metaspace       used 27910K, committed 28928K, reserved 1114112K
  class space    used 2764K, committed 3200K, reserved 1048576K
}
Event: 3.445 GC heap before
{Heap before GC invocations=12 (full 1):
 PSYoungGen      total 25088K, used 24951K [0x00000000d5580000, 0x00000000d7380000, 0x0000000100000000)
  eden space 23040K, 99% used [0x00000000d5580000,0x00000000d6bf6e98,0x00000000d6c00000)
  from space 2048K, 95% used [0x00000000d7180000,0x00000000d7366da0,0x00000000d7380000)
  to   space 2048K, 0% used [0x00000000d6f80000,0x00000000d6f80000,0x00000000d7180000)
 ParOldGen       total 68608K, used 14970K [0x0000000080000000, 0x0000000084300000, 0x00000000d5580000)
  object space 68608K, 21% used [0x0000000080000000,0x0000000080e9e978,0x0000000084300000)
 Metaspace       used 31242K, committed 32448K, reserved 1114112K
  class space    used 3124K, committed 3648K, reserved 1048576K
}
Event: 3.448 GC heap after
{Heap after GC invocations=12 (full 1):
 PSYoungGen      total 25088K, used 2016K [0x00000000d5580000, 0x00000000d7500000, 0x0000000100000000)
  eden space 23040K, 0% used [0x00000000d5580000,0x00000000d5580000,0x00000000d6c00000)
  from space 2048K, 98% used [0x00000000d6f80000,0x00000000d71783c8,0x00000000d7180000)
  to   space 3584K, 0% used [0x00000000d7180000,0x00000000d7180000,0x00000000d7500000)
 ParOldGen       total 68608K, used 16910K [0x0000000080000000, 0x0000000084300000, 0x00000000d5580000)
  object space 68608K, 24% used [0x0000000080000000,0x0000000081083948,0x0000000084300000)
 Metaspace       used 31242K, committed 32448K, reserved 1114112K
  class space    used 3124K, committed 3648K, reserved 1048576K
}
Event: 3.644 GC heap before
{Heap before GC invocations=13 (full 1):
 PSYoungGen      total 25088K, used 25056K [0x00000000d5580000, 0x00000000d7500000, 0x0000000100000000)
  eden space 23040K, 100% used [0x00000000d5580000,0x00000000d6c00000,0x00000000d6c00000)
  from space 2048K, 98% used [0x00000000d6f80000,0x00000000d71783c8,0x00000000d7180000)
  to   space 3584K, 0% used [0x00000000d7180000,0x00000000d7180000,0x00000000d7500000)
 ParOldGen       total 68608K, used 16912K [0x0000000080000000, 0x0000000084300000, 0x00000000d5580000)
  object space 68608K, 24% used [0x0000000080000000,0x0000000081084150,0x0000000084300000)
 Metaspace       used 33926K, committed 35136K, reserved 1114112K
  class space    used 3465K, committed 3968K, reserved 1048576K
}
Event: 3.647 GC heap after
{Heap after GC invocations=13 (full 1):
 PSYoungGen      total 25088K, used 2192K [0x00000000d5580000, 0x00000000d7400000, 0x0000000100000000)
  eden space 22528K, 0% used [0x00000000d5580000,0x00000000d5580000,0x00000000d6b80000)
  from space 2560K, 85% used [0x00000000d7180000,0x00000000d73a4010,0x00000000d7400000)
  to   space 3072K, 0% used [0x00000000d6e00000,0x00000000d6e00000,0x00000000d7100000)
 ParOldGen       total 68608K, used 18800K [0x0000000080000000, 0x0000000084300000, 0x00000000d5580000)
  object space 68608K, 27% used [0x0000000080000000,0x000000008125c2f8,0x0000000084300000)
 Metaspace       used 33926K, committed 35136K, reserved 1114112K
  class space    used 3465K, committed 3968K, reserved 1048576K
}
Event: 3.692 GC heap before
{Heap before GC invocations=14 (full 1):
 PSYoungGen      total 25088K, used 8911K [0x00000000d5580000, 0x00000000d7400000, 0x0000000100000000)
  eden space 22528K, 29% used [0x00000000d5580000,0x00000000d5c0fd90,0x00000000d6b80000)
  from space 2560K, 85% used [0x00000000d7180000,0x00000000d73a4010,0x00000000d7400000)
  to   space 3072K, 0% used [0x00000000d6e00000,0x00000000d6e00000,0x00000000d7100000)
 ParOldGen       total 68608K, used 18800K [0x0000000080000000, 0x0000000084300000, 0x00000000d5580000)
  object space 68608K, 27% used [0x0000000080000000,0x000000008125c2f8,0x0000000084300000)
 Metaspace       used 34687K, committed 35840K, reserved 1114112K
  class space    used 3546K, committed 4032K, reserved 1048576K
}
Event: 3.694 GC heap after
{Heap after GC invocations=14 (full 1):
 PSYoungGen      total 23552K, used 715K [0x00000000d5580000, 0x00000000d7200000, 0x0000000100000000)
  eden space 22528K, 0% used [0x00000000d5580000,0x00000000d5580000,0x00000000d6b80000)
  from space 1024K, 69% used [0x00000000d6e00000,0x00000000d6eb2cf0,0x00000000d6f00000)
  to   space 1536K, 0% used [0x00000000d7080000,0x00000000d7080000,0x00000000d7200000)
 ParOldGen       total 68608K, used 20765K [0x0000000080000000, 0x0000000084300000, 0x00000000d5580000)
  object space 68608K, 30% used [0x0000000080000000,0x00000000814476e0,0x0000000084300000)
 Metaspace       used 34687K, committed 35840K, reserved 1114112K
  class space    used 3546K, committed 4032K, reserved 1048576K
}
Event: 3.694 GC heap before
{Heap before GC invocations=15 (full 2):
 PSYoungGen      total 23552K, used 715K [0x00000000d5580000, 0x00000000d7200000, 0x0000000100000000)
  eden space 22528K, 0% used [0x00000000d5580000,0x00000000d5580000,0x00000000d6b80000)
  from space 1024K, 69% used [0x00000000d6e00000,0x00000000d6eb2cf0,0x00000000d6f00000)
  to   space 1536K, 0% used [0x00000000d7080000,0x00000000d7080000,0x00000000d7200000)
 ParOldGen       total 68608K, used 20765K [0x0000000080000000, 0x0000000084300000, 0x00000000d5580000)
  object space 68608K, 30% used [0x0000000080000000,0x00000000814476e0,0x0000000084300000)
 Metaspace       used 34687K, committed 35840K, reserved 1114112K
  class space    used 3546K, committed 4032K, reserved 1048576K
}
Event: 3.721 GC heap after
{Heap after GC invocations=15 (full 2):
 PSYoungGen      total 23552K, used 0K [0x00000000d5580000, 0x00000000d7200000, 0x0000000100000000)
  eden space 22528K, 0% used [0x00000000d5580000,0x00000000d5580000,0x00000000d6b80000)
  from space 1024K, 0% used [0x00000000d6e00000,0x00000000d6e00000,0x00000000d6f00000)
  to   space 1536K, 0% used [0x00000000d7080000,0x00000000d7080000,0x00000000d7200000)
 ParOldGen       total 68608K, used 20246K [0x0000000080000000, 0x0000000084300000, 0x00000000d5580000)
  object space 68608K, 29% used [0x0000000080000000,0x00000000813c5910,0x0000000084300000)
 Metaspace       used 34687K, committed 35840K, reserved 1114112K
  class space    used 3546K, committed 4032K, reserved 1048576K
}
Event: 3.952 GC heap before
{Heap before GC invocations=16 (full 2):
 PSYoungGen      total 23552K, used 22528K [0x00000000d5580000, 0x00000000d7200000, 0x0000000100000000)
  eden space 22528K, 100% used [0x00000000d5580000,0x00000000d6b80000,0x00000000d6b80000)
  from space 1024K, 0% used [0x00000000d6e00000,0x00000000d6e00000,0x00000000d6f00000)
  to   space 1536K, 0% used [0x00000000d7080000,0x00000000d7080000,0x00000000d7200000)
 ParOldGen       total 68608K, used 20246K [0x0000000080000000, 0x0000000084300000, 0x00000000d5580000)
  object space 68608K, 29% used [0x0000000080000000,0x00000000813c5910,0x0000000084300000)
 Metaspace       used 37450K, committed 38656K, reserved 1114112K
  class space    used 3920K, committed 4480K, reserved 1048576K
}
Event: 3.955 GC heap after
{Heap after GC invocations=16 (full 2):
 PSYoungGen      total 23552K, used 1504K [0x00000000d5580000, 0x00000000d7200000, 0x0000000100000000)
  eden space 22016K, 0% used [0x00000000d5580000,0x00000000d5580000,0x00000000d6b00000)
  from space 1536K, 97% used [0x00000000d7080000,0x00000000d71f8000,0x00000000d7200000)
  to   space 2048K, 0% used [0x00000000d6e00000,0x00000000d6e00000,0x00000000d7000000)
 ParOldGen       total 68608K, used 20254K [0x0000000080000000, 0x0000000084300000, 0x00000000d5580000)
  object space 68608K, 29% used [0x0000000080000000,0x00000000813c7910,0x0000000084300000)
 Metaspace       used 37450K, committed 38656K, reserved 1114112K
  class space    used 3920K, committed 4480K, reserved 1048576K
}
Event: 4.097 GC heap before
{Heap before GC invocations=17 (full 2):
 PSYoungGen      total 23552K, used 23520K [0x00000000d5580000, 0x00000000d7200000, 0x0000000100000000)
  eden space 22016K, 100% used [0x00000000d5580000,0x00000000d6b00000,0x00000000d6b00000)
  from space 1536K, 97% used [0x00000000d7080000,0x00000000d71f8000,0x00000000d7200000)
  to   space 2048K, 0% used [0x00000000d6e00000,0x00000000d6e00000,0x00000000d7000000)
 ParOldGen       total 68608K, used 20254K [0x0000000080000000, 0x0000000084300000, 0x00000000d5580000)
  object space 68608K, 29% used [0x0000000080000000,0x00000000813c7910,0x0000000084300000)
 Metaspace       used 38252K, committed 39424K, reserved 1114112K
  class space    used 4041K, committed 4608K, reserved 1048576K
}
Event: 4.100 GC heap after
{Heap after GC invocations=17 (full 2):
 PSYoungGen      total 24064K, used 2040K [0x00000000d5580000, 0x00000000d7a00000, 0x0000000100000000)
  eden space 22016K, 0% used [0x00000000d5580000,0x00000000d5580000,0x00000000d6b00000)
  from space 2048K, 99% used [0x00000000d6e00000,0x00000000d6ffe280,0x00000000d7000000)
  to   space 7680K, 0% used [0x00000000d7280000,0x00000000d7280000,0x00000000d7a00000)
 ParOldGen       total 68608K, used 24857K [0x0000000080000000, 0x0000000084300000, 0x00000000d5580000)
  object space 68608K, 36% used [0x0000000080000000,0x0000000081846460,0x0000000084300000)
 Metaspace       used 38252K, committed 39424K, reserved 1114112K
  class space    used 4041K, committed 4608K, reserved 1048576K
}
Event: 4.375 GC heap before
{Heap before GC invocations=18 (full 2):
 PSYoungGen      total 24064K, used 24056K [0x00000000d5580000, 0x00000000d7a00000, 0x0000000100000000)
  eden space 22016K, 100% used [0x00000000d5580000,0x00000000d6b00000,0x00000000d6b00000)
  from space 2048K, 99% used [0x00000000d6e00000,0x00000000d6ffe280,0x00000000d7000000)
  to   space 7680K, 0% used [0x00000000d7280000,0x00000000d7280000,0x00000000d7a00000)
 ParOldGen       total 68608K, used 24857K [0x0000000080000000, 0x0000000084300000, 0x00000000d5580000)
  object space 68608K, 36% used [0x0000000080000000,0x0000000081846460,0x0000000084300000)
 Metaspace       used 40014K, committed 41344K, reserved 1114112K
  class space    used 4278K, committed 4864K, reserved 1048576K
}
Event: 4.377 GC heap after
{Heap after GC invocations=18 (full 2):
 PSYoungGen      total 23552K, used 1184K [0x00000000d5580000, 0x00000000d7400000, 0x0000000100000000)
  eden space 22016K, 0% used [0x00000000d5580000,0x00000000d5580000,0x00000000d6b00000)
  from space 1536K, 77% used [0x00000000d7280000,0x00000000d73a8000,0x00000000d7400000)
  to   space 3584K, 0% used [0x00000000d6d00000,0x00000000d6d00000,0x00000000d7080000)
 ParOldGen       total 68608K, used 26802K [0x0000000080000000, 0x0000000084300000, 0x00000000d5580000)
  object space 68608K, 39% used [0x0000000080000000,0x0000000081a2ca60,0x0000000084300000)
 Metaspace       used 40014K, committed 41344K, reserved 1114112K
  class space    used 4278K, committed 4864K, reserved 1048576K
}
Event: 4.727 GC heap before
{Heap before GC invocations=19 (full 2):
 PSYoungGen      total 23552K, used 23200K [0x00000000d5580000, 0x00000000d7400000, 0x0000000100000000)
  eden space 22016K, 100% used [0x00000000d5580000,0x00000000d6b00000,0x00000000d6b00000)
  from space 1536K, 77% used [0x00000000d7280000,0x00000000d73a8000,0x00000000d7400000)
  to   space 3584K, 0% used [0x00000000d6d00000,0x00000000d6d00000,0x00000000d7080000)
 ParOldGen       total 68608K, used 26802K [0x0000000080000000, 0x0000000084300000, 0x00000000d5580000)
  object space 68608K, 39% used [0x0000000080000000,0x0000000081a2ca60,0x0000000084300000)
 Metaspace       used 42632K, committed 43840K, reserved 1114112K
  class space    used 4606K, committed 5184K, reserved 1048576K
}
Event: 4.729 GC heap after
{Heap after GC invocations=19 (full 2):
 PSYoungGen      total 25600K, used 1184K [0x00000000d5580000, 0x00000000d7300000, 0x0000000100000000)
  eden space 22016K, 0% used [0x00000000d5580000,0x00000000d5580000,0x00000000d6b00000)
  from space 3584K, 33% used [0x00000000d6d00000,0x00000000d6e28000,0x00000000d7080000)
  to   space 1536K, 0% used [0x00000000d7180000,0x00000000d7180000,0x00000000d7300000)
 ParOldGen       total 68608K, used 27778K [0x0000000080000000, 0x0000000084300000, 0x00000000d5580000)
  object space 68608K, 40% used [0x0000000080000000,0x0000000081b20a70,0x0000000084300000)
 Metaspace       used 42632K, committed 43840K, reserved 1114112K
  class space    used 4606K, committed 5184K, reserved 1048576K
}

Dll operation events (10 events):
Event: 0.006 Loaded shared library c:\Users\Shaik\.vscode\extensions\redhat.java-1.45.0-win32-x64\jre\21.0.8-win32-x86_64\bin\java.dll
Event: 0.050 Loaded shared library c:\Users\Shaik\.vscode\extensions\redhat.java-1.45.0-win32-x64\jre\21.0.8-win32-x86_64\bin\zip.dll
Event: 0.063 Loaded shared library C:\Users\Shaik\.vscode\extensions\redhat.java-1.45.0-win32-x64\jre\21.0.8-win32-x86_64\bin\instrument.dll
Event: 0.066 Loaded shared library C:\Users\Shaik\.vscode\extensions\redhat.java-1.45.0-win32-x64\jre\21.0.8-win32-x86_64\bin\net.dll
Event: 0.067 Loaded shared library C:\Users\Shaik\.vscode\extensions\redhat.java-1.45.0-win32-x64\jre\21.0.8-win32-x86_64\bin\nio.dll
Event: 0.069 Loaded shared library C:\Users\Shaik\.vscode\extensions\redhat.java-1.45.0-win32-x64\jre\21.0.8-win32-x86_64\bin\zip.dll
Event: 0.081 Loaded shared library C:\Users\Shaik\.vscode\extensions\redhat.java-1.45.0-win32-x64\jre\21.0.8-win32-x86_64\bin\jimage.dll
Event: 0.141 Loaded shared library c:\Users\Shaik\.vscode\extensions\redhat.java-1.45.0-win32-x64\jre\21.0.8-win32-x86_64\bin\verify.dll
Event: 1.022 Loaded shared library C:\Users\Shaik\AppData\Roaming\Code\User\globalStorage\redhat.java\1.45.0\config_win\org.eclipse.equinox.launcher\org.eclipse.equinox.launcher.win32.win32.x86_64_1.2.1400.v20250801-0854\eclipse_11916.dll
Event: 2.239 Loaded shared library C:\Users\Shaik\AppData\Local\Temp\jna-79847086\jna7100593348016001239.dll

Deoptimization events (20 events):
Event: 4.755 Thread 0x000001a7e52e0d30 Uncommon trap: trap_request=0xffffffde fr.pc=0x000001a7d286abb4 relative=0x0000000000000614
Event: 4.755 Thread 0x000001a7e52e0d30 Uncommon trap: reason=class_check action=maybe_recompile pc=0x000001a7d286abb4 method=java.util.TreeMap.put(Ljava/lang/Object;Ljava/lang/Object;Z)Ljava/lang/Object; @ 118 c2
Event: 4.755 Thread 0x000001a7e52e0d30 DEOPT PACKING pc=0x000001a7d286abb4 sp=0x0000008b528fe140
Event: 4.755 Thread 0x000001a7e52e0d30 DEOPT UNPACKING pc=0x000001a7d2133aa2 sp=0x0000008b528fe0d0 mode 2
Event: 4.755 Thread 0x000001a7e52e0d30 Uncommon trap: trap_request=0xffffffde fr.pc=0x000001a7d286abb4 relative=0x0000000000000614
Event: 4.755 Thread 0x000001a7e52e0d30 Uncommon trap: reason=class_check action=maybe_recompile pc=0x000001a7d286abb4 method=java.util.TreeMap.put(Ljava/lang/Object;Ljava/lang/Object;Z)Ljava/lang/Object; @ 118 c2
Event: 4.755 Thread 0x000001a7e52e0d30 DEOPT PACKING pc=0x000001a7d286abb4 sp=0x0000008b528fe140
Event: 4.755 Thread 0x000001a7e52e0d30 DEOPT UNPACKING pc=0x000001a7d2133aa2 sp=0x0000008b528fe0d0 mode 2
Event: 4.755 Thread 0x000001a7e52e0d30 Uncommon trap: trap_request=0xffffffde fr.pc=0x000001a7d286abb4 relative=0x0000000000000614
Event: 4.755 Thread 0x000001a7e52e0d30 Uncommon trap: reason=class_check action=maybe_recompile pc=0x000001a7d286abb4 method=java.util.TreeMap.put(Ljava/lang/Object;Ljava/lang/Object;Z)Ljava/lang/Object; @ 118 c2
Event: 4.755 Thread 0x000001a7e52e0d30 DEOPT PACKING pc=0x000001a7d286abb4 sp=0x0000008b528fe140
Event: 4.755 Thread 0x000001a7e52e0d30 DEOPT UNPACKING pc=0x000001a7d2133aa2 sp=0x0000008b528fe0d0 mode 2
Event: 4.775 Thread 0x000001a7e52e0d30 Uncommon trap: trap_request=0xffffff45 fr.pc=0x000001a7d27ce904 relative=0x00000000000002a4
Event: 4.775 Thread 0x000001a7e52e0d30 Uncommon trap: reason=unstable_if action=reinterpret pc=0x000001a7d27ce904 method=java.lang.ClassLoader.checkName(Ljava/lang/String;)Z @ 1 c2
Event: 4.775 Thread 0x000001a7e52e0d30 DEOPT PACKING pc=0x000001a7d27ce904 sp=0x0000008b528fdf10
Event: 4.775 Thread 0x000001a7e52e0d30 DEOPT UNPACKING pc=0x000001a7d2133aa2 sp=0x0000008b528fdea8 mode 2
Event: 4.775 Thread 0x000001a7e52e0d30 Uncommon trap: trap_request=0xffffff45 fr.pc=0x000001a7d2736948 relative=0x0000000000000f88
Event: 4.775 Thread 0x000001a7e52e0d30 Uncommon trap: reason=unstable_if action=reinterpret pc=0x000001a7d2736948 method=lombok.patcher.ScriptManager$OurClassFileTransformer.transform(Ljava/lang/ClassLoader;Ljava/lang/String;Ljava/lang/Class;Ljava/security/ProtectionDomain;[B)[B @ 1 c2
Event: 4.775 Thread 0x000001a7e52e0d30 DEOPT PACKING pc=0x000001a7d2736948 sp=0x0000008b528fcb60
Event: 4.775 Thread 0x000001a7e52e0d30 DEOPT UNPACKING pc=0x000001a7d2133aa2 sp=0x0000008b528fcae0 mode 2

Classes loaded (20 events):
Event: 4.146 Loading class java/lang/invoke/MethodHandleImpl$CountingWrapper
Event: 4.146 Loading class java/lang/invoke/MethodHandleImpl$CountingWrapper done
Event: 4.343 Loading class sun/reflect/annotation/AnnotatedTypeFactory$AnnotatedParameterizedTypeImpl
Event: 4.343 Loading class java/lang/reflect/AnnotatedParameterizedType
Event: 4.343 Loading class java/lang/reflect/AnnotatedParameterizedType done
Event: 4.343 Loading class sun/reflect/annotation/AnnotatedTypeFactory$AnnotatedParameterizedTypeImpl done
Event: 4.488 Loading class sun/reflect/generics/scope/ConstructorScope
Event: 4.488 Loading class sun/reflect/generics/scope/ConstructorScope done
Event: 4.488 Loading class sun/reflect/generics/tree/VoidDescriptor
Event: 4.488 Loading class sun/reflect/generics/tree/VoidDescriptor done
Event: 4.547 Loading class java/util/concurrent/CompletionService
Event: 4.547 Loading class java/util/concurrent/CompletionService done
Event: 4.632 Loading class java/nio/channels/ServerSocketChannel
Event: 4.633 Loading class java/nio/channels/ServerSocketChannel done
Event: 4.748 Loading class java/lang/ExceptionInInitializerError
Event: 4.748 Loading class java/lang/ExceptionInInitializerError done
Event: 4.749 Loading class sun/misc/Unsafe
Event: 4.749 Loading class sun/misc/Unsafe done
Event: 4.774 Loading class jdk/internal/org/objectweb/asm/ClassReader
Event: 4.775 Loading class jdk/internal/org/objectweb/asm/ClassReader done

Classes unloaded (7 events):
Event: 2.648 Thread 0x000001a7c7a5eb70 Unloading class 0x000001a7811a4800 'java/lang/invoke/LambdaForm$MH+0x000001a7811a4800'
Event: 2.648 Thread 0x000001a7c7a5eb70 Unloading class 0x000001a7811a4400 'java/lang/invoke/LambdaForm$MH+0x000001a7811a4400'
Event: 2.648 Thread 0x000001a7c7a5eb70 Unloading class 0x000001a7811a4000 'java/lang/invoke/LambdaForm$MH+0x000001a7811a4000'
Event: 2.648 Thread 0x000001a7c7a5eb70 Unloading class 0x000001a7811a3c00 'java/lang/invoke/LambdaForm$MH+0x000001a7811a3c00'
Event: 2.648 Thread 0x000001a7c7a5eb70 Unloading class 0x000001a7811a3800 'java/lang/invoke/LambdaForm$BMH+0x000001a7811a3800'
Event: 2.648 Thread 0x000001a7c7a5eb70 Unloading class 0x000001a7811a3400 'java/lang/invoke/LambdaForm$DMH+0x000001a7811a3400'
Event: 2.648 Thread 0x000001a7c7a5eb70 Unloading class 0x000001a7811a2000 'java/lang/invoke/LambdaForm$DMH+0x000001a7811a2000'

Classes redefined (0 events):
No events

Internal exceptions (20 events):
Event: 3.737 Thread 0x000001a7e52e1a50 Exception <a 'sun/nio/fs/WindowsException'{0x00000000d5730fd8}> (0x00000000d5730fd8) 
thrown [s\src\hotspot\share\prims\jni.cpp, line 520]
Event: 3.761 Thread 0x000001a7e52e1a50 Exception <a 'java/io/FileNotFoundException'{0x00000000d58eb070}> (0x00000000d58eb070) 
thrown [s\src\hotspot\share\prims\jni.cpp, line 520]
Event: 3.761 Thread 0x000001a7e52e1a50 Exception <a 'java/io/FileNotFoundException'{0x00000000d58ec2e0}> (0x00000000d58ec2e0) 
thrown [s\src\hotspot\share\prims\jni.cpp, line 520]
Event: 3.763 Thread 0x000001a7e52e1a50 Exception <a 'java/lang/NoSuchMethodError'{0x00000000d5959ef8}: 'java.lang.Object java.lang.invoke.DirectMethodHandle$Holder.newInvokeSpecial(java.lang.Object, java.lang.Object, java.lang.Object, int)'> (0x00000000d5959ef8) 
thrown [s\src\hotspot\share\interpreter\linkResolver.cpp, line 773]
Event: 3.764 Thread 0x000001a7e52e1a50 Exception <a 'java/lang/NoSuchMethodError'{0x00000000d595dbb0}: 'java.lang.Object java.lang.invoke.DirectMethodHandle$Holder.invokeSpecial(java.lang.Object, java.lang.Object, java.lang.Object, java.lang.Object, int)'> (0x00000000d595dbb0) 
thrown [s\src\hotspot\share\interpreter\linkResolver.cpp, line 773]
Event: 3.764 Thread 0x000001a7e52e1a50 Exception <a 'java/lang/NoSuchMethodError'{0x00000000d5961058}: 'java.lang.Object java.lang.invoke.Invokers$Holder.linkToTargetMethod(java.lang.Object, java.lang.Object, int, java.lang.Object)'> (0x00000000d5961058) 
thrown [s\src\hotspot\share\interpreter\linkResolver.cpp, line 773]
Event: 3.766 Thread 0x000001a7e52e1a50 Exception <a 'java/lang/NoSuchMethodError'{0x00000000d59839c0}: 'void java.lang.invoke.DirectMethodHandle$Holder.invokeStaticInit(java.lang.Object, java.lang.Object, java.lang.Object)'> (0x00000000d59839c0) 
thrown [s\src\hotspot\share\interpreter\linkResolver.cpp, line 773]
Event: 3.806 Thread 0x000001a7e52e0d30 Exception <a 'java/lang/NoSuchMethodError'{0x00000000d5cd2648}: 'java.lang.Object java.lang.invoke.DirectMethodHandle$Holder.invokeSpecialIFC(java.lang.Object, java.lang.Object, java.lang.Object, java.lang.Object)'> (0x00000000d5cd2648) 
thrown [s\src\hotspot\share\interpreter\linkResolver.cpp, line 773]
Event: 4.005 Thread 0x000001a7e52e0d30 Exception <a 'java/lang/NoClassDefFoundError'{0x00000000d59bd7d8}: javax/enterprise/inject/Typed> (0x00000000d59bd7d8) 
thrown [s\src\hotspot\share\classfile\systemDictionary.cpp, line 301]
Event: 4.018 Thread 0x000001a7e52e1a50 Exception <a 'java/io/FileNotFoundException'{0x00000000d5a867c0}> (0x00000000d5a867c0) 
thrown [s\src\hotspot\share\prims\jni.cpp, line 520]
Event: 4.018 Thread 0x000001a7e52e1a50 Exception <a 'java/io/FileNotFoundException'{0x00000000d5a87508}> (0x00000000d5a87508) 
thrown [s\src\hotspot\share\prims\jni.cpp, line 520]
Event: 4.119 Thread 0x000001a7e80b9f10 Exception <a 'java/io/FileNotFoundException'{0x00000000d57be778}> (0x00000000d57be778) 
thrown [s\src\hotspot\share\prims\jni.cpp, line 520]
Event: 4.145 Thread 0x000001a7e80b9f10 Exception <a 'java/lang/NoSuchMethodError'{0x00000000d5af7868}: 'java.lang.Object java.lang.invoke.DirectMethodHandle$Holder.invokeStatic(java.lang.Object, int, java.lang.Object, java.lang.Object)'> (0x00000000d5af7868) 
thrown [s\src\hotspot\share\interpreter\linkResolver.cpp, line 773]
Event: 4.146 Thread 0x000001a7e80b9f10 Exception <a 'java/lang/NoSuchMethodError'{0x00000000d5b21e50}: 'java.lang.Object java.lang.invoke.DelegatingMethodHandle$Holder.delegate(java.lang.Object, int, java.lang.Object, java.lang.Object)'> (0x00000000d5b21e50) 
thrown [s\src\hotspot\share\interpreter\linkResolver.cpp, line 773]
Event: 4.147 Thread 0x000001a7e80b9f10 Implicit null exception at 0x000001a7d2836676 to 0x000001a7d2836998
Event: 4.149 Thread 0x000001a7e80b9f10 Exception <a 'java/lang/NoSuchMethodError'{0x00000000d5b5b9d8}: 'int java.lang.invoke.Invokers$Holder.linkToTargetMethod(java.lang.Object, java.lang.Object, java.lang.Object)'> (0x00000000d5b5b9d8) 
thrown [s\src\hotspot\share\interpreter\linkResolver.cpp, line 773]
Event: 4.750 Thread 0x000001a7e52e0d30 Exception <a 'java/lang/ExceptionInInitializerError'{0x00000000d56ea780}> (0x00000000d56ea780) 
thrown [s\src\hotspot\share\oops\instanceKlass.cpp, line 1220]
Event: 4.775 Thread 0x000001a7e52e0d30 Implicit null exception at 0x000001a7d27ce67e to 0x000001a7d27ce8f0
Event: 4.775 Thread 0x000001a7e52e0d30 Implicit null exception at 0x000001a7d2735a1c to 0x000001a7d2736938
Event: 4.777 Thread 0x000001a7e52e0d30 Exception <a 'java/lang/NoSuchMethodError'{0x00000000d589f410}: 'java.lang.Object java.lang.invoke.Invokers$Holder.invokeExact_MT(java.lang.Object, int, java.lang.Object)'> (0x00000000d589f410) 
thrown [s\src\hotspot\share\interpreter\linkResolver.cpp, line 773]

ZGC Phase Switch (0 events):
No events

VM Operations (20 events):
Event: 3.780 Executing VM operation: HandshakeAllThreads (Deoptimize)
Event: 3.781 Executing VM operation: HandshakeAllThreads (Deoptimize) done
Event: 3.952 Executing VM operation: ParallelGCFailedAllocation (Allocation Failure)
Event: 3.955 Executing VM operation: ParallelGCFailedAllocation (Allocation Failure) done
Event: 3.998 Executing VM operation: HandshakeAllThreads (Deoptimize)
Event: 3.998 Executing VM operation: HandshakeAllThreads (Deoptimize) done
Event: 4.097 Executing VM operation: ParallelGCFailedAllocation (Allocation Failure)
Event: 4.100 Executing VM operation: ParallelGCFailedAllocation (Allocation Failure) done
Event: 4.107 Executing VM operation: HandshakeAllThreads (Deoptimize)
Event: 4.107 Executing VM operation: HandshakeAllThreads (Deoptimize) done
Event: 4.375 Executing VM operation: ParallelGCFailedAllocation (Allocation Failure)
Event: 4.377 Executing VM operation: ParallelGCFailedAllocation (Allocation Failure) done
Event: 4.428 Executing VM operation: HandshakeAllThreads (Deoptimize)
Event: 4.428 Executing VM operation: HandshakeAllThreads (Deoptimize) done
Event: 4.482 Executing VM operation: HandshakeAllThreads (Deoptimize)
Event: 4.482 Executing VM operation: HandshakeAllThreads (Deoptimize) done
Event: 4.727 Executing VM operation: ParallelGCFailedAllocation (Allocation Failure)
Event: 4.729 Executing VM operation: ParallelGCFailedAllocation (Allocation Failure) done
Event: 4.812 Executing VM operation: HandshakeAllThreads (Deoptimize)
Event: 4.812 Executing VM operation: HandshakeAllThreads (Deoptimize) done

Memory protections (0 events):
No events

Nmethod flushes (20 events):
Event: 3.706 Thread 0x000001a7c7a5eb70 flushing  nmethod 0x000001a7cb204c90
Event: 3.706 Thread 0x000001a7c7a5eb70 flushing  nmethod 0x000001a7cb205090
Event: 3.706 Thread 0x000001a7c7a5eb70 flushing  nmethod 0x000001a7cb205990
Event: 3.706 Thread 0x000001a7c7a5eb70 flushing  nmethod 0x000001a7cb206b90
Event: 3.706 Thread 0x000001a7c7a5eb70 flushing  nmethod 0x000001a7cb207790
Event: 3.706 Thread 0x000001a7c7a5eb70 flushing  nmethod 0x000001a7cb207f10
Event: 3.706 Thread 0x000001a7c7a5eb70 flushing  nmethod 0x000001a7cb20a010
Event: 3.706 Thread 0x000001a7c7a5eb70 flushing  nmethod 0x000001a7cb20a510
Event: 3.706 Thread 0x000001a7c7a5eb70 flushing  nmethod 0x000001a7cb20be10
Event: 3.706 Thread 0x000001a7c7a5eb70 flushing  nmethod 0x000001a7cb20c290
Event: 3.706 Thread 0x000001a7c7a5eb70 flushing  nmethod 0x000001a7cb215590
Event: 3.706 Thread 0x000001a7c7a5eb70 flushing  nmethod 0x000001a7cb216410
Event: 3.706 Thread 0x000001a7c7a5eb70 flushing  nmethod 0x000001a7cb226710
Event: 3.706 Thread 0x000001a7c7a5eb70 flushing  nmethod 0x000001a7cb23fc90
Event: 3.706 Thread 0x000001a7c7a5eb70 flushing  nmethod 0x000001a7cb24a590
Event: 3.706 Thread 0x000001a7c7a5eb70 flushing  nmethod 0x000001a7cb253690
Event: 3.706 Thread 0x000001a7c7a5eb70 flushing  nmethod 0x000001a7cb25dd90
Event: 3.706 Thread 0x000001a7c7a5eb70 flushing  nmethod 0x000001a7cb2fac90
Event: 3.706 Thread 0x000001a7c7a5eb70 flushing  nmethod 0x000001a7cb2fb110
Event: 3.706 Thread 0x000001a7c7a5eb70 flushing  nmethod 0x000001a7cb313d90

Events (20 events):
Event: 3.485 Thread 0x000001a7c79bd150 Thread added: 0x000001a7e80b7e40
Event: 3.485 Thread 0x000001a7c79bd150 Thread added: 0x000001a7e80b84d0
Event: 3.485 Thread 0x000001a7c79bd150 Thread added: 0x000001a7e80b8b60
Event: 3.486 Thread 0x000001a7c79bd150 Thread added: 0x000001a7e80b7120
Event: 3.486 Thread 0x000001a7c79bd150 Thread added: 0x000001a7e80b91f0
Event: 3.486 Thread 0x000001a7c79bd150 Thread added: 0x000001a7e80b77b0
Event: 3.504 Thread 0x000001a7c79bd150 Thread added: 0x000001a7e80b5d70
Event: 3.749 Thread 0x000001a7c79bd150 Thread added: 0x000001a7e80b9880
Event: 3.749 Thread 0x000001a7c79bd150 Thread added: 0x000001a7e80b9f10
Event: 4.021 Thread 0x000001a7e52e1a50 Thread added: 0x000001a7e80bac30
Event: 4.022 Thread 0x000001a7e52e1a50 Thread added: 0x000001a7e80bb2c0
Event: 4.024 Thread 0x000001a7e80bac30 Thread added: 0x000001a7e80ba5a0
Event: 4.025 Thread 0x000001a7e80bb2c0 Thread added: 0x000001a7e7e73030
Event: 4.026 Thread 0x000001a7e80ba5a0 Thread added: 0x000001a7e7e73d50
Event: 4.028 Thread 0x000001a7e7e73030 Thread added: 0x000001a7e7e75790
Event: 4.028 Thread 0x000001a7e7e73d50 Thread added: 0x000001a7e7e75100
Event: 4.029 Thread 0x000001a7e7e75790 Thread added: 0x000001a7e7e72310
Event: 4.029 Thread 0x000001a7e7e75100 Thread added: 0x000001a7e7e74a70
Event: 4.030 Thread 0x000001a7e7e72310 Thread added: 0x000001a7e7e743e0
Event: 4.031 Thread 0x000001a7e7e74a70 Thread added: 0x000001a7e7e75e20


Dynamic libraries:
0x00007ff7e67c0000 - 0x00007ff7e67ce000 	c:\Users\Shaik\.vscode\extensions\redhat.java-1.45.0-win32-x64\jre\21.0.8-win32-x86_64\bin\java.exe
0x00007ffe80e80000 - 0x00007ffe810e9000 	C:\WINDOWS\SYSTEM32\ntdll.dll
0x00007ffe80390000 - 0x00007ffe80459000 	C:\WINDOWS\System32\KERNEL32.DLL
0x00007ffe7e2c0000 - 0x00007ffe7e6b3000 	C:\WINDOWS\System32\KERNELBASE.dll
0x00007ffe7e780000 - 0x00007ffe7e8cb000 	C:\WINDOWS\System32\ucrtbase.dll
0x00007ffe33230000 - 0x00007ffe33248000 	c:\Users\Shaik\.vscode\extensions\redhat.java-1.45.0-win32-x64\jre\21.0.8-win32-x86_64\bin\jli.dll
0x00007ffe33ea0000 - 0x00007ffe33ebe000 	c:\Users\Shaik\.vscode\extensions\redhat.java-1.45.0-win32-x64\jre\21.0.8-win32-x86_64\bin\VCRUNTIME140.dll
0x00007ffe80700000 - 0x00007ffe808c4000 	C:\WINDOWS\System32\USER32.dll
0x00007ffe7e8d0000 - 0x00007ffe7e8f7000 	C:\WINDOWS\System32\win32u.dll
0x00007ffe5b3a0000 - 0x00007ffe5b633000 	C:\WINDOWS\WinSxS\amd64_microsoft.windows.common-controls_6595b64144ccf1df_6.0.26100.5074_none_3e0d6f78e32fd63f\COMCTL32.dll
0x00007ffe80a90000 - 0x00007ffe80abb000 	C:\WINDOWS\System32\GDI32.dll
0x00007ffe7f890000 - 0x00007ffe7f939000 	C:\WINDOWS\System32\msvcrt.dll
0x00007ffe7e190000 - 0x00007ffe7e2bd000 	C:\WINDOWS\System32\gdi32full.dll
0x00007ffe7e9a0000 - 0x00007ffe7ea43000 	C:\WINDOWS\System32\msvcp_win.dll
0x00007ffe7efe0000 - 0x00007ffe7f00f000 	C:\WINDOWS\System32\IMM32.DLL
0x00007ffe6bfd0000 - 0x00007ffe6bfdc000 	c:\Users\Shaik\.vscode\extensions\redhat.java-1.45.0-win32-x64\jre\21.0.8-win32-x86_64\bin\vcruntime140_1.dll
0x00007ffdf8b30000 - 0x00007ffdf8bbd000 	c:\Users\Shaik\.vscode\extensions\redhat.java-1.45.0-win32-x64\jre\21.0.8-win32-x86_64\bin\msvcp140.dll
0x00007ffdf4e20000 - 0x00007ffdf5bb7000 	c:\Users\Shaik\.vscode\extensions\redhat.java-1.45.0-win32-x64\jre\21.0.8-win32-x86_64\bin\server\jvm.dll
0x00007ffe808d0000 - 0x00007ffe80984000 	C:\WINDOWS\System32\ADVAPI32.dll
0x00007ffe7f680000 - 0x00007ffe7f726000 	C:\WINDOWS\System32\sechost.dll
0x00007ffe7fa50000 - 0x00007ffe7fb68000 	C:\WINDOWS\System32\RPCRT4.dll
0x00007ffe80310000 - 0x00007ffe80384000 	C:\WINDOWS\System32\WS2_32.dll
0x00007ffe7de70000 - 0x00007ffe7dece000 	C:\WINDOWS\SYSTEM32\POWRPROF.dll
0x00007ffe72c00000 - 0x00007ffe72c35000 	C:\WINDOWS\SYSTEM32\WINMM.dll
0x00007ffe6a4b0000 - 0x00007ffe6a4bb000 	C:\WINDOWS\SYSTEM32\VERSION.dll
0x00007ffe7de50000 - 0x00007ffe7de64000 	C:\WINDOWS\SYSTEM32\UMPDC.dll
0x00007ffe7cdd0000 - 0x00007ffe7cdeb000 	C:\WINDOWS\SYSTEM32\kernel.appcore.dll
0x00007ffe5e580000 - 0x00007ffe5e58a000 	c:\Users\Shaik\.vscode\extensions\redhat.java-1.45.0-win32-x64\jre\21.0.8-win32-x86_64\bin\jimage.dll
0x00007ffe7b830000 - 0x00007ffe7ba72000 	C:\WINDOWS\SYSTEM32\DBGHELP.DLL
0x00007ffe80ac0000 - 0x00007ffe80e3b000 	C:\WINDOWS\System32\combase.dll
0x00007ffe804c0000 - 0x00007ffe80597000 	C:\WINDOWS\System32\OLEAUT32.dll
0x00007ffe59e60000 - 0x00007ffe59e9d000 	C:\WINDOWS\SYSTEM32\dbgcore.DLL
0x00007ffe7e900000 - 0x00007ffe7e999000 	C:\WINDOWS\System32\bcryptPrimitives.dll
0x00007ffe4e930000 - 0x00007ffe4e93f000 	c:\Users\Shaik\.vscode\extensions\redhat.java-1.45.0-win32-x64\jre\21.0.8-win32-x86_64\bin\instrument.dll
0x00007ffe31cd0000 - 0x00007ffe31cef000 	c:\Users\Shaik\.vscode\extensions\redhat.java-1.45.0-win32-x64\jre\21.0.8-win32-x86_64\bin\java.dll
0x00007ffe7fb70000 - 0x00007ffe802bd000 	C:\WINDOWS\System32\SHELL32.dll
0x00007ffe7eae0000 - 0x00007ffe7ec4c000 	C:\WINDOWS\System32\wintypes.dll
0x00007ffe7bc40000 - 0x00007ffe7c499000 	C:\WINDOWS\SYSTEM32\windows.storage.dll
0x00007ffe80990000 - 0x00007ffe80a80000 	C:\WINDOWS\System32\SHCORE.dll
0x00007ffe80620000 - 0x00007ffe80682000 	C:\WINDOWS\System32\shlwapi.dll
0x00007ffe7df30000 - 0x00007ffe7df59000 	C:\WINDOWS\SYSTEM32\profapi.dll
0x00007ffe31b80000 - 0x00007ffe31b98000 	c:\Users\Shaik\.vscode\extensions\redhat.java-1.45.0-win32-x64\jre\21.0.8-win32-x86_64\bin\zip.dll
0x00007ffe4e810000 - 0x00007ffe4e820000 	C:\Users\Shaik\.vscode\extensions\redhat.java-1.45.0-win32-x64\jre\21.0.8-win32-x86_64\bin\net.dll
0x00007ffe757c0000 - 0x00007ffe758df000 	C:\WINDOWS\SYSTEM32\WINHTTP.dll
0x00007ffe7d370000 - 0x00007ffe7d3db000 	C:\WINDOWS\system32\mswsock.dll
0x00007ffe31a70000 - 0x00007ffe31a86000 	C:\Users\Shaik\.vscode\extensions\redhat.java-1.45.0-win32-x64\jre\21.0.8-win32-x86_64\bin\nio.dll
0x00007ffe47610000 - 0x00007ffe47620000 	c:\Users\Shaik\.vscode\extensions\redhat.java-1.45.0-win32-x64\jre\21.0.8-win32-x86_64\bin\verify.dll
0x00007ffe38400000 - 0x00007ffe38444000 	C:\Users\Shaik\AppData\Roaming\Code\User\globalStorage\redhat.java\1.45.0\config_win\org.eclipse.equinox.launcher\org.eclipse.equinox.launcher.win32.win32.x86_64_1.2.1400.v20250801-0854\eclipse_11916.dll
0x00007ffe7ec50000 - 0x00007ffe7ede8000 	C:\WINDOWS\System32\ole32.dll
0x00007ffe7d610000 - 0x00007ffe7d62b000 	C:\WINDOWS\SYSTEM32\CRYPTSP.dll
0x00007ffe7cd30000 - 0x00007ffe7cd6b000 	C:\WINDOWS\system32\rsaenh.dll
0x00007ffe7d410000 - 0x00007ffe7d43b000 	C:\WINDOWS\SYSTEM32\USERENV.dll
0x00007ffe7df00000 - 0x00007ffe7df26000 	C:\WINDOWS\SYSTEM32\bcrypt.dll
0x00007ffe7d630000 - 0x00007ffe7d63c000 	C:\WINDOWS\SYSTEM32\CRYPTBASE.dll
0x00007ffe7c7b0000 - 0x00007ffe7c7e4000 	C:\WINDOWS\SYSTEM32\IPHLPAPI.DLL
0x00007ffe7efd0000 - 0x00007ffe7efda000 	C:\WINDOWS\System32\NSI.dll
0x00007ffe6bfe0000 - 0x00007ffe6c029000 	C:\Users\Shaik\AppData\Local\Temp\jna-79847086\jna7100593348016001239.dll
0x00007ffe7f940000 - 0x00007ffe7f948000 	C:\WINDOWS\System32\PSAPI.DLL
0x00007ffe75990000 - 0x00007ffe759ae000 	C:\WINDOWS\SYSTEM32\dhcpcsvc6.DLL
0x00007ffe75960000 - 0x00007ffe75983000 	C:\WINDOWS\SYSTEM32\dhcpcsvc.DLL

JVMTI agents:
c:\Users\Shaik\.vscode\extensions\redhat.java-1.45.0-win32-x64\lombok\lombok-1.18.39-4050.jar path:c:\Users\Shaik\.vscode\extensions\redhat.java-1.45.0-win32-x64\jre\21.0.8-win32-x86_64\bin\instrument.dll, loaded, initialized, instrumentlib options:none

dbghelp: loaded successfully - version: 4.0.5 - missing functions: none
symbol engine: initialized successfully - sym options: 0x614 - pdb path: .;c:\Users\Shaik\.vscode\extensions\redhat.java-1.45.0-win32-x64\jre\21.0.8-win32-x86_64\bin;C:\WINDOWS\SYSTEM32;C:\WINDOWS\WinSxS\amd64_microsoft.windows.common-controls_6595b64144ccf1df_6.0.26100.5074_none_3e0d6f78e32fd63f;c:\Users\Shaik\.vscode\extensions\redhat.java-1.45.0-win32-x64\jre\21.0.8-win32-x86_64\bin\server;C:\Users\Shaik\AppData\Roaming\Code\User\globalStorage\redhat.java\1.45.0\config_win\org.eclipse.equinox.launcher\org.eclipse.equinox.launcher.win32.win32.x86_64_1.2.1400.v20250801-0854;C:\Users\Shaik\AppData\Local\Temp\jna-79847086

VM Arguments:
jvm_args: --add-modules=ALL-SYSTEM --add-opens=java.base/java.util=ALL-UNNAMED --add-opens=java.base/java.lang=ALL-UNNAMED --add-opens=java.base/sun.nio.fs=ALL-UNNAMED -Declipse.application=org.eclipse.jdt.ls.core.id1 -Dosgi.bundles.defaultStartLevel=4 -Declipse.product=org.eclipse.jdt.ls.core.product -Djava.import.generatesMetadataFilesAtProjectRoot=false -DDetectVMInstallationsJob.disabled=true -Dfile.encoding=utf8 -XX:+UseParallelGC -XX:GCTimeRatio=4 -XX:AdaptiveSizePolicyWeight=90 -Dsun.zip.disableMemoryMapping=true -Xmx2G -Xms100m -Xlog:disable -javaagent:c:\Users\Shaik\.vscode\extensions\redhat.java-1.45.0-win32-x64\lombok\lombok-1.18.39-4050.jar -XX:+HeapDumpOnOutOfMemoryError -XX:HeapDumpPath=c:\Users\Shaik\AppData\Roaming\Code\User\workspaceStorage\afca35b473cf894c4c28a104f8da3bc1\redhat.java -Daether.dependencyCollector.impl=bf 
java_command: c:\Users\Shaik\.vscode\extensions\redhat.java-1.45.0-win32-x64\server\plugins\org.eclipse.equinox.launcher_1.7.0.v20250519-0528.jar -configuration c:\Users\Shaik\AppData\Roaming\Code\User\globalStorage\redhat.java\1.45.0\config_win -data c:\Users\Shaik\AppData\Roaming\Code\User\workspaceStorage\afca35b473cf894c4c28a104f8da3bc1\redhat.java\jdt_ws --pipe=\\.\pipe\lsp-4df22f687aebbde6ebf048a2f84f4a07-sock
java_class_path (initial): c:\Users\Shaik\.vscode\extensions\redhat.java-1.45.0-win32-x64\server\plugins\org.eclipse.equinox.launcher_1.7.0.v20250519-0528.jar
Launcher Type: SUN_STANDARD

[Global flags]
    uintx AdaptiveSizePolicyWeight                 = 90                                        {product} {command line}
     intx CICompilerCount                          = 4                                         {product} {ergonomic}
    uintx GCTimeRatio                              = 4                                         {product} {command line}
     bool HeapDumpOnOutOfMemoryError               = true                                   {manageable} {command line}
    ccstr HeapDumpPath                             = c:\Users\Shaik\AppData\Roaming\Code\User\workspaceStorage\afca35b473cf894c4c28a104f8da3bc1\redhat.java         {manageable} {command line}
   size_t InitialHeapSize                          = 104857600                                 {product} {command line}
   size_t MaxHeapSize                              = 2147483648                                {product} {command line}
   size_t MaxNewSize                               = 715653120                                 {product} {ergonomic}
   size_t MinHeapDeltaBytes                        = 524288                                    {product} {ergonomic}
   size_t MinHeapSize                              = 104857600                                 {product} {command line}
   size_t NewSize                                  = 34603008                                  {product} {ergonomic}
    uintx NonNMethodCodeHeapSize                   = 5839372                                {pd product} {ergonomic}
    uintx NonProfiledCodeHeapSize                  = 122909434                              {pd product} {ergonomic}
   size_t OldSize                                  = 70254592                                  {product} {ergonomic}
    uintx ProfiledCodeHeapSize                     = 122909434                              {pd product} {ergonomic}
    uintx ReservedCodeCacheSize                    = 251658240                              {pd product} {ergonomic}
     bool SegmentedCodeCache                       = true                                      {product} {ergonomic}
   size_t SoftMaxHeapSize                          = 2147483648                             {manageable} {ergonomic}
     bool UseCompressedOops                        = true                           {product lp64_product} {ergonomic}
     bool UseLargePagesIndividualAllocation        = false                                  {pd product} {ergonomic}
     bool UseParallelGC                            = true                                      {product} {command line}

Logging:
Log output configuration:
 #0: stdout all=off uptime,level,tags foldmultilines=false
 #1: stderr all=off uptime,level,tags foldmultilines=false

Environment Variables:
JAVA_HOME=C:\Program Files\Java\jdk-21
PATH=C:\3-1\apache-maven-3.9.11-bin\apache-maven-3.9.11\bin;C:\Program Files\Java\jdk-21\bin;C:\Program Files\nodejs;C:\Program Files\Docker\Docker\resources\bin;C:\Program Files\Git\cmd;C:\Program Files\nodejs\;C:\Users\Shaik\Downloads\apache-maven-3.9.11\bin;C:\Users\Shaik\AppData\Local\Programs\Microsoft VS Code\bin;C:\Users\Shaik\AppData\Roaming\npm
USERNAME=Shaik
OS=Windows_NT
PROCESSOR_IDENTIFIER=Intel64 Family 6 Model 186 Stepping 3, GenuineIntel
TMP=C:\Users\Shaik\AppData\Local\Temp
TEMP=C:\Users\Shaik\AppData\Local\Temp




Periodic native trim disabled

---------------  S Y S T E M  ---------------

OS:
 Windows 11 , 64 bit Build 26100 (10.0.26100.5074)
OS uptime: 0 days 0:15 hours
Hyper-V role detected

CPU: total 12 (initial active 12) (6 cores per cpu, 2 threads per core) family 6 model 186 stepping 3 microcode 0x4128, cx8, cmov, fxsr, ht, mmx, 3dnowpref, sse, sse2, sse3, ssse3, sse4.1, sse4.2, popcnt, lzcnt, tsc, tscinvbit, avx, avx2, aes, erms, clmul, bmi1, bmi2, adx, sha, fma, vzeroupper, clflush, clflushopt, clwb, hv, serialize, rdtscp, rdpid, fsrm, f16c, cet_ibt, cet_ss
Processor Information for processor 0
  Max Mhz: 1300, Current Mhz: 1300, Mhz Limit: 1300
Processor Information for processor 1
  Max Mhz: 1300, Current Mhz: 1300, Mhz Limit: 1300
Processor Information for processor 2
  Max Mhz: 1300, Current Mhz: 1300, Mhz Limit: 1300
Processor Information for processor 3
  Max Mhz: 1300, Current Mhz: 1300, Mhz Limit: 1300
Processor Information for processor 4
  Max Mhz: 1300, Current Mhz: 900, Mhz Limit: 897
Processor Information for processor 5
  Max Mhz: 1300, Current Mhz: 900, Mhz Limit: 897
Processor Information for processor 6
  Max Mhz: 1300, Current Mhz: 900, Mhz Limit: 897
Processor Information for processor 7
  Max Mhz: 1300, Current Mhz: 900, Mhz Limit: 897
Processor Information for processor 8
  Max Mhz: 1300, Current Mhz: 900, Mhz Limit: 897
Processor Information for processor 9
  Max Mhz: 1300, Current Mhz: 900, Mhz Limit: 897
Processor Information for processor 10
  Max Mhz: 1300, Current Mhz: 900, Mhz Limit: 897
Processor Information for processor 11
  Max Mhz: 1300, Current Mhz: 900, Mhz Limit: 897

Memory: 4k page, system-wide physical 16095M (2824M free)
TotalPageFile size 16095M (AvailPageFile size 35M)
current process WorkingSet (physical memory assigned to process): 200M, peak: 228M
current process commit charge ("private bytes"): 322M, peak: 350M

vm_info: OpenJDK 64-Bit Server VM (21.0.8+9-LTS) for windows-amd64 JRE (21.0.8+9-LTS), built on 2025-07-15T00:00:00Z by "admin" with MS VC++ 17.7 (VS2022)

END.
