#
# There is insufficient memory for the Java Runtime Environment to continue.
# Native memory allocation (malloc) failed to allocate 32744 bytes. Error detail: Chunk::new
# Possible reasons:
#   The system is out of physical RAM or swap space
#   This process is running with CompressedOops enabled, and the Java Heap may be blocking the growth of the native heap
# Possible solutions:
#   Reduce memory load on the system
#   Increase physical memory or swap space
#   Check if swap backing store is full
#   Decrease Java heap size (-Xmx/-Xms)
#   Decrease number of Java threads
#   Decrease Java thread stack sizes (-Xss)
#   Set larger code cache with -XX:ReservedCodeCacheSize=
#   JVM is running with Unscaled Compressed Oops mode in which the Java heap is
#     placed in the first 4GB address space. The Java Heap base address is the
#     maximum limit for the native heap growth. Please use -XX:HeapBaseMinAddress
#     to set the Java Heap base and to place the Java Heap above 4GB virtual address.
# This output file may be truncated or incomplete.
#
#  Out of Memory Error (arena.cpp:168), pid=7836, tid=11036
#
# JRE version: OpenJDK Runtime Environment Temurin-21.0.8+9 (21.0.8+9) (build 21.0.8+9-LTS)
# Java VM: OpenJDK 64-Bit Server VM Temurin-21.0.8+9 (21.0.8+9-LTS, mixed mode, sharing, tiered, compressed oops, compressed class ptrs, parallel gc, windows-amd64)
# No core dump will be written. Minidumps are not enabled by default on client versions of Windows
#

---------------  S U M M A R Y ------------

Command Line: --add-modules=ALL-SYSTEM --add-opens=java.base/java.util=ALL-UNNAMED --add-opens=java.base/java.lang=ALL-UNNAMED --add-opens=java.base/sun.nio.fs=ALL-UNNAMED -Declipse.application=org.eclipse.jdt.ls.core.id1 -Dosgi.bundles.defaultStartLevel=4 -Declipse.product=org.eclipse.jdt.ls.core.product -Djava.import.generatesMetadataFilesAtProjectRoot=false -DDetectVMInstallationsJob.disabled=true -Dfile.encoding=utf8 -XX:+UseParallelGC -XX:GCTimeRatio=4 -XX:AdaptiveSizePolicyWeight=90 -Dsun.zip.disableMemoryMapping=true -Xmx2G -Xms100m -Xlog:disable -javaagent:c:\Users\Shaik\.vscode\extensions\redhat.java-1.45.0-win32-x64\lombok\lombok-1.18.39-4050.jar -XX:+HeapDumpOnOutOfMemoryError -XX:HeapDumpPath=c:\Users\Shaik\AppData\Roaming\Code\User\workspaceStorage\afca35b473cf894c4c28a104f8da3bc1\redhat.java -Daether.dependencyCollector.impl=bf c:\Users\Shaik\.vscode\extensions\redhat.java-1.45.0-win32-x64\server\plugins\org.eclipse.equinox.launcher_1.7.0.v20250519-0528.jar -configuration c:\Users\Shaik\AppData\Roaming\Code\User\globalStorage\redhat.java\1.45.0\config_win -data c:\Users\Shaik\AppData\Roaming\Code\User\workspaceStorage\afca35b473cf894c4c28a104f8da3bc1\redhat.java\jdt_ws --pipe=\\.\pipe\lsp-2de9654f9c2a12ae0e8bbbe9787b9436-sock

Host: 13th Gen Intel(R) Core(TM) i5-1335U, 12 cores, 15G,  Windows 11 , 64 bit Build 26100 (10.0.26100.5074)
Time: Tue Sep 23 16:31:55 2025 India Standard Time elapsed time: 8.701099 seconds (0d 0h 0m 8s)

---------------  T H R E A D  ---------------

Current thread (0x000001a241667020):  JavaThread "C2 CompilerThread1" daemon [_thread_in_native, id=11036, stack(0x00000076b2c00000,0x00000076b2d00000) (1024K)]


Current CompileTask:
C2:8701 4177       4       java.lang.Object::toString (36 bytes)

Stack: [0x00000076b2c00000,0x00000076b2d00000]
Native frames: (J=compiled Java code, j=interpreted, Vv=VM code, C=native code)
V  [jvm.dll+0x6d2449]
V  [jvm.dll+0x8ae341]
V  [jvm.dll+0x8b08be]
V  [jvm.dll+0x8b0fa3]
V  [jvm.dll+0x280c96]
V  [jvm.dll+0xc581d]
V  [jvm.dll+0xc5d53]
V  [jvm.dll+0x65adbb]
V  [jvm.dll+0x65af5f]
V  [jvm.dll+0x660a09]
V  [jvm.dll+0x6619f6]
V  [jvm.dll+0x65fd8e]
V  [jvm.dll+0x248d55]
V  [jvm.dll+0x2484af]
V  [jvm.dll+0x1c89ee]
V  [jvm.dll+0x257d4d]
V  [jvm.dll+0x2562ea]
V  [jvm.dll+0x3f2d16]
V  [jvm.dll+0x857e6b]
V  [jvm.dll+0x6d0b0d]
C  [ucrtbase.dll+0x37b0]
C  [KERNEL32.DLL+0x2e8d7]
C  [ntdll.dll+0x8d9c]


---------------  P R O C E S S  ---------------

Threads class SMR info:
_java_thread_list=0x000001a27f152030, length=22, elements={
0x000001a25fe3adf0, 0x000001a278cbc960, 0x000001a278cbe920, 0x000001a2622c2370,
0x000001a2622c57f0, 0x000001a2622c2a00, 0x000001a2622c3db0, 0x000001a2622ddeb0,
0x000001a2622de600, 0x000001a2622c4ad0, 0x000001a2622c3090, 0x000001a2622c4440,
0x000001a2622c5160, 0x000001a24132bc90, 0x000001a24132af70, 0x000001a24132a250,
0x000001a24132c9b0, 0x000001a24132d040, 0x000001a24132b600, 0x000001a24132dd60,
0x000001a24132a8e0, 0x000001a241667020
}

Java Threads: ( => current thread )
  0x000001a25fe3adf0 JavaThread "main"                              [_thread_blocked, id=21052, stack(0x00000076b0a00000,0x00000076b0b00000) (1024K)]
  0x000001a278cbc960 JavaThread "Reference Handler"          daemon [_thread_blocked, id=18132, stack(0x00000076b0e00000,0x00000076b0f00000) (1024K)]
  0x000001a278cbe920 JavaThread "Finalizer"                  daemon [_thread_blocked, id=10720, stack(0x00000076b0f00000,0x00000076b1000000) (1024K)]
  0x000001a2622c2370 JavaThread "Signal Dispatcher"          daemon [_thread_blocked, id=11044, stack(0x00000076b1000000,0x00000076b1100000) (1024K)]
  0x000001a2622c57f0 JavaThread "Attach Listener"            daemon [_thread_blocked, id=10096, stack(0x00000076b1100000,0x00000076b1200000) (1024K)]
  0x000001a2622c2a00 JavaThread "Service Thread"             daemon [_thread_blocked, id=15220, stack(0x00000076b1200000,0x00000076b1300000) (1024K)]
  0x000001a2622c3db0 JavaThread "Monitor Deflation Thread"   daemon [_thread_blocked, id=20064, stack(0x00000076b1300000,0x00000076b1400000) (1024K)]
  0x000001a2622ddeb0 JavaThread "C2 CompilerThread0"         daemon [_thread_in_native, id=7176, stack(0x00000076b1400000,0x00000076b1500000) (1024K)]
  0x000001a2622de600 JavaThread "C1 CompilerThread0"         daemon [_thread_blocked, id=12472, stack(0x00000076b1500000,0x00000076b1600000) (1024K)]
  0x000001a2622c4ad0 JavaThread "Common-Cleaner"             daemon [_thread_blocked, id=22804, stack(0x00000076b1600000,0x00000076b1700000) (1024K)]
  0x000001a2622c3090 JavaThread "Notification Thread"        daemon [_thread_blocked, id=2236, stack(0x00000076b1800000,0x00000076b1900000) (1024K)]
  0x000001a2622c4440 JavaThread "Active Thread: Equinox Container: 38223200-0310-48d4-ba6b-3504a673e748"        [_thread_blocked, id=14272, stack(0x00000076b2000000,0x00000076b2100000) (1024K)]
  0x000001a2622c5160 JavaThread "Refresh Thread: Equinox Container: 38223200-0310-48d4-ba6b-3504a673e748" daemon [_thread_blocked, id=15244, stack(0x00000076b2100000,0x00000076b2200000) (1024K)]
  0x000001a24132bc90 JavaThread "Framework Event Dispatcher: Equinox Container: 38223200-0310-48d4-ba6b-3504a673e748" daemon [_thread_blocked, id=23164, stack(0x00000076b2300000,0x00000076b2400000) (1024K)]
  0x000001a24132af70 JavaThread "Start Level: Equinox Container: 38223200-0310-48d4-ba6b-3504a673e748" daemon [_thread_in_native, id=22544, stack(0x00000076b2400000,0x00000076b2500000) (1024K)]
  0x000001a24132a250 JavaThread "Bundle File Closer"         daemon [_thread_blocked, id=21508, stack(0x00000076b2700000,0x00000076b2800000) (1024K)]
  0x000001a24132c9b0 JavaThread "SCR Component Actor"        daemon [_thread_blocked, id=22832, stack(0x00000076b1900000,0x00000076b1a00000) (1024K)]
  0x000001a24132d040 JavaThread "Worker-JM"                         [_thread_blocked, id=23112, stack(0x00000076b2900000,0x00000076b2a00000) (1024K)]
  0x000001a24132b600 JavaThread "JNA Cleaner"                daemon [_thread_blocked, id=18232, stack(0x00000076b1700000,0x00000076b1800000) (1024K)]
  0x000001a24132dd60 JavaThread "Worker-0"                          [_thread_blocked, id=14212, stack(0x00000076b2a00000,0x00000076b2b00000) (1024K)]
  0x000001a24132a8e0 JavaThread "Worker-1: Repository registry initialization"        [_thread_in_native, id=22840, stack(0x00000076b2b00000,0x00000076b2c00000) (1024K)]
=>0x000001a241667020 JavaThread "C2 CompilerThread1"         daemon [_thread_in_native, id=11036, stack(0x00000076b2c00000,0x00000076b2d00000) (1024K)]
Total: 22

Other Threads:
  0x000001a278ca2ca0 VMThread "VM Thread"                           [id=9824, stack(0x00000076b0d00000,0x00000076b0e00000) (1024K)]
  0x000001a26228ac10 WatcherThread "VM Periodic Task Thread"        [id=404, stack(0x00000076b0c00000,0x00000076b0d00000) (1024K)]
  0x000001a26223aa90 WorkerThread "GC Thread#0"                     [id=12328, stack(0x00000076b0b00000,0x00000076b0c00000) (1024K)]
  0x000001a27f7cdcc0 WorkerThread "GC Thread#1"                     [id=7016, stack(0x00000076b1a00000,0x00000076b1b00000) (1024K)]
  0x000001a27f7ce060 WorkerThread "GC Thread#2"                     [id=19728, stack(0x00000076b1b00000,0x00000076b1c00000) (1024K)]
  0x000001a27f5f10f0 WorkerThread "GC Thread#3"                     [id=18964, stack(0x00000076b1c00000,0x00000076b1d00000) (1024K)]
  0x000001a27f5f1490 WorkerThread "GC Thread#4"                     [id=14984, stack(0x00000076b1d00000,0x00000076b1e00000) (1024K)]
  0x000001a27f5f1830 WorkerThread "GC Thread#5"                     [id=15524, stack(0x00000076b1e00000,0x00000076b1f00000) (1024K)]
  0x000001a27f5f1bd0 WorkerThread "GC Thread#6"                     [id=21044, stack(0x00000076b1f00000,0x00000076b2000000) (1024K)]
  0x000001a2411290b0 WorkerThread "GC Thread#7"                     [id=18072, stack(0x00000076b2200000,0x00000076b2300000) (1024K)]
  0x000001a27f6e7d00 WorkerThread "GC Thread#8"                     [id=23428, stack(0x00000076b2500000,0x00000076b2600000) (1024K)]
  0x000001a27f5d76e0 WorkerThread "GC Thread#9"                     [id=1804, stack(0x00000076b2600000,0x00000076b2700000) (1024K)]
Total: 12

Threads with active compile tasks:
C2 CompilerThread0  10248 4175   !   4       org.eclipse.osgi.internal.loader.classpath.ClasspathManager::findClassImpl (343 bytes)
C2 CompilerThread1  10249 4177       4       java.lang.Object::toString (36 bytes)
Total: 2

VM state: not at safepoint (normal execution)

VM Mutex/Monitor currently owned by a thread: None

Heap address: 0x0000000080000000, size: 2048 MB, Compressed Oops mode: 32-bit

CDS archive(s) mapped at: [0x000001a200000000-0x000001a200ba0000-0x000001a200ba0000), size 12189696, SharedBaseAddress: 0x000001a200000000, ArchiveRelocationMode: 1.
Compressed class space mapped at: 0x000001a201000000-0x000001a241000000, reserved size: 1073741824
Narrow klass base: 0x000001a200000000, Narrow klass shift: 0, Narrow klass range: 0x100000000

GC Precious Log:
 CardTable entry size: 512
 CPUs: 12 total, 12 available
 Memory: 16095M
 Large Page Support: Disabled
 NUMA Support: Disabled
 Compressed Oops: Enabled (32-bit)
 Alignments: Space 512K, Generation 512K, Heap 2M
 Heap Min Capacity: 100M
 Heap Initial Capacity: 100M
 Heap Max Capacity: 2G
 Pre-touch: Disabled
 Parallel Workers: 10

Heap:
 PSYoungGen      total 25600K, used 19177K [0x00000000d5580000, 0x00000000d7480000, 0x0000000100000000)
  eden space 24064K, 74% used [0x00000000d5580000,0x00000000d6704a10,0x00000000d6d00000)
  from space 1536K, 80% used [0x00000000d7300000,0x00000000d7435b60,0x00000000d7480000)
  to   space 2560K, 0% used [0x00000000d6f80000,0x00000000d6f80000,0x00000000d7200000)
 ParOldGen       total 68608K, used 12857K [0x0000000080000000, 0x0000000084300000, 0x00000000d5580000)
  object space 68608K, 18% used [0x0000000080000000,0x0000000080c8e5f0,0x0000000084300000)
 Metaspace       used 25572K, committed 26560K, reserved 1114112K
  class space    used 2600K, committed 3008K, reserved 1048576K

Card table byte_map: [0x000001a261bc0000,0x000001a261fd0000] _byte_map_base: 0x000001a2617c0000

Marking Bits: (ParMarkBitMap*) 0x00007ffdf5ada340
 Begin Bits: [0x000001a2746c0000, 0x000001a2766c0000)
 End Bits:   [0x000001a2766c0000, 0x000001a2786c0000)

Polling page: 0x000001a260480000

Metaspace:

Usage:
  Non-class:     22.43 MB used.
      Class:      2.54 MB used.
       Both:     24.97 MB used.

Virtual space:
  Non-class space:       64.00 MB reserved,      23.00 MB ( 36%) committed,  1 nodes.
      Class space:        1.00 GB reserved,       2.94 MB ( <1%) committed,  1 nodes.
             Both:        1.06 GB reserved,      25.94 MB (  2%) committed. 

Chunk freelists:
   Non-Class:  8.95 MB
       Class:  12.98 MB
        Both:  21.93 MB

MaxMetaspaceSize: unlimited
CompressedClassSpaceSize: 1.00 GB
Initial GC threshold: 21.00 MB
Current GC threshold: 35.00 MB
CDS: on
 - commit_granule_bytes: 65536.
 - commit_granule_words: 8192.
 - virtual_space_node_default_size: 8388608.
 - enlarge_chunks_in_place: 1.
 - use_allocation_guard: 0.


Internal statistics:

num_allocs_failed_limit: 3.
num_arena_births: 828.
num_arena_deaths: 14.
num_vsnodes_births: 2.
num_vsnodes_deaths: 0.
num_space_committed: 415.
num_space_uncommitted: 0.
num_chunks_returned_to_freelist: 17.
num_chunks_taken_from_freelist: 1907.
num_chunk_merges: 7.
num_chunk_splits: 1197.
num_chunks_enlarged: 706.
num_inconsistent_stats: 0.

CodeHeap 'non-profiled nmethods': size=120000Kb used=1911Kb max_used=1911Kb free=118088Kb
 bounds [0x000001a26cee0000, 0x000001a26d150000, 0x000001a274410000]
CodeHeap 'profiled nmethods': size=120000Kb used=8532Kb max_used=8532Kb free=111467Kb
 bounds [0x000001a265410000, 0x000001a265c70000, 0x000001a26c940000]
CodeHeap 'non-nmethods': size=5760Kb used=1317Kb max_used=1333Kb free=4443Kb
 bounds [0x000001a26c940000, 0x000001a26cbb0000, 0x000001a26cee0000]
CodeCache: size=245760Kb, used=11760Kb, max_used=11776Kb, free=233998Kb
 total_blobs=4785, nmethods=4183, adapters=508, full_count=0
Compilation: enabled, stopped_count=0, restarted_count=0

Compilation events (20 events):
Event: 5.648 Thread 0x000001a2622de600 nmethod 4172 0x000001a265c60a10 code [0x000001a265c60ba0, 0x000001a265c60d48]
Event: 5.648 Thread 0x000001a2622de600 4173       3       sun.nio.fs.WindowsPath::toWindowsPath (32 bytes)
Event: 5.648 Thread 0x000001a2622de600 nmethod 4173 0x000001a265c60e10 code [0x000001a265c60fe0, 0x000001a265c61468]
Event: 5.650 Thread 0x000001a241667020 4174       4       org.eclipse.osgi.internal.loader.classpath.ClasspathEntry::findEntry (56 bytes)
Event: 5.650 Thread 0x000001a2622ddeb0 4175   !   4       org.eclipse.osgi.internal.loader.classpath.ClasspathManager::findClassImpl (343 bytes)
Event: 5.669 Thread 0x000001a241667020 nmethod 4174 0x000001a26d0bba90 code [0x000001a26d0bbd20, 0x000001a26d0bc7a0]
Event: 5.669 Thread 0x000001a241667020 4176       4       java.lang.AbstractStringBuilder::append (77 bytes)
Event: 5.673 Thread 0x000001a241667020 nmethod 4176 0x000001a26d0bd090 code [0x000001a26d0bd280, 0x000001a26d0bd848]
Event: 5.673 Thread 0x000001a241667020 4177       4       java.lang.Object::toString (36 bytes)
Event: 5.681 Thread 0x000001a2622de600 4178       3       org.lombokweb.asm.SymbolTable::addConstantIntegerOrFloat (100 bytes)
Event: 5.681 Thread 0x000001a2622de600 nmethod 4178 0x000001a265c61590 code [0x000001a265c617a0, 0x000001a265c61cf0]
Event: 5.681 Thread 0x000001a2622de600 4180       3       java.util.regex.Matcher::match (154 bytes)
Event: 5.682 Thread 0x000001a2622de600 nmethod 4180 0x000001a265c61f90 code [0x000001a265c621a0, 0x000001a265c62728]
Event: 5.682 Thread 0x000001a2622de600 4184       3       org.lombokweb.asm.SymbolTable::put (150 bytes)
Event: 5.682 Thread 0x000001a2622de600 nmethod 4184 0x000001a265c62990 code [0x000001a265c62b80, 0x000001a265c63290]
Event: 5.682 Thread 0x000001a2622de600 4179       3       lombok.patcher.scripts.AddFieldScript$1::visitField (35 bytes)
Event: 5.682 Thread 0x000001a2622de600 nmethod 4179 0x000001a265c63590 code [0x000001a265c63760, 0x000001a265c639d0]
Event: 5.682 Thread 0x000001a2622de600 4183       3       java.util.regex.Pattern$BranchConn::match (11 bytes)
Event: 5.683 Thread 0x000001a2622de600 nmethod 4183 0x000001a265c63b10 code [0x000001a265c63cc0, 0x000001a265c63e98]
Event: 5.881 Thread 0x000001a2622de600 4185       3       java.lang.Thread::isVirtual (5 bytes)

GC Heap History (18 events):
Event: 0.687 GC heap before
{Heap before GC invocations=1 (full 0):
 PSYoungGen      total 29696K, used 25600K [0x00000000d5580000, 0x00000000d7680000, 0x0000000100000000)
  eden space 25600K, 100% used [0x00000000d5580000,0x00000000d6e80000,0x00000000d6e80000)
  from space 4096K, 0% used [0x00000000d7280000,0x00000000d7280000,0x00000000d7680000)
  to   space 4096K, 0% used [0x00000000d6e80000,0x00000000d6e80000,0x00000000d7280000)
 ParOldGen       total 68608K, used 0K [0x0000000080000000, 0x0000000084300000, 0x00000000d5580000)
  object space 68608K, 0% used [0x0000000080000000,0x0000000080000000,0x0000000084300000)
 Metaspace       used 4301K, committed 4544K, reserved 1114112K
  class space    used 471K, committed 576K, reserved 1048576K
}
Event: 0.693 GC heap after
{Heap after GC invocations=1 (full 0):
 PSYoungGen      total 29696K, used 3319K [0x00000000d5580000, 0x00000000d7680000, 0x0000000100000000)
  eden space 25600K, 0% used [0x00000000d5580000,0x00000000d5580000,0x00000000d6e80000)
  from space 4096K, 81% used [0x00000000d6e80000,0x00000000d71bde28,0x00000000d7280000)
  to   space 4096K, 0% used [0x00000000d7280000,0x00000000d7280000,0x00000000d7680000)
 ParOldGen       total 68608K, used 16K [0x0000000080000000, 0x0000000084300000, 0x00000000d5580000)
  object space 68608K, 0% used [0x0000000080000000,0x0000000080004000,0x0000000084300000)
 Metaspace       used 4301K, committed 4544K, reserved 1114112K
  class space    used 471K, committed 576K, reserved 1048576K
}
Event: 1.195 GC heap before
{Heap before GC invocations=2 (full 0):
 PSYoungGen      total 29696K, used 28919K [0x00000000d5580000, 0x00000000d7680000, 0x0000000100000000)
  eden space 25600K, 100% used [0x00000000d5580000,0x00000000d6e80000,0x00000000d6e80000)
  from space 4096K, 81% used [0x00000000d6e80000,0x00000000d71bde28,0x00000000d7280000)
  to   space 4096K, 0% used [0x00000000d7280000,0x00000000d7280000,0x00000000d7680000)
 ParOldGen       total 68608K, used 16K [0x0000000080000000, 0x0000000084300000, 0x00000000d5580000)
  object space 68608K, 0% used [0x0000000080000000,0x0000000080004000,0x0000000084300000)
 Metaspace       used 7970K, committed 8256K, reserved 1114112K
  class space    used 841K, committed 960K, reserved 1048576K
}
Event: 1.200 GC heap after
{Heap after GC invocations=2 (full 0):
 PSYoungGen      total 29696K, used 4084K [0x00000000d5580000, 0x00000000d7680000, 0x0000000100000000)
  eden space 25600K, 0% used [0x00000000d5580000,0x00000000d5580000,0x00000000d6e80000)
  from space 4096K, 99% used [0x00000000d7280000,0x00000000d767d158,0x00000000d7680000)
  to   space 4096K, 0% used [0x00000000d6e80000,0x00000000d6e80000,0x00000000d7280000)
 ParOldGen       total 68608K, used 1858K [0x0000000080000000, 0x0000000084300000, 0x00000000d5580000)
  object space 68608K, 2% used [0x0000000080000000,0x00000000801d09e0,0x0000000084300000)
 Metaspace       used 7970K, committed 8256K, reserved 1114112K
  class space    used 841K, committed 960K, reserved 1048576K
}
Event: 1.544 GC heap before
{Heap before GC invocations=3 (full 0):
 PSYoungGen      total 29696K, used 29684K [0x00000000d5580000, 0x00000000d7680000, 0x0000000100000000)
  eden space 25600K, 100% used [0x00000000d5580000,0x00000000d6e80000,0x00000000d6e80000)
  from space 4096K, 99% used [0x00000000d7280000,0x00000000d767d158,0x00000000d7680000)
  to   space 4096K, 0% used [0x00000000d6e80000,0x00000000d6e80000,0x00000000d7280000)
 ParOldGen       total 68608K, used 1858K [0x0000000080000000, 0x0000000084300000, 0x00000000d5580000)
  object space 68608K, 2% used [0x0000000080000000,0x00000000801d09e0,0x0000000084300000)
 Metaspace       used 9372K, committed 9664K, reserved 1114112K
  class space    used 1007K, committed 1152K, reserved 1048576K
}
Event: 1.550 GC heap after
{Heap after GC invocations=3 (full 0):
 PSYoungGen      total 29696K, used 4066K [0x00000000d5580000, 0x00000000d7680000, 0x0000000100000000)
  eden space 25600K, 0% used [0x00000000d5580000,0x00000000d5580000,0x00000000d6e80000)
  from space 4096K, 99% used [0x00000000d6e80000,0x00000000d72789c8,0x00000000d7280000)
  to   space 4096K, 0% used [0x00000000d7280000,0x00000000d7280000,0x00000000d7680000)
 ParOldGen       total 68608K, used 5214K [0x0000000080000000, 0x0000000084300000, 0x00000000d5580000)
  object space 68608K, 7% used [0x0000000080000000,0x0000000080517bf8,0x0000000084300000)
 Metaspace       used 9372K, committed 9664K, reserved 1114112K
  class space    used 1007K, committed 1152K, reserved 1048576K
}
Event: 2.111 GC heap before
{Heap before GC invocations=4 (full 0):
 PSYoungGen      total 29696K, used 29666K [0x00000000d5580000, 0x00000000d7680000, 0x0000000100000000)
  eden space 25600K, 100% used [0x00000000d5580000,0x00000000d6e80000,0x00000000d6e80000)
  from space 4096K, 99% used [0x00000000d6e80000,0x00000000d72789c8,0x00000000d7280000)
  to   space 4096K, 0% used [0x00000000d7280000,0x00000000d7280000,0x00000000d7680000)
 ParOldGen       total 68608K, used 5214K [0x0000000080000000, 0x0000000084300000, 0x00000000d5580000)
  object space 68608K, 7% used [0x0000000080000000,0x0000000080517bf8,0x0000000084300000)
 Metaspace       used 12137K, committed 12480K, reserved 1114112K
  class space    used 1300K, committed 1472K, reserved 1048576K
}
Event: 2.116 GC heap after
{Heap after GC invocations=4 (full 0):
 PSYoungGen      total 29696K, used 4074K [0x00000000d5580000, 0x00000000d7680000, 0x0000000100000000)
  eden space 25600K, 0% used [0x00000000d5580000,0x00000000d5580000,0x00000000d6e80000)
  from space 4096K, 99% used [0x00000000d7280000,0x00000000d767a850,0x00000000d7680000)
  to   space 4096K, 0% used [0x00000000d6e80000,0x00000000d6e80000,0x00000000d7280000)
 ParOldGen       total 68608K, used 6874K [0x0000000080000000, 0x0000000084300000, 0x00000000d5580000)
  object space 68608K, 10% used [0x0000000080000000,0x00000000806b69b0,0x0000000084300000)
 Metaspace       used 12137K, committed 12480K, reserved 1114112K
  class space    used 1300K, committed 1472K, reserved 1048576K
}
Event: 2.619 GC heap before
{Heap before GC invocations=5 (full 0):
 PSYoungGen      total 29696K, used 29674K [0x00000000d5580000, 0x00000000d7680000, 0x0000000100000000)
  eden space 25600K, 100% used [0x00000000d5580000,0x00000000d6e80000,0x00000000d6e80000)
  from space 4096K, 99% used [0x00000000d7280000,0x00000000d767a850,0x00000000d7680000)
  to   space 4096K, 0% used [0x00000000d6e80000,0x00000000d6e80000,0x00000000d7280000)
 ParOldGen       total 68608K, used 6874K [0x0000000080000000, 0x0000000084300000, 0x00000000d5580000)
  object space 68608K, 10% used [0x0000000080000000,0x00000000806b69b0,0x0000000084300000)
 Metaspace       used 15317K, committed 15872K, reserved 1114112K
  class space    used 1578K, committed 1792K, reserved 1048576K
}
Event: 2.622 GC heap after
{Heap after GC invocations=5 (full 0):
 PSYoungGen      total 29184K, used 4082K [0x00000000d5580000, 0x00000000d7900000, 0x0000000100000000)
  eden space 25088K, 0% used [0x00000000d5580000,0x00000000d5580000,0x00000000d6e00000)
  from space 4096K, 99% used [0x00000000d6e80000,0x00000000d727cb20,0x00000000d7280000)
  to   space 5632K, 0% used [0x00000000d7380000,0x00000000d7380000,0x00000000d7900000)
 ParOldGen       total 68608K, used 7960K [0x0000000080000000, 0x0000000084300000, 0x00000000d5580000)
  object space 68608K, 11% used [0x0000000080000000,0x00000000807c6320,0x0000000084300000)
 Metaspace       used 15317K, committed 15872K, reserved 1114112K
  class space    used 1578K, committed 1792K, reserved 1048576K
}
Event: 4.131 GC heap before
{Heap before GC invocations=6 (full 0):
 PSYoungGen      total 29184K, used 29170K [0x00000000d5580000, 0x00000000d7900000, 0x0000000100000000)
  eden space 25088K, 100% used [0x00000000d5580000,0x00000000d6e00000,0x00000000d6e00000)
  from space 4096K, 99% used [0x00000000d6e80000,0x00000000d727cb20,0x00000000d7280000)
  to   space 5632K, 0% used [0x00000000d7380000,0x00000000d7380000,0x00000000d7900000)
 ParOldGen       total 68608K, used 7960K [0x0000000080000000, 0x0000000084300000, 0x00000000d5580000)
  object space 68608K, 11% used [0x0000000080000000,0x00000000807c6320,0x0000000084300000)
 Metaspace       used 18502K, committed 19264K, reserved 1114112K
  class space    used 1944K, committed 2240K, reserved 1048576K
}
Event: 4.135 GC heap after
{Heap after GC invocations=6 (full 0):
 PSYoungGen      total 29696K, used 4986K [0x00000000d5580000, 0x00000000d7880000, 0x0000000100000000)
  eden space 24576K, 0% used [0x00000000d5580000,0x00000000d5580000,0x00000000d6d80000)
  from space 5120K, 97% used [0x00000000d7380000,0x00000000d785e9f8,0x00000000d7880000)
  to   space 5120K, 0% used [0x00000000d6e80000,0x00000000d6e80000,0x00000000d7380000)
 ParOldGen       total 68608K, used 7968K [0x0000000080000000, 0x0000000084300000, 0x00000000d5580000)
  object space 68608K, 11% used [0x0000000080000000,0x00000000807c8320,0x0000000084300000)
 Metaspace       used 18502K, committed 19264K, reserved 1114112K
  class space    used 1944K, committed 2240K, reserved 1048576K
}
Event: 4.328 GC heap before
{Heap before GC invocations=7 (full 0):
 PSYoungGen      total 29696K, used 25237K [0x00000000d5580000, 0x00000000d7880000, 0x0000000100000000)
  eden space 24576K, 82% used [0x00000000d5580000,0x00000000d6946d90,0x00000000d6d80000)
  from space 5120K, 97% used [0x00000000d7380000,0x00000000d785e9f8,0x00000000d7880000)
  to   space 5120K, 0% used [0x00000000d6e80000,0x00000000d6e80000,0x00000000d7380000)
 ParOldGen       total 68608K, used 7968K [0x0000000080000000, 0x0000000084300000, 0x00000000d5580000)
  object space 68608K, 11% used [0x0000000080000000,0x00000000807c8320,0x0000000084300000)
 Metaspace       used 20611K, committed 21504K, reserved 1114112K
  class space    used 2200K, committed 2560K, reserved 1048576K
}
Event: 4.331 GC heap after
{Heap after GC invocations=7 (full 0):
 PSYoungGen      total 29184K, used 4387K [0x00000000d5580000, 0x00000000d7780000, 0x0000000100000000)
  eden space 24576K, 0% used [0x00000000d5580000,0x00000000d5580000,0x00000000d6d80000)
  from space 4608K, 95% used [0x00000000d6e80000,0x00000000d72c8d58,0x00000000d7300000)
  to   space 4608K, 0% used [0x00000000d7300000,0x00000000d7300000,0x00000000d7780000)
 ParOldGen       total 68608K, used 9221K [0x0000000080000000, 0x0000000084300000, 0x00000000d5580000)
  object space 68608K, 13% used [0x0000000080000000,0x0000000080901608,0x0000000084300000)
 Metaspace       used 20611K, committed 21504K, reserved 1114112K
  class space    used 2200K, committed 2560K, reserved 1048576K
}
Event: 4.331 GC heap before
{Heap before GC invocations=8 (full 1):
 PSYoungGen      total 29184K, used 4387K [0x00000000d5580000, 0x00000000d7780000, 0x0000000100000000)
  eden space 24576K, 0% used [0x00000000d5580000,0x00000000d5580000,0x00000000d6d80000)
  from space 4608K, 95% used [0x00000000d6e80000,0x00000000d72c8d58,0x00000000d7300000)
  to   space 4608K, 0% used [0x00000000d7300000,0x00000000d7300000,0x00000000d7780000)
 ParOldGen       total 68608K, used 9221K [0x0000000080000000, 0x0000000084300000, 0x00000000d5580000)
  object space 68608K, 13% used [0x0000000080000000,0x0000000080901608,0x0000000084300000)
 Metaspace       used 20611K, committed 21504K, reserved 1114112K
  class space    used 2200K, committed 2560K, reserved 1048576K
}
Event: 4.355 GC heap after
{Heap after GC invocations=8 (full 1):
 PSYoungGen      total 29184K, used 0K [0x00000000d5580000, 0x00000000d7780000, 0x0000000100000000)
  eden space 24576K, 0% used [0x00000000d5580000,0x00000000d5580000,0x00000000d6d80000)
  from space 4608K, 0% used [0x00000000d6e80000,0x00000000d6e80000,0x00000000d7300000)
  to   space 4608K, 0% used [0x00000000d7300000,0x00000000d7300000,0x00000000d7780000)
 ParOldGen       total 68608K, used 12849K [0x0000000080000000, 0x0000000084300000, 0x00000000d5580000)
  object space 68608K, 18% used [0x0000000080000000,0x0000000080c8c5f0,0x0000000084300000)
 Metaspace       used 20598K, committed 21504K, reserved 1114112K
  class space    used 2196K, committed 2560K, reserved 1048576K
}
Event: 4.523 GC heap before
{Heap before GC invocations=9 (full 1):
 PSYoungGen      total 29184K, used 24576K [0x00000000d5580000, 0x00000000d7780000, 0x0000000100000000)
  eden space 24576K, 100% used [0x00000000d5580000,0x00000000d6d80000,0x00000000d6d80000)
  from space 4608K, 0% used [0x00000000d6e80000,0x00000000d6e80000,0x00000000d7300000)
  to   space 4608K, 0% used [0x00000000d7300000,0x00000000d7300000,0x00000000d7780000)
 ParOldGen       total 68608K, used 12849K [0x0000000080000000, 0x0000000084300000, 0x00000000d5580000)
  object space 68608K, 18% used [0x0000000080000000,0x0000000080c8c5f0,0x0000000084300000)
 Metaspace       used 22702K, committed 23680K, reserved 1114112K
  class space    used 2377K, committed 2752K, reserved 1048576K
}
Event: 4.529 GC heap after
{Heap after GC invocations=9 (full 1):
 PSYoungGen      total 25600K, used 1238K [0x00000000d5580000, 0x00000000d7480000, 0x0000000100000000)
  eden space 24064K, 0% used [0x00000000d5580000,0x00000000d5580000,0x00000000d6d00000)
  from space 1536K, 80% used [0x00000000d7300000,0x00000000d7435b60,0x00000000d7480000)
  to   space 2560K, 0% used [0x00000000d6f80000,0x00000000d6f80000,0x00000000d7200000)
 ParOldGen       total 68608K, used 12857K [0x0000000080000000, 0x0000000084300000, 0x00000000d5580000)
  object space 68608K, 18% used [0x0000000080000000,0x0000000080c8e5f0,0x0000000084300000)
 Metaspace       used 22702K, committed 23680K, reserved 1114112K
  class space    used 2377K, committed 2752K, reserved 1048576K
}

Dll operation events (10 events):
Event: 0.010 Loaded shared library c:\Users\Shaik\.vscode\extensions\redhat.java-1.45.0-win32-x64\jre\21.0.8-win32-x86_64\bin\java.dll
Event: 0.075 Loaded shared library c:\Users\Shaik\.vscode\extensions\redhat.java-1.45.0-win32-x64\jre\21.0.8-win32-x86_64\bin\zip.dll
Event: 0.095 Loaded shared library C:\Users\Shaik\.vscode\extensions\redhat.java-1.45.0-win32-x64\jre\21.0.8-win32-x86_64\bin\instrument.dll
Event: 0.100 Loaded shared library C:\Users\Shaik\.vscode\extensions\redhat.java-1.45.0-win32-x64\jre\21.0.8-win32-x86_64\bin\net.dll
Event: 0.103 Loaded shared library C:\Users\Shaik\.vscode\extensions\redhat.java-1.45.0-win32-x64\jre\21.0.8-win32-x86_64\bin\nio.dll
Event: 0.107 Loaded shared library C:\Users\Shaik\.vscode\extensions\redhat.java-1.45.0-win32-x64\jre\21.0.8-win32-x86_64\bin\zip.dll
Event: 0.126 Loaded shared library C:\Users\Shaik\.vscode\extensions\redhat.java-1.45.0-win32-x64\jre\21.0.8-win32-x86_64\bin\jimage.dll
Event: 0.202 Loaded shared library c:\Users\Shaik\.vscode\extensions\redhat.java-1.45.0-win32-x64\jre\21.0.8-win32-x86_64\bin\verify.dll
Event: 1.196 Loaded shared library C:\Users\Shaik\AppData\Roaming\Code\User\globalStorage\redhat.java\1.45.0\config_win\org.eclipse.equinox.launcher\org.eclipse.equinox.launcher.win32.win32.x86_64_1.2.1400.v20250801-0854\eclipse_11916.dll
Event: 2.888 Loaded shared library C:\Users\Shaik\AppData\Local\Temp\jna-79847086\jna1771828991004350325.dll

Deoptimization events (20 events):
Event: 5.624 Thread 0x000001a24132a8e0 Uncommon trap: trap_request=0xffffffde fr.pc=0x000001a26d0b54b8 relative=0x00000000000000f8
Event: 5.624 Thread 0x000001a24132a8e0 Uncommon trap: reason=class_check action=maybe_recompile pc=0x000001a26d0b54b8 method=java.lang.Character.codePointAt(Ljava/lang/CharSequence;I)I @ 2 c2
Event: 5.624 Thread 0x000001a24132a8e0 DEOPT PACKING pc=0x000001a26d0b54b8 sp=0x00000076b2bfebe0
Event: 5.624 Thread 0x000001a24132a8e0 DEOPT UNPACKING pc=0x000001a26c993aa2 sp=0x00000076b2bfeb68 mode 2
Event: 5.624 Thread 0x000001a24132a8e0 Uncommon trap: trap_request=0xffffffde fr.pc=0x000001a26d0b54b8 relative=0x00000000000000f8
Event: 5.624 Thread 0x000001a24132a8e0 Uncommon trap: reason=class_check action=maybe_recompile pc=0x000001a26d0b54b8 method=java.lang.Character.codePointAt(Ljava/lang/CharSequence;I)I @ 2 c2
Event: 5.624 Thread 0x000001a24132a8e0 DEOPT PACKING pc=0x000001a26d0b54b8 sp=0x00000076b2bfebe0
Event: 5.624 Thread 0x000001a24132a8e0 DEOPT UNPACKING pc=0x000001a26c993aa2 sp=0x00000076b2bfeb68 mode 2
Event: 5.624 Thread 0x000001a24132a8e0 Uncommon trap: trap_request=0xffffffde fr.pc=0x000001a26d0b54b8 relative=0x00000000000000f8
Event: 5.624 Thread 0x000001a24132a8e0 Uncommon trap: reason=class_check action=maybe_recompile pc=0x000001a26d0b54b8 method=java.lang.Character.codePointAt(Ljava/lang/CharSequence;I)I @ 2 c2
Event: 5.624 Thread 0x000001a24132a8e0 DEOPT PACKING pc=0x000001a26d0b54b8 sp=0x00000076b2bfebe0
Event: 5.624 Thread 0x000001a24132a8e0 DEOPT UNPACKING pc=0x000001a26c993aa2 sp=0x00000076b2bfeb68 mode 2
Event: 5.624 Thread 0x000001a24132a8e0 Uncommon trap: trap_request=0xffffffde fr.pc=0x000001a26d0b54b8 relative=0x00000000000000f8
Event: 5.624 Thread 0x000001a24132a8e0 Uncommon trap: reason=class_check action=maybe_recompile pc=0x000001a26d0b54b8 method=java.lang.Character.codePointAt(Ljava/lang/CharSequence;I)I @ 2 c2
Event: 5.624 Thread 0x000001a24132a8e0 DEOPT PACKING pc=0x000001a26d0b54b8 sp=0x00000076b2bfebe0
Event: 5.624 Thread 0x000001a24132a8e0 DEOPT UNPACKING pc=0x000001a26c993aa2 sp=0x00000076b2bfeb68 mode 2
Event: 5.624 Thread 0x000001a24132a8e0 Uncommon trap: trap_request=0xffffff76 fr.pc=0x000001a26d085d00 relative=0x0000000000000380
Event: 5.624 Thread 0x000001a24132a8e0 Uncommon trap: reason=predicate action=maybe_recompile pc=0x000001a26d085d00 method=java.util.regex.Pattern$BmpCharPropertyGreedy.match(Ljava/util/regex/Matcher;ILjava/lang/CharSequence;)Z @ 12 c2
Event: 5.624 Thread 0x000001a24132a8e0 DEOPT PACKING pc=0x000001a26d085d00 sp=0x00000076b2bfeb20
Event: 5.624 Thread 0x000001a24132a8e0 DEOPT UNPACKING pc=0x000001a26c993aa2 sp=0x00000076b2bfeac8 mode 2

Classes loaded (20 events):
Event: 4.456 Loading class java/net/SocketException
Event: 4.456 Loading class java/net/SocketException done
Event: 4.456 Loading class java/net/UnknownHostException
Event: 4.456 Loading class java/net/UnknownHostException done
Event: 4.456 Loading class java/net/ProtocolException
Event: 4.456 Loading class java/net/ProtocolException done
Event: 4.470 Loading class java/lang/ThreadLocal$SuppliedThreadLocal
Event: 4.470 Loading class java/lang/ThreadLocal$SuppliedThreadLocal done
Event: 4.474 Loading class java/io/FileWriter
Event: 4.474 Loading class java/io/FileWriter done
Event: 4.478 Loading class java/lang/NegativeArraySizeException
Event: 4.478 Loading class java/lang/NegativeArraySizeException done
Event: 5.624 Loading class java/io/FileReader
Event: 5.624 Loading class java/io/FileReader done
Event: 5.660 Loading class java/util/concurrent/atomic/AtomicReferenceFieldUpdater
Event: 5.660 Loading class java/util/concurrent/atomic/AtomicReferenceFieldUpdater done
Event: 5.660 Loading class java/util/concurrent/atomic/AtomicReferenceFieldUpdater$AtomicReferenceFieldUpdaterImpl
Event: 5.661 Loading class java/util/concurrent/atomic/AtomicReferenceFieldUpdater$AtomicReferenceFieldUpdaterImpl done
Event: 5.661 Loading class java/util/concurrent/atomic/AtomicReferenceFieldUpdater$AtomicReferenceFieldUpdaterImpl$1
Event: 5.661 Loading class java/util/concurrent/atomic/AtomicReferenceFieldUpdater$AtomicReferenceFieldUpdaterImpl$1 done

Classes unloaded (7 events):
Event: 4.336 Thread 0x000001a278ca2ca0 Unloading class 0x000001a2011ac800 'java/lang/invoke/LambdaForm$MH+0x000001a2011ac800'
Event: 4.336 Thread 0x000001a278ca2ca0 Unloading class 0x000001a2011ac400 'java/lang/invoke/LambdaForm$MH+0x000001a2011ac400'
Event: 4.336 Thread 0x000001a278ca2ca0 Unloading class 0x000001a2011ac000 'java/lang/invoke/LambdaForm$MH+0x000001a2011ac000'
Event: 4.336 Thread 0x000001a278ca2ca0 Unloading class 0x000001a2011abc00 'java/lang/invoke/LambdaForm$MH+0x000001a2011abc00'
Event: 4.336 Thread 0x000001a278ca2ca0 Unloading class 0x000001a2011ab800 'java/lang/invoke/LambdaForm$BMH+0x000001a2011ab800'
Event: 4.336 Thread 0x000001a278ca2ca0 Unloading class 0x000001a2011ab400 'java/lang/invoke/LambdaForm$DMH+0x000001a2011ab400'
Event: 4.336 Thread 0x000001a278ca2ca0 Unloading class 0x000001a2011aa000 'java/lang/invoke/LambdaForm$DMH+0x000001a2011aa000'

Classes redefined (0 events):
No events

Internal exceptions (20 events):
Event: 4.299 Thread 0x000001a24132af70 Exception <a 'java/lang/NoSuchMethodError'{0x00000000d6702c10}: 'java.lang.Object java.lang.invoke.DirectMethodHandle$Holder.invokeStaticInit(java.lang.Object, java.lang.Object, java.lang.Object, java.lang.Object, java.lang.Object, java.lang.Object, java.lang.Object)'> (0x00000000d6702c10) 
thrown [s\src\hotspot\share\interpreter\linkResolver.cpp, line 773]
Event: 4.299 Thread 0x000001a24132af70 Exception <a 'java/lang/NoSuchMethodError'{0x00000000d67083b0}: 'java.lang.Object java.lang.invoke.Invokers$Holder.invoke_MT(java.lang.Object, java.lang.Object, java.lang.Object, java.lang.Object, java.lang.Object, java.lang.Object, java.lang.Object, java.lang.Object, java.lang.Object)'> (0x00000000d67083b0) 
thrown [s\src\hotspot\share\interpreter\linkResolver.cpp, line 773]
Event: 4.302 Thread 0x000001a24132af70 Exception <a 'java/lang/NoSuchMethodError'{0x00000000d673d4f8}: 'int java.lang.invoke.DirectMethodHandle$Holder.invokeVirtual(java.lang.Object, java.lang.Object, java.lang.Object)'> (0x00000000d673d4f8) 
thrown [s\src\hotspot\share\interpreter\linkResolver.cpp, line 773]
Event: 4.303 Thread 0x000001a24132af70 Exception <a 'java/lang/NoSuchMethodError'{0x00000000d6742490}: 'int java.lang.invoke.DirectMethodHandle$Holder.invokeStaticInit(java.lang.Object, int, int)'> (0x00000000d6742490) 
thrown [s\src\hotspot\share\interpreter\linkResolver.cpp, line 773]
Event: 4.303 Thread 0x000001a24132af70 Exception <a 'java/lang/NoSuchMethodError'{0x00000000d674a818}: 'int java.lang.invoke.DirectMethodHandle$Holder.invokeStaticInit(java.lang.Object, long, long)'> (0x00000000d674a818) 
thrown [s\src\hotspot\share\interpreter\linkResolver.cpp, line 773]
Event: 4.303 Thread 0x000001a24132af70 Exception <a 'java/lang/NoSuchMethodError'{0x00000000d67521d0}: 'int java.lang.invoke.DirectMethodHandle$Holder.invokeStaticInit(java.lang.Object, float, float)'> (0x00000000d67521d0) 
thrown [s\src\hotspot\share\interpreter\linkResolver.cpp, line 773]
Event: 4.304 Thread 0x000001a24132af70 Exception <a 'java/lang/NoSuchMethodError'{0x00000000d6759b80}: 'int java.lang.invoke.DirectMethodHandle$Holder.invokeStaticInit(java.lang.Object, double, double)'> (0x00000000d6759b80) 
thrown [s\src\hotspot\share\interpreter\linkResolver.cpp, line 773]
Event: 4.304 Thread 0x000001a24132af70 Exception <a 'java/lang/NoSuchMethodError'{0x00000000d675efd0}: 'int java.lang.invoke.DirectMethodHandle$Holder.invokeStatic(java.lang.Object, long)'> (0x00000000d675efd0) 
thrown [s\src\hotspot\share\interpreter\linkResolver.cpp, line 773]
Event: 4.305 Thread 0x000001a24132af70 Exception <a 'java/lang/NoSuchMethodError'{0x00000000d677dd38}: 'int java.lang.invoke.Invokers$Holder.linkToTargetMethod(java.lang.Object, java.lang.Object)'> (0x00000000d677dd38) 
thrown [s\src\hotspot\share\interpreter\linkResolver.cpp, line 773]
Event: 4.321 Thread 0x000001a24132af70 Exception <a 'java/lang/NoSuchMethodError'{0x00000000d685d0f0}: 'java.lang.Object java.lang.invoke.Invokers$Holder.invoke_MT(java.lang.Object, java.lang.Object, java.lang.Object, java.lang.Object, java.lang.Object, java.lang.Object, java.lang.Object, java.lang.Object, java.lang.Object, java.lang.Object, java.lang.Object)'> (0x00000000d685d0f0) 
thrown [s\src\hotspot\share\interpreter\linkResolver.cpp, line 773]
Event: 4.327 Thread 0x000001a24132af70 Exception <a 'java/lang/NoSuchMethodError'{0x00000000d68e9b50}: 'java.lang.Object java.lang.invoke.Invokers$Holder.invoke_MT(java.lang.Object, java.lang.Object, java.lang.Object, java.lang.Object, java.lang.Object, java.lang.Object, java.lang.Object, java.lang.Object, java.lang.Object, java.lang.Object)'> (0x00000000d68e9b50) 
thrown [s\src\hotspot\share\interpreter\linkResolver.cpp, line 773]
Event: 4.364 Thread 0x000001a24132af70 Exception <a 'java/lang/NoSuchMethodError'{0x00000000d56085b0}: 'java.lang.Object java.lang.invoke.DirectMethodHandle$Holder.newInvokeSpecial(java.lang.Object, java.lang.Object, java.lang.Object, java.lang.Object, java.lang.Object, java.lang.Object, java.lang.Object)'> (0x00000000d56085b0) 
thrown [s\src\hotspot\share\interpreter\linkResolver.cpp, line 773]
Event: 4.368 Thread 0x000001a24132af70 Exception <a 'java/lang/NoSuchMethodError'{0x00000000d5680080}: 'java.lang.Object java.lang.invoke.Invokers$Holder.invoker(java.lang.Object, java.lang.Object, java.lang.Object, java.lang.Object, java.lang.Object, java.lang.Object, java.lang.Object, java.lang.Object, java.lang.Object, java.lang.Object, java.lang.Object, java.lang.Object, java.lang.Object)'> (0x00000000d5680080) 
thrown [s\src\hotspot\share\interpreter\linkResolver.cpp, line 773]
Event: 4.369 Thread 0x000001a24132af70 Exception <a 'java/lang/NoSuchMethodError'{0x00000000d568a518}: 'java.lang.Object java.lang.invoke.DelegatingMethodHandle$Holder.delegate(java.lang.Object, java.lang.Object, java.lang.Object, java.lang.Object, java.lang.Object, java.lang.Object, java.lang.Object, java.lang.Object, java.lang.Object, java.lang.Object, java.lang.Object, java.lang.Object, java.lang.Object)'> (0x00000000d568a518) 
thrown [s\src\hotspot\share\interpreter\linkResolver.cpp, line 773]
Event: 4.373 Thread 0x000001a24132af70 Exception <a 'java/lang/NoSuchMethodError'{0x00000000d5703f90}: static Lorg/eclipse/m2e/core/internal/lifecyclemapping/model/PluginExecutionMetadata;.<clinit>()V> (0x00000000d5703f90) 
thrown [s\src\hotspot\share\prims\jni.cpp, line 1111]
Event: 4.378 Thread 0x000001a24132af70 Exception <a 'java/lang/NoSuchMethodError'{0x00000000d5760640}: static Lorg/eclipse/m2e/core/internal/lifecyclemapping/model/PluginExecutionFilter;.<clinit>()V> (0x00000000d5760640) 
thrown [s\src\hotspot\share\prims\jni.cpp, line 1111]
Event: 4.382 Thread 0x000001a24132af70 Exception <a 'java/lang/NoSuchMethodError'{0x00000000d57962d0}: static Lorg/eclipse/m2e/core/internal/project/registry/MavenProjectFacade$MavenProjectConfiguration;.<clinit>()V> (0x00000000d57962d0) 
thrown [s\src\hotspot\share\prims\jni.cpp, line 1111]
Event: 4.430 Thread 0x000001a24132af70 Exception <a 'java/lang/NoSuchMethodError'{0x00000000d5c18f70}: 'double java.lang.invoke.DirectMethodHandle$Holder.invokeStatic(java.lang.Object, java.lang.Object)'> (0x00000000d5c18f70) 
thrown [s\src\hotspot\share\interpreter\linkResolver.cpp, line 773]
Event: 4.430 Thread 0x000001a24132af70 Exception <a 'java/lang/NoSuchMethodError'{0x00000000d5c1c630}: 'double java.lang.invoke.DirectMethodHandle$Holder.invokeStaticInit(java.lang.Object, java.lang.Object)'> (0x00000000d5c1c630) 
thrown [s\src\hotspot\share\interpreter\linkResolver.cpp, line 773]
Event: 5.643 Thread 0x000001a24132a8e0 Exception <a 'java/lang/NoSuchMethodError'{0x00000000d6108228}: 'java.lang.Object java.lang.invoke.DirectMethodHandle$Holder.invokeSpecialIFC(java.lang.Object, java.lang.Object, java.lang.Object, java.lang.Object)'> (0x00000000d6108228) 
thrown [s\src\hotspot\share\interpreter\linkResolver.cpp, line 773]

ZGC Phase Switch (0 events):
No events

VM Operations (20 events):
Event: 4.028 Executing VM operation: Cleanup done
Event: 4.065 Executing VM operation: HandshakeAllThreads (Deoptimize)
Event: 4.066 Executing VM operation: HandshakeAllThreads (Deoptimize) done
Event: 4.070 Executing VM operation: HandshakeAllThreads (Deoptimize)
Event: 4.070 Executing VM operation: HandshakeAllThreads (Deoptimize) done
Event: 4.131 Executing VM operation: ParallelGCFailedAllocation (Allocation Failure)
Event: 4.135 Executing VM operation: ParallelGCFailedAllocation (Allocation Failure) done
Event: 4.294 Executing VM operation: HandshakeAllThreads (Deoptimize)
Event: 4.294 Executing VM operation: HandshakeAllThreads (Deoptimize) done
Event: 4.328 Executing VM operation: CollectForMetadataAllocation (Metadata GC Threshold)
Event: 4.355 Executing VM operation: CollectForMetadataAllocation (Metadata GC Threshold) done
Event: 4.523 Executing VM operation: ParallelGCFailedAllocation (Allocation Failure)
Event: 4.529 Executing VM operation: ParallelGCFailedAllocation (Allocation Failure) done
Event: 5.591 Executing VM operation: HandshakeAllThreads (Deoptimize)
Event: 5.591 Executing VM operation: HandshakeAllThreads (Deoptimize) done
Event: 5.591 Executing VM operation: Cleanup
Event: 5.591 Executing VM operation: Cleanup done
Event: 6.591 Executing VM operation: Cleanup
Event: 6.693 Executing VM operation: Cleanup done
Event: 8.697 Executing VM operation: Cleanup

Memory protections (0 events):
No events

Nmethod flushes (0 events):
No events

Events (20 events):
Event: 1.026 Thread 0x000001a25fe3adf0 Thread added: 0x000001a2622c4440
Event: 1.192 Thread 0x000001a25fe3adf0 Thread added: 0x000001a2622c5160
Event: 1.227 Thread 0x000001a2622c5160 Thread added: 0x000001a24132bc90
Event: 1.229 Thread 0x000001a25fe3adf0 Thread added: 0x000001a24132af70
Event: 1.594 Thread 0x000001a24132af70 Thread added: 0x000001a24132a250
Event: 1.790 Thread 0x000001a27f170cc0 Thread exited: 0x000001a27f170cc0
Event: 1.887 Thread 0x000001a24132af70 Thread added: 0x000001a24132c9b0
Event: 1.965 Thread 0x000001a24132af70 Thread added: 0x000001a24132c320
Event: 1.991 Thread 0x000001a27a20fc70 Thread exited: 0x000001a27a20fc70
Event: 2.234 Thread 0x000001a2622de600 Thread added: 0x000001a2416e3d40
Event: 2.464 Thread 0x000001a24132af70 Thread added: 0x000001a24132d040
Event: 2.899 Thread 0x000001a2416e3d40 Thread exited: 0x000001a2416e3d40
Event: 2.919 Thread 0x000001a24132af70 Thread added: 0x000001a24132b600
Event: 2.952 Thread 0x000001a24132af70 Thread added: 0x000001a24132dd60
Event: 2.972 Thread 0x000001a24132af70 Thread added: 0x000001a24132a8e0
Event: 3.029 Thread 0x000001a2622de600 Thread added: 0x000001a2416e3d40
Event: 4.503 Thread 0x000001a2622de600 Thread added: 0x000001a241667020
Event: 4.680 Thread 0x000001a241667020 Thread exited: 0x000001a241667020
Event: 4.680 Thread 0x000001a2416e3d40 Thread exited: 0x000001a2416e3d40
Event: 5.604 Thread 0x000001a2622de600 Thread added: 0x000001a241667020


Dynamic libraries:
0x00007ff7e67c0000 - 0x00007ff7e67ce000 	c:\Users\Shaik\.vscode\extensions\redhat.java-1.45.0-win32-x64\jre\21.0.8-win32-x86_64\bin\java.exe
0x00007ffe80e80000 - 0x00007ffe810e9000 	C:\WINDOWS\SYSTEM32\ntdll.dll
0x00007ffe80390000 - 0x00007ffe80459000 	C:\WINDOWS\System32\KERNEL32.DLL
0x00007ffe7e2c0000 - 0x00007ffe7e6b3000 	C:\WINDOWS\System32\KERNELBASE.dll
0x00007ffe7e780000 - 0x00007ffe7e8cb000 	C:\WINDOWS\System32\ucrtbase.dll
0x00007ffe33ea0000 - 0x00007ffe33ebe000 	c:\Users\Shaik\.vscode\extensions\redhat.java-1.45.0-win32-x64\jre\21.0.8-win32-x86_64\bin\VCRUNTIME140.dll
0x00007ffe33230000 - 0x00007ffe33248000 	c:\Users\Shaik\.vscode\extensions\redhat.java-1.45.0-win32-x64\jre\21.0.8-win32-x86_64\bin\jli.dll
0x00007ffe80700000 - 0x00007ffe808c4000 	C:\WINDOWS\System32\USER32.dll
0x00007ffe7e8d0000 - 0x00007ffe7e8f7000 	C:\WINDOWS\System32\win32u.dll
0x00007ffe5b3a0000 - 0x00007ffe5b633000 	C:\WINDOWS\WinSxS\amd64_microsoft.windows.common-controls_6595b64144ccf1df_6.0.26100.5074_none_3e0d6f78e32fd63f\COMCTL32.dll
0x00007ffe80a90000 - 0x00007ffe80abb000 	C:\WINDOWS\System32\GDI32.dll
0x00007ffe7e190000 - 0x00007ffe7e2bd000 	C:\WINDOWS\System32\gdi32full.dll
0x00007ffe7f890000 - 0x00007ffe7f939000 	C:\WINDOWS\System32\msvcrt.dll
0x00007ffe7e9a0000 - 0x00007ffe7ea43000 	C:\WINDOWS\System32\msvcp_win.dll
0x00007ffe7efe0000 - 0x00007ffe7f00f000 	C:\WINDOWS\System32\IMM32.DLL
0x00007ffe6bfd0000 - 0x00007ffe6bfdc000 	c:\Users\Shaik\.vscode\extensions\redhat.java-1.45.0-win32-x64\jre\21.0.8-win32-x86_64\bin\vcruntime140_1.dll
0x00007ffdf8b30000 - 0x00007ffdf8bbd000 	c:\Users\Shaik\.vscode\extensions\redhat.java-1.45.0-win32-x64\jre\21.0.8-win32-x86_64\bin\msvcp140.dll
0x00007ffdf4e20000 - 0x00007ffdf5bb7000 	c:\Users\Shaik\.vscode\extensions\redhat.java-1.45.0-win32-x64\jre\21.0.8-win32-x86_64\bin\server\jvm.dll
0x00007ffe808d0000 - 0x00007ffe80984000 	C:\WINDOWS\System32\ADVAPI32.dll
0x00007ffe7f680000 - 0x00007ffe7f726000 	C:\WINDOWS\System32\sechost.dll
0x00007ffe7fa50000 - 0x00007ffe7fb68000 	C:\WINDOWS\System32\RPCRT4.dll
0x00007ffe80310000 - 0x00007ffe80384000 	C:\WINDOWS\System32\WS2_32.dll
0x00007ffe6a4b0000 - 0x00007ffe6a4bb000 	C:\WINDOWS\SYSTEM32\VERSION.dll
0x00007ffe72c00000 - 0x00007ffe72c35000 	C:\WINDOWS\SYSTEM32\WINMM.dll
0x00007ffe7de70000 - 0x00007ffe7dece000 	C:\WINDOWS\SYSTEM32\POWRPROF.dll
0x00007ffe7de50000 - 0x00007ffe7de64000 	C:\WINDOWS\SYSTEM32\UMPDC.dll
0x00007ffe7cdd0000 - 0x00007ffe7cdeb000 	C:\WINDOWS\SYSTEM32\kernel.appcore.dll
0x00007ffe5e580000 - 0x00007ffe5e58a000 	c:\Users\Shaik\.vscode\extensions\redhat.java-1.45.0-win32-x64\jre\21.0.8-win32-x86_64\bin\jimage.dll
0x00007ffe7b830000 - 0x00007ffe7ba72000 	C:\WINDOWS\SYSTEM32\DBGHELP.DLL
0x00007ffe80ac0000 - 0x00007ffe80e3b000 	C:\WINDOWS\System32\combase.dll
0x00007ffe804c0000 - 0x00007ffe80597000 	C:\WINDOWS\System32\OLEAUT32.dll
0x00007ffe59e60000 - 0x00007ffe59e9d000 	C:\WINDOWS\SYSTEM32\dbgcore.DLL
0x00007ffe7e900000 - 0x00007ffe7e999000 	C:\WINDOWS\System32\bcryptPrimitives.dll
0x00007ffe4e930000 - 0x00007ffe4e93f000 	c:\Users\Shaik\.vscode\extensions\redhat.java-1.45.0-win32-x64\jre\21.0.8-win32-x86_64\bin\instrument.dll
0x00007ffe31cd0000 - 0x00007ffe31cef000 	c:\Users\Shaik\.vscode\extensions\redhat.java-1.45.0-win32-x64\jre\21.0.8-win32-x86_64\bin\java.dll
0x00007ffe7fb70000 - 0x00007ffe802bd000 	C:\WINDOWS\System32\SHELL32.dll
0x00007ffe7eae0000 - 0x00007ffe7ec4c000 	C:\WINDOWS\System32\wintypes.dll
0x00007ffe7bc40000 - 0x00007ffe7c499000 	C:\WINDOWS\SYSTEM32\windows.storage.dll
0x00007ffe80990000 - 0x00007ffe80a80000 	C:\WINDOWS\System32\SHCORE.dll
0x00007ffe80620000 - 0x00007ffe80682000 	C:\WINDOWS\System32\shlwapi.dll
0x00007ffe7df30000 - 0x00007ffe7df59000 	C:\WINDOWS\SYSTEM32\profapi.dll
0x00007ffe31b80000 - 0x00007ffe31b98000 	c:\Users\Shaik\.vscode\extensions\redhat.java-1.45.0-win32-x64\jre\21.0.8-win32-x86_64\bin\zip.dll
0x00007ffe4e810000 - 0x00007ffe4e820000 	C:\Users\Shaik\.vscode\extensions\redhat.java-1.45.0-win32-x64\jre\21.0.8-win32-x86_64\bin\net.dll
0x00007ffe757c0000 - 0x00007ffe758df000 	C:\WINDOWS\SYSTEM32\WINHTTP.dll
0x00007ffe7d370000 - 0x00007ffe7d3db000 	C:\WINDOWS\system32\mswsock.dll
0x00007ffe31a70000 - 0x00007ffe31a86000 	C:\Users\Shaik\.vscode\extensions\redhat.java-1.45.0-win32-x64\jre\21.0.8-win32-x86_64\bin\nio.dll
0x00007ffe47610000 - 0x00007ffe47620000 	c:\Users\Shaik\.vscode\extensions\redhat.java-1.45.0-win32-x64\jre\21.0.8-win32-x86_64\bin\verify.dll
0x00007ffe38400000 - 0x00007ffe38444000 	C:\Users\Shaik\AppData\Roaming\Code\User\globalStorage\redhat.java\1.45.0\config_win\org.eclipse.equinox.launcher\org.eclipse.equinox.launcher.win32.win32.x86_64_1.2.1400.v20250801-0854\eclipse_11916.dll
0x00007ffe7ec50000 - 0x00007ffe7ede8000 	C:\WINDOWS\System32\ole32.dll
0x00007ffe7d610000 - 0x00007ffe7d62b000 	C:\WINDOWS\SYSTEM32\CRYPTSP.dll
0x00007ffe7cd30000 - 0x00007ffe7cd6b000 	C:\WINDOWS\system32\rsaenh.dll
0x00007ffe7d410000 - 0x00007ffe7d43b000 	C:\WINDOWS\SYSTEM32\USERENV.dll
0x00007ffe7df00000 - 0x00007ffe7df26000 	C:\WINDOWS\SYSTEM32\bcrypt.dll
0x00007ffe7d630000 - 0x00007ffe7d63c000 	C:\WINDOWS\SYSTEM32\CRYPTBASE.dll
0x00007ffe7c7b0000 - 0x00007ffe7c7e4000 	C:\WINDOWS\SYSTEM32\IPHLPAPI.DLL
0x00007ffe7efd0000 - 0x00007ffe7efda000 	C:\WINDOWS\System32\NSI.dll
0x00007ffe36fb0000 - 0x00007ffe36ff9000 	C:\Users\Shaik\AppData\Local\Temp\jna-79847086\jna1771828991004350325.dll
0x00007ffe7f940000 - 0x00007ffe7f948000 	C:\WINDOWS\System32\PSAPI.DLL

JVMTI agents:
c:\Users\Shaik\.vscode\extensions\redhat.java-1.45.0-win32-x64\lombok\lombok-1.18.39-4050.jar path:c:\Users\Shaik\.vscode\extensions\redhat.java-1.45.0-win32-x64\jre\21.0.8-win32-x86_64\bin\instrument.dll, loaded, initialized, instrumentlib options:none

dbghelp: loaded successfully - version: 4.0.5 - missing functions: none
symbol engine: initialized successfully - sym options: 0x614 - pdb path: .;c:\Users\Shaik\.vscode\extensions\redhat.java-1.45.0-win32-x64\jre\21.0.8-win32-x86_64\bin;C:\WINDOWS\SYSTEM32;C:\WINDOWS\WinSxS\amd64_microsoft.windows.common-controls_6595b64144ccf1df_6.0.26100.5074_none_3e0d6f78e32fd63f;c:\Users\Shaik\.vscode\extensions\redhat.java-1.45.0-win32-x64\jre\21.0.8-win32-x86_64\bin\server;C:\Users\Shaik\AppData\Roaming\Code\User\globalStorage\redhat.java\1.45.0\config_win\org.eclipse.equinox.launcher\org.eclipse.equinox.launcher.win32.win32.x86_64_1.2.1400.v20250801-0854;C:\Users\Shaik\AppData\Local\Temp\jna-79847086

VM Arguments:
jvm_args: --add-modules=ALL-SYSTEM --add-opens=java.base/java.util=ALL-UNNAMED --add-opens=java.base/java.lang=ALL-UNNAMED --add-opens=java.base/sun.nio.fs=ALL-UNNAMED -Declipse.application=org.eclipse.jdt.ls.core.id1 -Dosgi.bundles.defaultStartLevel=4 -Declipse.product=org.eclipse.jdt.ls.core.product -Djava.import.generatesMetadataFilesAtProjectRoot=false -DDetectVMInstallationsJob.disabled=true -Dfile.encoding=utf8 -XX:+UseParallelGC -XX:GCTimeRatio=4 -XX:AdaptiveSizePolicyWeight=90 -Dsun.zip.disableMemoryMapping=true -Xmx2G -Xms100m -Xlog:disable -javaagent:c:\Users\Shaik\.vscode\extensions\redhat.java-1.45.0-win32-x64\lombok\lombok-1.18.39-4050.jar -XX:+HeapDumpOnOutOfMemoryError -XX:HeapDumpPath=c:\Users\Shaik\AppData\Roaming\Code\User\workspaceStorage\afca35b473cf894c4c28a104f8da3bc1\redhat.java -Daether.dependencyCollector.impl=bf 
java_command: c:\Users\Shaik\.vscode\extensions\redhat.java-1.45.0-win32-x64\server\plugins\org.eclipse.equinox.launcher_1.7.0.v20250519-0528.jar -configuration c:\Users\Shaik\AppData\Roaming\Code\User\globalStorage\redhat.java\1.45.0\config_win -data c:\Users\Shaik\AppData\Roaming\Code\User\workspaceStorage\afca35b473cf894c4c28a104f8da3bc1\redhat.java\jdt_ws --pipe=\\.\pipe\lsp-2de9654f9c2a12ae0e8bbbe9787b9436-sock
java_class_path (initial): c:\Users\Shaik\.vscode\extensions\redhat.java-1.45.0-win32-x64\server\plugins\org.eclipse.equinox.launcher_1.7.0.v20250519-0528.jar
Launcher Type: SUN_STANDARD

[Global flags]
    uintx AdaptiveSizePolicyWeight                 = 90                                        {product} {command line}
     intx CICompilerCount                          = 4                                         {product} {ergonomic}
    uintx GCTimeRatio                              = 4                                         {product} {command line}
     bool HeapDumpOnOutOfMemoryError               = true                                   {manageable} {command line}
    ccstr HeapDumpPath                             = c:\Users\Shaik\AppData\Roaming\Code\User\workspaceStorage\afca35b473cf894c4c28a104f8da3bc1\redhat.java         {manageable} {command line}
   size_t InitialHeapSize                          = 104857600                                 {product} {command line}
   size_t MaxHeapSize                              = 2147483648                                {product} {command line}
   size_t MaxNewSize                               = 715653120                                 {product} {ergonomic}
   size_t MinHeapDeltaBytes                        = 524288                                    {product} {ergonomic}
   size_t MinHeapSize                              = 104857600                                 {product} {command line}
   size_t NewSize                                  = 34603008                                  {product} {ergonomic}
    uintx NonNMethodCodeHeapSize                   = 5839372                                {pd product} {ergonomic}
    uintx NonProfiledCodeHeapSize                  = 122909434                              {pd product} {ergonomic}
   size_t OldSize                                  = 70254592                                  {product} {ergonomic}
    uintx ProfiledCodeHeapSize                     = 122909434                              {pd product} {ergonomic}
    uintx ReservedCodeCacheSize                    = 251658240                              {pd product} {ergonomic}
     bool SegmentedCodeCache                       = true                                      {product} {ergonomic}
   size_t SoftMaxHeapSize                          = 2147483648                             {manageable} {ergonomic}
     bool UseCompressedOops                        = true                           {product lp64_product} {ergonomic}
     bool UseLargePagesIndividualAllocation        = false                                  {pd product} {ergonomic}
     bool UseParallelGC                            = true                                      {product} {command line}

Logging:
Log output configuration:
 #0: stdout all=off uptime,level,tags foldmultilines=false
 #1: stderr all=off uptime,level,tags foldmultilines=false

Environment Variables:
JAVA_HOME=C:\Program Files\Java\jdk-21
PATH=C:\3-1\apache-maven-3.9.11-bin\apache-maven-3.9.11\bin;C:\Program Files\Java\jdk-21\bin;C:\Program Files\nodejs;C:\Program Files\Docker\Docker\resources\bin;C:\Program Files\Git\cmd;C:\Program Files\nodejs\;C:\Users\Shaik\Downloads\apache-maven-3.9.11\bin;C:\Users\Shaik\AppData\Local\Programs\Microsoft VS Code\bin;C:\Users\Shaik\AppData\Roaming\npm
USERNAME=Shaik
OS=Windows_NT
PROCESSOR_IDENTIFIER=Intel64 Family 6 Model 186 Stepping 3, GenuineIntel
TMP=C:\Users\Shaik\AppData\Local\Temp
TEMP=C:\Users\Shaik\AppData\Local\Temp




Periodic native trim disabled

---------------  S Y S T E M  ---------------

OS:
 Windows 11 , 64 bit Build 26100 (10.0.26100.5074)
OS uptime: 0 days 0:15 hours
Hyper-V role detected

CPU: total 12 (initial active 12) (6 cores per cpu, 2 threads per core) family 6 model 186 stepping 3 microcode 0x4128, cx8, cmov, fxsr, ht, mmx, 3dnowpref, sse, sse2, sse3, ssse3, sse4.1, sse4.2, popcnt, lzcnt, tsc, tscinvbit, avx, avx2, aes, erms, clmul, bmi1, bmi2, adx, sha, fma, vzeroupper, clflush, clflushopt, clwb, hv, serialize, rdtscp, rdpid, fsrm, f16c, cet_ibt, cet_ss
Processor Information for processor 0
  Max Mhz: 1300, Current Mhz: 1300, Mhz Limit: 1300
Processor Information for processor 1
  Max Mhz: 1300, Current Mhz: 1300, Mhz Limit: 1300
Processor Information for processor 2
  Max Mhz: 1300, Current Mhz: 1300, Mhz Limit: 1300
Processor Information for processor 3
  Max Mhz: 1300, Current Mhz: 1300, Mhz Limit: 1300
Processor Information for processor 4
  Max Mhz: 1300, Current Mhz: 900, Mhz Limit: 897
Processor Information for processor 5
  Max Mhz: 1300, Current Mhz: 900, Mhz Limit: 897
Processor Information for processor 6
  Max Mhz: 1300, Current Mhz: 900, Mhz Limit: 897
Processor Information for processor 7
  Max Mhz: 1300, Current Mhz: 900, Mhz Limit: 897
Processor Information for processor 8
  Max Mhz: 1300, Current Mhz: 900, Mhz Limit: 897
Processor Information for processor 9
  Max Mhz: 1300, Current Mhz: 900, Mhz Limit: 897
Processor Information for processor 10
  Max Mhz: 1300, Current Mhz: 900, Mhz Limit: 897
Processor Information for processor 11
  Max Mhz: 1300, Current Mhz: 900, Mhz Limit: 897

Memory: 4k page, system-wide physical 16095M (3136M free)
TotalPageFile size 16095M (AvailPageFile size 419M)
current process WorkingSet (physical memory assigned to process): 154M, peak: 154M
current process commit charge ("private bytes"): 290M, peak: 291M

vm_info: OpenJDK 64-Bit Server VM (21.0.8+9-LTS) for windows-amd64 JRE (21.0.8+9-LTS), built on 2025-07-15T00:00:00Z by "admin" with MS VC++ 17.7 (VS2022)

END.
