#
# There is insufficient memory for the Java Runtime Environment to continue.
# Native memory allocation (malloc) failed to allocate 1045280 bytes. Error detail: Chunk::new
# Possible reasons:
#   The system is out of physical RAM or swap space
#   This process is running with CompressedOops enabled, and the Java Heap may be blocking the growth of the native heap
# Possible solutions:
#   Reduce memory load on the system
#   Increase physical memory or swap space
#   Check if swap backing store is full
#   Decrease Java heap size (-Xmx/-Xms)
#   Decrease number of Java threads
#   Decrease Java thread stack sizes (-Xss)
#   Set larger code cache with -XX:ReservedCodeCacheSize=
#   JVM is running with Unscaled Compressed Oops mode in which the Java heap is
#     placed in the first 4GB address space. The Java Heap base address is the
#     maximum limit for the native heap growth. Please use -XX:HeapBaseMinAddress
#     to set the Java Heap base and to place the Java Heap above 4GB virtual address.
# This output file may be truncated or incomplete.
#
#  Out of Memory Error (arena.cpp:168), pid=22824, tid=11472
#
# JRE version: OpenJDK Runtime Environment Temurin-21.0.8+9 (21.0.8+9) (build 21.0.8+9-LTS)
# Java VM: OpenJDK 64-Bit Server VM Temurin-21.0.8+9 (21.0.8+9-LTS, mixed mode, sharing, tiered, compressed oops, compressed class ptrs, parallel gc, windows-amd64)
# No core dump will be written. Minidumps are not enabled by default on client versions of Windows
#

---------------  S U M M A R Y ------------

Command Line: --add-modules=ALL-SYSTEM --add-opens=java.base/java.util=ALL-UNNAMED --add-opens=java.base/java.lang=ALL-UNNAMED --add-opens=java.base/sun.nio.fs=ALL-UNNAMED -Declipse.application=org.eclipse.jdt.ls.core.id1 -Dosgi.bundles.defaultStartLevel=4 -Declipse.product=org.eclipse.jdt.ls.core.product -Djava.import.generatesMetadataFilesAtProjectRoot=false -DDetectVMInstallationsJob.disabled=true -Dfile.encoding=utf8 -XX:+UseParallelGC -XX:GCTimeRatio=4 -XX:AdaptiveSizePolicyWeight=90 -Dsun.zip.disableMemoryMapping=true -Xmx2G -Xms100m -Xlog:disable -javaagent:c:\Users\Shaik\.vscode\extensions\redhat.java-1.45.0-win32-x64\lombok\lombok-1.18.39-4050.jar -XX:+HeapDumpOnOutOfMemoryError -XX:HeapDumpPath=c:\Users\Shaik\AppData\Roaming\Code\User\workspaceStorage\afca35b473cf894c4c28a104f8da3bc1\redhat.java -Daether.dependencyCollector.impl=bf c:\Users\Shaik\.vscode\extensions\redhat.java-1.45.0-win32-x64\server\plugins\org.eclipse.equinox.launcher_1.7.0.v20250519-0528.jar -configuration c:\Users\Shaik\AppData\Roaming\Code\User\globalStorage\redhat.java\1.45.0\config_win -data c:\Users\Shaik\AppData\Roaming\Code\User\workspaceStorage\afca35b473cf894c4c28a104f8da3bc1\redhat.java\jdt_ws --pipe=\\.\pipe\lsp-f564425ed18aa76a8a5a6ccf56224adf-sock

Host: 13th Gen Intel(R) Core(TM) i5-1335U, 12 cores, 15G,  Windows 11 , 64 bit Build 26100 (10.0.26100.5074)
Time: Tue Sep 23 16:31:40 2025 India Standard Time elapsed time: 5.565801 seconds (0d 0h 0m 5s)

---------------  T H R E A D  ---------------

Current thread (0x00000241fb231b60):  JavaThread "C2 CompilerThread1" daemon [_thread_in_native, id=11472, stack(0x000000bb14c00000,0x000000bb14d00000) (1024K)]


Current CompileTask:
C2:5565 5111   !   4       sun.nio.cs.StreamDecoder::read (78 bytes)

Stack: [0x000000bb14c00000,0x000000bb14d00000]
Native frames: (J=compiled Java code, j=interpreted, Vv=VM code, C=native code)
V  [jvm.dll+0x6d2449]
V  [jvm.dll+0x8ae341]
V  [jvm.dll+0x8b08be]
V  [jvm.dll+0x8b0fa3]
V  [jvm.dll+0x280c96]
V  [jvm.dll+0xc581d]
V  [jvm.dll+0xc5d53]
V  [jvm.dll+0x3b919c]
V  [jvm.dll+0x1e1409]
V  [jvm.dll+0x249022]
V  [jvm.dll+0x2484af]
V  [jvm.dll+0x1c89ee]
V  [jvm.dll+0x257d4d]
V  [jvm.dll+0x2562ea]
V  [jvm.dll+0x3f2d16]
V  [jvm.dll+0x857e6b]
V  [jvm.dll+0x6d0b0d]
C  [ucrtbase.dll+0x37b0]
C  [KERNEL32.DLL+0x2e8d7]
C  [ntdll.dll+0x8d9c]


---------------  P R O C E S S  ---------------

Threads class SMR info:
_java_thread_list=0x00000241fdab98d0, length=54, elements={
0x00000241de5cec10, 0x00000241fb0044b0, 0x00000241fb0053c0, 0x00000241fb0079e0,
0x00000241fb0088b0, 0x00000241fb00e100, 0x00000241fb0179e0, 0x00000241fb040f50,
0x00000241fb046190, 0x00000241fb016cc0, 0x00000241fb231b60, 0x00000241fb019ab0,
0x00000241fb017350, 0x00000241fb018070, 0x00000241fb019420, 0x00000241fb018d90,
0x00000241fb016630, 0x00000241fc49d360, 0x00000241fc49fac0, 0x00000241fc4a0150,
0x00000241fc49ccd0, 0x00000241fc49d9f0, 0x00000241fc49eda0, 0x00000241fc2e8680,
0x00000241fc49f430, 0x00000241fc4a07e0, 0x00000241fc4a0e70, 0x00000241fc4a1500,
0x00000241fc49e080, 0x00000241fc4a35d0, 0x00000241fc4a2f40, 0x00000241fc4a3c60,
0x00000241fc4a2220, 0x00000241fc4a42f0, 0x00000241fc4a1b90, 0x00000241fc4a28b0,
0x00000241fe894e90, 0x00000241fe896f60, 0x00000241fe897c80, 0x00000241fe895bb0,
0x00000241fe895520, 0x00000241fe8968d0, 0x00000241fe8975f0, 0x00000241fe894800,
0x00000241fe896240, 0x00000241fe899d50, 0x00000241fe8996c0, 0x00000241fe89b790,
0x00000241fe898310, 0x00000241fe89b100, 0x00000241fe89be20, 0x00000241fe8989a0,
0x00000241fe899030, 0x00000241fe89a3e0
}

Java Threads: ( => current thread )
  0x00000241de5cec10 JavaThread "main"                              [_thread_blocked, id=22128, stack(0x000000bb13f00000,0x000000bb14000000) (1024K)]
  0x00000241fb0044b0 JavaThread "Reference Handler"          daemon [_thread_blocked, id=10900, stack(0x000000bb14300000,0x000000bb14400000) (1024K)]
  0x00000241fb0053c0 JavaThread "Finalizer"                  daemon [_thread_blocked, id=8196, stack(0x000000bb14400000,0x000000bb14500000) (1024K)]
  0x00000241fb0079e0 JavaThread "Signal Dispatcher"          daemon [_thread_blocked, id=14292, stack(0x000000bb14500000,0x000000bb14600000) (1024K)]
  0x00000241fb0088b0 JavaThread "Attach Listener"            daemon [_thread_blocked, id=2392, stack(0x000000bb14600000,0x000000bb14700000) (1024K)]
  0x00000241fb00e100 JavaThread "Service Thread"             daemon [_thread_blocked, id=19572, stack(0x000000bb14700000,0x000000bb14800000) (1024K)]
  0x00000241fb0179e0 JavaThread "Monitor Deflation Thread"   daemon [_thread_blocked, id=20564, stack(0x000000bb14800000,0x000000bb14900000) (1024K)]
  0x00000241fb040f50 JavaThread "C2 CompilerThread0"         daemon [_thread_in_vm, id=18304, stack(0x000000bb14900000,0x000000bb14a00000) (1024K)]
  0x00000241fb046190 JavaThread "C1 CompilerThread0"         daemon [_thread_blocked, id=4652, stack(0x000000bb14a00000,0x000000bb14b00000) (1024K)]
  0x00000241fb016cc0 JavaThread "Common-Cleaner"             daemon [_thread_blocked, id=23432, stack(0x000000bb14b00000,0x000000bb14c00000) (1024K)]
=>0x00000241fb231b60 JavaThread "C2 CompilerThread1"         daemon [_thread_in_native, id=11472, stack(0x000000bb14c00000,0x000000bb14d00000) (1024K)]
  0x00000241fb019ab0 JavaThread "Notification Thread"        daemon [_thread_blocked, id=11700, stack(0x000000bb14d00000,0x000000bb14e00000) (1024K)]
  0x00000241fb017350 JavaThread "Active Thread: Equinox Container: 728eb70a-504a-4c86-82da-68238cb2c55e"        [_thread_blocked, id=5856, stack(0x000000bb15500000,0x000000bb15600000) (1024K)]
  0x00000241fb018070 JavaThread "Refresh Thread: Equinox Container: 728eb70a-504a-4c86-82da-68238cb2c55e" daemon [_thread_blocked, id=4608, stack(0x000000bb15700000,0x000000bb15800000) (1024K)]
  0x00000241fb019420 JavaThread "Framework Event Dispatcher: Equinox Container: 728eb70a-504a-4c86-82da-68238cb2c55e" daemon [_thread_blocked, id=2456, stack(0x000000bb15800000,0x000000bb15900000) (1024K)]
  0x00000241fb018d90 JavaThread "Start Level: Equinox Container: 728eb70a-504a-4c86-82da-68238cb2c55e" daemon [_thread_blocked, id=3668, stack(0x000000bb15900000,0x000000bb15a00000) (1024K)]
  0x00000241fb016630 JavaThread "Bundle File Closer"         daemon [_thread_blocked, id=21016, stack(0x000000bb15c00000,0x000000bb15d00000) (1024K)]
  0x00000241fc49d360 JavaThread "SCR Component Actor"        daemon [_thread_blocked, id=7508, stack(0x000000bb15d00000,0x000000bb15e00000) (1024K)]
  0x00000241fc49fac0 JavaThread "SCR Component Registry"     daemon [_thread_blocked, id=21692, stack(0x000000bb15e00000,0x000000bb15f00000) (1024K)]
  0x00000241fc4a0150 JavaThread "Worker-JM"                         [_thread_blocked, id=10164, stack(0x000000bb15f00000,0x000000bb16000000) (1024K)]
  0x00000241fc49ccd0 JavaThread "JNA Cleaner"                daemon [_thread_blocked, id=4160, stack(0x000000bb14e00000,0x000000bb14f00000) (1024K)]
  0x00000241fc49d9f0 JavaThread "Worker-0"                          [_thread_blocked, id=19804, stack(0x000000bb16000000,0x000000bb16100000) (1024K)]
  0x00000241fc49eda0 JavaThread "Worker-1"                          [_thread_blocked, id=3168, stack(0x000000bb16100000,0x000000bb16200000) (1024K)]
  0x00000241fc2e8680 JavaThread "C2 CompilerThread2"         daemon [_thread_in_native, id=18396, stack(0x000000bb16200000,0x000000bb16300000) (1024K)]
  0x00000241fc49f430 JavaThread "Java indexing"              daemon [_thread_blocked, id=10284, stack(0x000000bb16300000,0x000000bb16400000) (1024K)]
  0x00000241fc4a07e0 JavaThread "Worker-2"                          [_thread_blocked, id=14804, stack(0x000000bb16400000,0x000000bb16500000) (1024K)]
  0x00000241fc4a0e70 JavaThread "Worker-3: Repository registry initialization"        [_thread_in_vm, id=14084, stack(0x000000bb16500000,0x000000bb16600000) (1024K)]
  0x00000241fc4a1500 JavaThread "Thread-2"                   daemon [_thread_in_native, id=21372, stack(0x000000bb16600000,0x000000bb16700000) (1024K)]
  0x00000241fc49e080 JavaThread "Thread-3"                   daemon [_thread_in_native, id=18836, stack(0x000000bb16700000,0x000000bb16800000) (1024K)]
  0x00000241fc4a35d0 JavaThread "Thread-4"                   daemon [_thread_in_native, id=20032, stack(0x000000bb16800000,0x000000bb16900000) (1024K)]
  0x00000241fc4a2f40 JavaThread "Thread-5"                   daemon [_thread_in_native, id=4356, stack(0x000000bb16900000,0x000000bb16a00000) (1024K)]
  0x00000241fc4a3c60 JavaThread "Thread-6"                   daemon [_thread_in_native, id=23080, stack(0x000000bb16a00000,0x000000bb16b00000) (1024K)]
  0x00000241fc4a2220 JavaThread "Thread-7"                   daemon [_thread_in_native, id=19040, stack(0x000000bb16b00000,0x000000bb16c00000) (1024K)]
  0x00000241fc4a42f0 JavaThread "Thread-8"                   daemon [_thread_in_native, id=16944, stack(0x000000bb16c00000,0x000000bb16d00000) (1024K)]
  0x00000241fc4a1b90 JavaThread "Thread-9"                   daemon [_thread_in_native, id=3644, stack(0x000000bb16d00000,0x000000bb16e00000) (1024K)]
  0x00000241fc4a28b0 JavaThread "Thread-10"                  daemon [_thread_in_native, id=1964, stack(0x000000bb16e00000,0x000000bb16f00000) (1024K)]
  0x00000241fe894e90 JavaThread "Thread-11"                  daemon [_thread_in_native, id=12744, stack(0x000000bb16f00000,0x000000bb17000000) (1024K)]
  0x00000241fe896f60 JavaThread "Thread-12"                  daemon [_thread_in_native, id=22024, stack(0x000000bb17000000,0x000000bb17100000) (1024K)]
  0x00000241fe897c80 JavaThread "Thread-13"                  daemon [_thread_in_native, id=22980, stack(0x000000bb17100000,0x000000bb17200000) (1024K)]
  0x00000241fe895bb0 JavaThread "Thread-14"                  daemon [_thread_in_native, id=6336, stack(0x000000bb17200000,0x000000bb17300000) (1024K)]
  0x00000241fe895520 JavaThread "pool-2-thread-1"                   [_thread_blocked, id=21732, stack(0x000000bb17300000,0x000000bb17400000) (1024K)]
  0x00000241fe8968d0 JavaThread "WorkspaceEventsHandler"            [_thread_blocked, id=4640, stack(0x000000bb17600000,0x000000bb17700000) (1024K)]
  0x00000241fe8975f0 JavaThread "pool-1-thread-1"                   [_thread_blocked, id=21264, stack(0x000000bb17700000,0x000000bb17800000) (1024K)]
  0x00000241fe894800 JavaThread "ForkJoinPool.commonPool-worker-1" daemon [_thread_blocked, id=3896, stack(0x000000bb17800000,0x000000bb17900000) (1024K)]
  0x00000241fe896240 JavaThread "ForkJoinPool.commonPool-worker-2" daemon [_thread_blocked, id=22044, stack(0x000000bb17900000,0x000000bb17a00000) (1024K)]
  0x00000241fe899d50 JavaThread "ForkJoinPool.commonPool-worker-3" daemon [_thread_blocked, id=23012, stack(0x000000bb17a00000,0x000000bb17b00000) (1024K)]
  0x00000241fe8996c0 JavaThread "ForkJoinPool.commonPool-worker-4" daemon [_thread_blocked, id=22820, stack(0x000000bb17b00000,0x000000bb17c00000) (1024K)]
  0x00000241fe89b790 JavaThread "ForkJoinPool.commonPool-worker-5" daemon [_thread_blocked, id=18000, stack(0x000000bb17c00000,0x000000bb17d00000) (1024K)]
  0x00000241fe898310 JavaThread "ForkJoinPool.commonPool-worker-6" daemon [_thread_blocked, id=5948, stack(0x000000bb17d00000,0x000000bb17e00000) (1024K)]
  0x00000241fe89b100 JavaThread "ForkJoinPool.commonPool-worker-7" daemon [_thread_blocked, id=23292, stack(0x000000bb17e00000,0x000000bb17f00000) (1024K)]
  0x00000241fe89be20 JavaThread "ForkJoinPool.commonPool-worker-8" daemon [_thread_blocked, id=11280, stack(0x000000bb17f00000,0x000000bb18000000) (1024K)]
  0x00000241fe8989a0 JavaThread "ForkJoinPool.commonPool-worker-9" daemon [_thread_blocked, id=14148, stack(0x000000bb18000000,0x000000bb18100000) (1024K)]
  0x00000241fe899030 JavaThread "ForkJoinPool.commonPool-worker-10" daemon [_thread_blocked, id=15188, stack(0x000000bb18100000,0x000000bb18200000) (1024K)]
  0x00000241fe89a3e0 JavaThread "ForkJoinPool.commonPool-worker-11" daemon [_thread_blocked, id=12788, stack(0x000000bb18200000,0x000000bb18300000) (1024K)]
Total: 54

Other Threads:
  0x00000241dc1d2910 VMThread "VM Thread"                           [id=17832, stack(0x000000bb14200000,0x000000bb14300000) (1024K)]
  0x00000241de45ca00 WatcherThread "VM Periodic Task Thread"        [id=13000, stack(0x000000bb14100000,0x000000bb14200000) (1024K)]
  0x00000241dc1d2570 WorkerThread "GC Thread#0"                     [id=20344, stack(0x000000bb14000000,0x000000bb14100000) (1024K)]
  0x00000241dc1d1a90 WorkerThread "GC Thread#1"                     [id=3028, stack(0x000000bb14f00000,0x000000bb15000000) (1024K)]
  0x00000241dc1d3050 WorkerThread "GC Thread#2"                     [id=18092, stack(0x000000bb15000000,0x000000bb15100000) (1024K)]
  0x00000241fb9dae90 WorkerThread "GC Thread#3"                     [id=18864, stack(0x000000bb15100000,0x000000bb15200000) (1024K)]
  0x00000241fb9db230 WorkerThread "GC Thread#4"                     [id=16840, stack(0x000000bb15200000,0x000000bb15300000) (1024K)]
  0x00000241fb9de150 WorkerThread "GC Thread#5"                     [id=19048, stack(0x000000bb15300000,0x000000bb15400000) (1024K)]
  0x00000241fb9dc0b0 WorkerThread "GC Thread#6"                     [id=23316, stack(0x000000bb15400000,0x000000bb15500000) (1024K)]
  0x00000241fb9db5d0 WorkerThread "GC Thread#7"                     [id=13976, stack(0x000000bb15600000,0x000000bb15700000) (1024K)]
  0x00000241fb9dcb90 WorkerThread "GC Thread#8"                     [id=14844, stack(0x000000bb15a00000,0x000000bb15b00000) (1024K)]
  0x00000241fb9dc450 WorkerThread "GC Thread#9"                     [id=3920, stack(0x000000bb15b00000,0x000000bb15c00000) (1024K)]
Total: 12

Threads with active compile tasks:
C2 CompilerThread0  5584 5137       4       sun.nio.cs.UTF_8$Decoder::decodeLoop (28 bytes)
C2 CompilerThread1  5584 5111   !   4       sun.nio.cs.StreamDecoder::read (78 bytes)
C2 CompilerThread2  5584 5136   !   4       java.nio.charset.CharsetDecoder::decode (275 bytes)
Total: 3

VM state: not at safepoint (normal execution)

VM Mutex/Monitor currently owned by a thread: None

Heap address: 0x0000000080000000, size: 2048 MB, Compressed Oops mode: 32-bit

CDS archive(s) mapped at: [0x0000024180000000-0x0000024180ba0000-0x0000024180ba0000), size 12189696, SharedBaseAddress: 0x0000024180000000, ArchiveRelocationMode: 1.
Compressed class space mapped at: 0x0000024181000000-0x00000241c1000000, reserved size: 1073741824
Narrow klass base: 0x0000024180000000, Narrow klass shift: 0, Narrow klass range: 0x100000000

GC Precious Log:
 CardTable entry size: 512
 CPUs: 12 total, 12 available
 Memory: 16095M
 Large Page Support: Disabled
 NUMA Support: Disabled
 Compressed Oops: Enabled (32-bit)
 Alignments: Space 512K, Generation 512K, Heap 2M
 Heap Min Capacity: 100M
 Heap Initial Capacity: 100M
 Heap Max Capacity: 2G
 Pre-touch: Disabled
 Parallel Workers: 10

Heap:
 PSYoungGen      total 25600K, used 10585K [0x00000000d5580000, 0x00000000d7a00000, 0x0000000100000000)
  eden space 22016K, 31% used [0x00000000d5580000,0x00000000d5c583b8,0x00000000d6b00000)
  from space 3584K, 99% used [0x00000000d6b00000,0x00000000d6e7e2a0,0x00000000d6e80000)
  to   space 7680K, 0% used [0x00000000d7280000,0x00000000d7280000,0x00000000d7a00000)
 ParOldGen       total 68608K, used 24710K [0x0000000080000000, 0x0000000084300000, 0x00000000d5580000)
  object space 68608K, 36% used [0x0000000080000000,0x0000000081821b68,0x0000000084300000)
 Metaspace       used 38831K, committed 40128K, reserved 1114112K
  class space    used 4114K, committed 4672K, reserved 1048576K

Card table byte_map: [0x00000241ddf70000,0x00000241de380000] _byte_map_base: 0x00000241ddb70000

Marking Bits: (ParMarkBitMap*) 0x00007ffdf5ada340
 Begin Bits: [0x00000241f0a70000, 0x00000241f2a70000)
 End Bits:   [0x00000241f2a70000, 0x00000241f4a70000)

Polling page: 0x00000241dc430000

Metaspace:

Usage:
  Non-class:     33.90 MB used.
      Class:      4.02 MB used.
       Both:     37.92 MB used.

Virtual space:
  Non-class space:       64.00 MB reserved,      34.62 MB ( 54%) committed,  1 nodes.
      Class space:        1.00 GB reserved,       4.56 MB ( <1%) committed,  1 nodes.
             Both:        1.06 GB reserved,      39.19 MB (  4%) committed. 

Chunk freelists:
   Non-Class:  12.67 MB
       Class:  11.47 MB
        Both:  24.14 MB

MaxMetaspaceSize: unlimited
CompressedClassSpaceSize: 1.00 GB
Initial GC threshold: 21.00 MB
Current GC threshold: 58.38 MB
CDS: on
 - commit_granule_bytes: 65536.
 - commit_granule_words: 8192.
 - virtual_space_node_default_size: 8388608.
 - enlarge_chunks_in_place: 1.
 - use_allocation_guard: 0.


Internal statistics:

num_allocs_failed_limit: 6.
num_arena_births: 932.
num_arena_deaths: 14.
num_vsnodes_births: 2.
num_vsnodes_deaths: 0.
num_space_committed: 627.
num_space_uncommitted: 0.
num_chunks_returned_to_freelist: 20.
num_chunks_taken_from_freelist: 2699.
num_chunk_merges: 10.
num_chunk_splits: 1647.
num_chunks_enlarged: 904.
num_inconsistent_stats: 0.

CodeHeap 'non-profiled nmethods': size=120000Kb used=2302Kb max_used=2443Kb free=117698Kb
 bounds [0x00000241e9290000, 0x00000241e9510000, 0x00000241f07c0000]
CodeHeap 'profiled nmethods': size=120000Kb used=9245Kb max_used=9920Kb free=110754Kb
 bounds [0x00000241e17c0000, 0x00000241e2190000, 0x00000241e8cf0000]
CodeHeap 'non-nmethods': size=5760Kb used=1360Kb max_used=1410Kb free=4399Kb
 bounds [0x00000241e8cf0000, 0x00000241e8f60000, 0x00000241e9290000]
CodeCache: size=245760Kb, used=12907Kb, max_used=13773Kb, free=232851Kb
 total_blobs=5252, nmethods=4595, adapters=563, full_count=0
Compilation: enabled, stopped_count=0, restarted_count=0

Compilation events (20 events):
Event: 4.542 Thread 0x00000241fb046190 5223       2       java.lang.Class::getDeclaredMethods (27 bytes)
Event: 4.542 Thread 0x00000241fb046190 nmethod 5223 0x00000241e1850710 code [0x00000241e18508c0, 0x00000241e1850a08]
Event: 4.542 Thread 0x00000241fb046190 5224       2       java.lang.Class::isAnnotation (17 bytes)
Event: 4.543 Thread 0x00000241fb046190 nmethod 5224 0x00000241e17f1710 code [0x00000241e17f18a0, 0x00000241e17f19d0]
Event: 4.545 Thread 0x00000241fb046190 5226       2       com.google.inject.internal.MoreTypes::getRawType (141 bytes)
Event: 4.546 Thread 0x00000241fb046190 nmethod 5226 0x00000241e1c49390 code [0x00000241e1c49660, 0x00000241e1c49fd8]
Event: 4.546 Thread 0x00000241fb046190 5227       2       org.eclipse.sisu.space.asm.ClassReader::readUtf (161 bytes)
Event: 4.546 Thread 0x00000241fb046190 nmethod 5227 0x00000241e1c48b90 code [0x00000241e1c48d60, 0x00000241e1c490e8]
Event: 4.547 Thread 0x00000241fb046190 5228       2       com.google.inject.TypeLiteral::<init> (43 bytes)
Event: 4.548 Thread 0x00000241fb046190 nmethod 5228 0x00000241e17ef310 code [0x00000241e17ef500, 0x00000241e17ef810]
Event: 4.549 Thread 0x00000241fb046190 5229       2       com.google.common.cache.LocalCache::expiresAfterAccess (15 bytes)
Event: 4.549 Thread 0x00000241fb046190 nmethod 5229 0x00000241e1c6e390 code [0x00000241e1c6e520, 0x00000241e1c6e648]
Event: 4.550 Thread 0x00000241fb046190 5230       2       org.eclipse.sisu.space.asm.ClassReader::readUtf (44 bytes)
Event: 4.550 Thread 0x00000241fb046190 nmethod 5230 0x00000241e1c6dd90 code [0x00000241e1c6df60, 0x00000241e1c6e200]
Event: 4.550 Thread 0x00000241fb046190 5231       2       org.eclipse.sisu.space.asm.ClassReader::readUTF8 (23 bytes)
Event: 4.550 Thread 0x00000241fb046190 nmethod 5231 0x00000241e1c6d910 code [0x00000241e1c6dac0, 0x00000241e1c6dc78]
Event: 4.553 Thread 0x00000241fb046190 5232       2       com.google.inject.internal.AbstractBindingBuilder::setBinding (22 bytes)
Event: 4.553 Thread 0x00000241fb046190 nmethod 5232 0x00000241e1c6d510 code [0x00000241e1c6d6c0, 0x00000241e1c6d830]
Event: 4.553 Thread 0x00000241fb046190 5233       2       org.eclipse.osgi.storage.bundlefile.ZipBundleEntry::getName (8 bytes)
Event: 5.552 Thread 0x00000241fb046190 nmethod 5233 0x00000241e1c6d190 code [0x00000241e1c6d340, 0x00000241e1c6d478]

GC Heap History (20 events):
Event: 2.689 GC heap before
{Heap before GC invocations=8 (full 1):
 PSYoungGen      total 29184K, used 4392K [0x00000000d5580000, 0x00000000d7780000, 0x0000000100000000)
  eden space 24576K, 0% used [0x00000000d5580000,0x00000000d5580000,0x00000000d6d80000)
  from space 4608K, 95% used [0x00000000d6e80000,0x00000000d72ca370,0x00000000d7300000)
  to   space 4608K, 0% used [0x00000000d7300000,0x00000000d7300000,0x00000000d7780000)
 ParOldGen       total 68608K, used 9277K [0x0000000080000000, 0x0000000084300000, 0x00000000d5580000)
  object space 68608K, 13% used [0x0000000080000000,0x000000008090f530,0x0000000084300000)
 Metaspace       used 20610K, committed 21504K, reserved 1114112K
  class space    used 2199K, committed 2560K, reserved 1048576K
}
Event: 2.717 GC heap after
{Heap after GC invocations=8 (full 1):
 PSYoungGen      total 29184K, used 0K [0x00000000d5580000, 0x00000000d7780000, 0x0000000100000000)
  eden space 24576K, 0% used [0x00000000d5580000,0x00000000d5580000,0x00000000d6d80000)
  from space 4608K, 0% used [0x00000000d6e80000,0x00000000d6e80000,0x00000000d7300000)
  to   space 4608K, 0% used [0x00000000d7300000,0x00000000d7300000,0x00000000d7780000)
 ParOldGen       total 68608K, used 12881K [0x0000000080000000, 0x0000000084300000, 0x00000000d5580000)
  object space 68608K, 18% used [0x0000000080000000,0x0000000080c94668,0x0000000084300000)
 Metaspace       used 20597K, committed 21504K, reserved 1114112K
  class space    used 2196K, committed 2560K, reserved 1048576K
}
Event: 2.869 GC heap before
{Heap before GC invocations=9 (full 1):
 PSYoungGen      total 29184K, used 24576K [0x00000000d5580000, 0x00000000d7780000, 0x0000000100000000)
  eden space 24576K, 100% used [0x00000000d5580000,0x00000000d6d80000,0x00000000d6d80000)
  from space 4608K, 0% used [0x00000000d6e80000,0x00000000d6e80000,0x00000000d7300000)
  to   space 4608K, 0% used [0x00000000d7300000,0x00000000d7300000,0x00000000d7780000)
 ParOldGen       total 68608K, used 12881K [0x0000000080000000, 0x0000000084300000, 0x00000000d5580000)
  object space 68608K, 18% used [0x0000000080000000,0x0000000080c94668,0x0000000084300000)
 Metaspace       used 22732K, committed 23680K, reserved 1114112K
  class space    used 2365K, committed 2752K, reserved 1048576K
}
Event: 2.871 GC heap after
{Heap after GC invocations=9 (full 1):
 PSYoungGen      total 26112K, used 1560K [0x00000000d5580000, 0x00000000d7500000, 0x0000000100000000)
  eden space 24064K, 0% used [0x00000000d5580000,0x00000000d5580000,0x00000000d6d00000)
  from space 2048K, 76% used [0x00000000d7300000,0x00000000d74861c0,0x00000000d7500000)
  to   space 3072K, 0% used [0x00000000d6f00000,0x00000000d6f00000,0x00000000d7200000)
 ParOldGen       total 68608K, used 12889K [0x0000000080000000, 0x0000000084300000, 0x00000000d5580000)
  object space 68608K, 18% used [0x0000000080000000,0x0000000080c96668,0x0000000084300000)
 Metaspace       used 22732K, committed 23680K, reserved 1114112K
  class space    used 2365K, committed 2752K, reserved 1048576K
}
Event: 3.098 GC heap before
{Heap before GC invocations=10 (full 1):
 PSYoungGen      total 26112K, used 25624K [0x00000000d5580000, 0x00000000d7500000, 0x0000000100000000)
  eden space 24064K, 100% used [0x00000000d5580000,0x00000000d6d00000,0x00000000d6d00000)
  from space 2048K, 76% used [0x00000000d7300000,0x00000000d74861c0,0x00000000d7500000)
  to   space 3072K, 0% used [0x00000000d6f00000,0x00000000d6f00000,0x00000000d7200000)
 ParOldGen       total 68608K, used 12889K [0x0000000080000000, 0x0000000084300000, 0x00000000d5580000)
  object space 68608K, 18% used [0x0000000080000000,0x0000000080c96668,0x0000000084300000)
 Metaspace       used 26385K, committed 27392K, reserved 1114112K
  class space    used 2642K, committed 3072K, reserved 1048576K
}
Event: 3.100 GC heap after
{Heap after GC invocations=10 (full 1):
 PSYoungGen      total 25088K, used 1448K [0x00000000d5580000, 0x00000000d7380000, 0x0000000100000000)
  eden space 23552K, 0% used [0x00000000d5580000,0x00000000d5580000,0x00000000d6c80000)
  from space 1536K, 94% used [0x00000000d6f00000,0x00000000d706a0a0,0x00000000d7080000)
  to   space 2048K, 0% used [0x00000000d7180000,0x00000000d7180000,0x00000000d7380000)
 ParOldGen       total 68608K, used 12897K [0x0000000080000000, 0x0000000084300000, 0x00000000d5580000)
  object space 68608K, 18% used [0x0000000080000000,0x0000000080c98668,0x0000000084300000)
 Metaspace       used 26385K, committed 27392K, reserved 1114112K
  class space    used 2642K, committed 3072K, reserved 1048576K
}
Event: 3.323 GC heap before
{Heap before GC invocations=11 (full 1):
 PSYoungGen      total 25088K, used 25000K [0x00000000d5580000, 0x00000000d7380000, 0x0000000100000000)
  eden space 23552K, 100% used [0x00000000d5580000,0x00000000d6c80000,0x00000000d6c80000)
  from space 1536K, 94% used [0x00000000d6f00000,0x00000000d706a0a0,0x00000000d7080000)
  to   space 2048K, 0% used [0x00000000d7180000,0x00000000d7180000,0x00000000d7380000)
 ParOldGen       total 68608K, used 12897K [0x0000000080000000, 0x0000000084300000, 0x00000000d5580000)
  object space 68608K, 18% used [0x0000000080000000,0x0000000080c98668,0x0000000084300000)
 Metaspace       used 28101K, committed 29184K, reserved 1114112K
  class space    used 2775K, committed 3200K, reserved 1048576K
}
Event: 3.325 GC heap after
{Heap after GC invocations=11 (full 1):
 PSYoungGen      total 25088K, used 2011K [0x00000000d5580000, 0x00000000d7380000, 0x0000000100000000)
  eden space 23040K, 0% used [0x00000000d5580000,0x00000000d5580000,0x00000000d6c00000)
  from space 2048K, 98% used [0x00000000d7180000,0x00000000d7376da0,0x00000000d7380000)
  to   space 2560K, 0% used [0x00000000d6e80000,0x00000000d6e80000,0x00000000d7100000)
 ParOldGen       total 68608K, used 14568K [0x0000000080000000, 0x0000000084300000, 0x00000000d5580000)
  object space 68608K, 21% used [0x0000000080000000,0x0000000080e3a1e0,0x0000000084300000)
 Metaspace       used 28101K, committed 29184K, reserved 1114112K
  class space    used 2775K, committed 3200K, reserved 1048576K
}
Event: 3.620 GC heap before
{Heap before GC invocations=12 (full 1):
 PSYoungGen      total 25088K, used 25051K [0x00000000d5580000, 0x00000000d7380000, 0x0000000100000000)
  eden space 23040K, 100% used [0x00000000d5580000,0x00000000d6c00000,0x00000000d6c00000)
  from space 2048K, 98% used [0x00000000d7180000,0x00000000d7376da0,0x00000000d7380000)
  to   space 2560K, 0% used [0x00000000d6e80000,0x00000000d6e80000,0x00000000d7100000)
 ParOldGen       total 68608K, used 14568K [0x0000000080000000, 0x0000000084300000, 0x00000000d5580000)
  object space 68608K, 21% used [0x0000000080000000,0x0000000080e3a1e0,0x0000000084300000)
 Metaspace       used 31338K, committed 32512K, reserved 1114112K
  class space    used 3123K, committed 3648K, reserved 1048576K
}
Event: 3.623 GC heap after
{Heap after GC invocations=12 (full 1):
 PSYoungGen      total 25088K, used 2557K [0x00000000d5580000, 0x00000000d7580000, 0x0000000100000000)
  eden space 22528K, 0% used [0x00000000d5580000,0x00000000d5580000,0x00000000d6b80000)
  from space 2560K, 99% used [0x00000000d6e80000,0x00000000d70ff768,0x00000000d7100000)
  to   space 4608K, 0% used [0x00000000d7100000,0x00000000d7100000,0x00000000d7580000)
 ParOldGen       total 68608K, used 16463K [0x0000000080000000, 0x0000000084300000, 0x00000000d5580000)
  object space 68608K, 23% used [0x0000000080000000,0x0000000081013f20,0x0000000084300000)
 Metaspace       used 31338K, committed 32512K, reserved 1114112K
  class space    used 3123K, committed 3648K, reserved 1048576K
}
Event: 3.829 GC heap before
{Heap before GC invocations=13 (full 1):
 PSYoungGen      total 25088K, used 25079K [0x00000000d5580000, 0x00000000d7580000, 0x0000000100000000)
  eden space 22528K, 99% used [0x00000000d5580000,0x00000000d6b7e6d8,0x00000000d6b80000)
  from space 2560K, 99% used [0x00000000d6e80000,0x00000000d70ff768,0x00000000d7100000)
  to   space 4608K, 0% used [0x00000000d7100000,0x00000000d7100000,0x00000000d7580000)
 ParOldGen       total 68608K, used 16463K [0x0000000080000000, 0x0000000084300000, 0x00000000d5580000)
  object space 68608K, 23% used [0x0000000080000000,0x0000000081013f20,0x0000000084300000)
 Metaspace       used 34025K, committed 35200K, reserved 1114112K
  class space    used 3470K, committed 3968K, reserved 1048576K
}
Event: 3.832 GC heap after
{Heap after GC invocations=13 (full 1):
 PSYoungGen      total 24576K, used 2219K [0x00000000d5580000, 0x00000000d7380000, 0x0000000100000000)
  eden space 22016K, 0% used [0x00000000d5580000,0x00000000d5580000,0x00000000d6b00000)
  from space 2560K, 86% used [0x00000000d7100000,0x00000000d732ac58,0x00000000d7380000)
  to   space 3072K, 0% used [0x00000000d6d80000,0x00000000d6d80000,0x00000000d7080000)
 ParOldGen       total 68608K, used 18488K [0x0000000080000000, 0x0000000084300000, 0x00000000d5580000)
  object space 68608K, 26% used [0x0000000080000000,0x000000008120e248,0x0000000084300000)
 Metaspace       used 34025K, committed 35200K, reserved 1114112K
  class space    used 3470K, committed 3968K, reserved 1048576K
}
Event: 3.909 GC heap before
{Heap before GC invocations=14 (full 1):
 PSYoungGen      total 24576K, used 9182K [0x00000000d5580000, 0x00000000d7380000, 0x0000000100000000)
  eden space 22016K, 31% used [0x00000000d5580000,0x00000000d5c4cbe8,0x00000000d6b00000)
  from space 2560K, 86% used [0x00000000d7100000,0x00000000d732ac58,0x00000000d7380000)
  to   space 3072K, 0% used [0x00000000d6d80000,0x00000000d6d80000,0x00000000d7080000)
 ParOldGen       total 68608K, used 18488K [0x0000000080000000, 0x0000000084300000, 0x00000000d5580000)
  object space 68608K, 26% used [0x0000000080000000,0x000000008120e248,0x0000000084300000)
 Metaspace       used 34696K, committed 35840K, reserved 1114112K
  class space    used 3568K, committed 4096K, reserved 1048576K
}
Event: 3.911 GC heap after
{Heap after GC invocations=14 (full 1):
 PSYoungGen      total 22528K, used 512K [0x00000000d5580000, 0x00000000d7180000, 0x0000000100000000)
  eden space 22016K, 0% used [0x00000000d5580000,0x00000000d5580000,0x00000000d6b00000)
  from space 512K, 100% used [0x00000000d6d80000,0x00000000d6e00000,0x00000000d6e00000)
  to   space 1536K, 0% used [0x00000000d7000000,0x00000000d7000000,0x00000000d7180000)
 ParOldGen       total 68608K, used 20453K [0x0000000080000000, 0x0000000084300000, 0x00000000d5580000)
  object space 68608K, 29% used [0x0000000080000000,0x00000000813f95b8,0x0000000084300000)
 Metaspace       used 34696K, committed 35840K, reserved 1114112K
  class space    used 3568K, committed 4096K, reserved 1048576K
}
Event: 3.911 GC heap before
{Heap before GC invocations=15 (full 2):
 PSYoungGen      total 22528K, used 512K [0x00000000d5580000, 0x00000000d7180000, 0x0000000100000000)
  eden space 22016K, 0% used [0x00000000d5580000,0x00000000d5580000,0x00000000d6b00000)
  from space 512K, 100% used [0x00000000d6d80000,0x00000000d6e00000,0x00000000d6e00000)
  to   space 1536K, 0% used [0x00000000d7000000,0x00000000d7000000,0x00000000d7180000)
 ParOldGen       total 68608K, used 20453K [0x0000000080000000, 0x0000000084300000, 0x00000000d5580000)
  object space 68608K, 29% used [0x0000000080000000,0x00000000813f95b8,0x0000000084300000)
 Metaspace       used 34696K, committed 35840K, reserved 1114112K
  class space    used 3568K, committed 4096K, reserved 1048576K
}
Event: 3.944 GC heap after
{Heap after GC invocations=15 (full 2):
 PSYoungGen      total 22528K, used 0K [0x00000000d5580000, 0x00000000d7180000, 0x0000000100000000)
  eden space 22016K, 0% used [0x00000000d5580000,0x00000000d5580000,0x00000000d6b00000)
  from space 512K, 0% used [0x00000000d6d80000,0x00000000d6d80000,0x00000000d6e00000)
  to   space 1536K, 0% used [0x00000000d7000000,0x00000000d7000000,0x00000000d7180000)
 ParOldGen       total 68608K, used 20051K [0x0000000080000000, 0x0000000084300000, 0x00000000d5580000)
  object space 68608K, 29% used [0x0000000080000000,0x0000000081394d08,0x0000000084300000)
 Metaspace       used 34696K, committed 35840K, reserved 1114112K
  class space    used 3568K, committed 4096K, reserved 1048576K
}
Event: 4.184 GC heap before
{Heap before GC invocations=16 (full 2):
 PSYoungGen      total 22528K, used 22016K [0x00000000d5580000, 0x00000000d7180000, 0x0000000100000000)
  eden space 22016K, 100% used [0x00000000d5580000,0x00000000d6b00000,0x00000000d6b00000)
  from space 512K, 0% used [0x00000000d6d80000,0x00000000d6d80000,0x00000000d6e00000)
  to   space 1536K, 0% used [0x00000000d7000000,0x00000000d7000000,0x00000000d7180000)
 ParOldGen       total 68608K, used 20051K [0x0000000080000000, 0x0000000084300000, 0x00000000d5580000)
  object space 68608K, 29% used [0x0000000080000000,0x0000000081394d08,0x0000000084300000)
 Metaspace       used 37147K, committed 38400K, reserved 1114112K
  class space    used 3892K, committed 4480K, reserved 1048576K
}
Event: 4.189 GC heap after
{Heap after GC invocations=16 (full 2):
 PSYoungGen      total 23552K, used 1511K [0x00000000d5580000, 0x00000000d7200000, 0x0000000100000000)
  eden space 22016K, 0% used [0x00000000d5580000,0x00000000d5580000,0x00000000d6b00000)
  from space 1536K, 98% used [0x00000000d7000000,0x00000000d7179ed8,0x00000000d7180000)
  to   space 3584K, 0% used [0x00000000d6b00000,0x00000000d6b00000,0x00000000d6e80000)
 ParOldGen       total 68608K, used 21480K [0x0000000080000000, 0x0000000084300000, 0x00000000d5580000)
  object space 68608K, 31% used [0x0000000080000000,0x00000000814fa1c8,0x0000000084300000)
 Metaspace       used 37147K, committed 38400K, reserved 1114112K
  class space    used 3892K, committed 4480K, reserved 1048576K
}
Event: 4.456 GC heap before
{Heap before GC invocations=17 (full 2):
 PSYoungGen      total 23552K, used 23527K [0x00000000d5580000, 0x00000000d7200000, 0x0000000100000000)
  eden space 22016K, 100% used [0x00000000d5580000,0x00000000d6b00000,0x00000000d6b00000)
  from space 1536K, 98% used [0x00000000d7000000,0x00000000d7179ed8,0x00000000d7180000)
  to   space 3584K, 0% used [0x00000000d6b00000,0x00000000d6b00000,0x00000000d6e80000)
 ParOldGen       total 68608K, used 21480K [0x0000000080000000, 0x0000000084300000, 0x00000000d5580000)
  object space 68608K, 31% used [0x0000000080000000,0x00000000814fa1c8,0x0000000084300000)
 Metaspace       used 38449K, committed 39680K, reserved 1114112K
  class space    used 4068K, committed 4608K, reserved 1048576K
}
Event: 4.459 GC heap after
{Heap after GC invocations=17 (full 2):
 PSYoungGen      total 25600K, used 3576K [0x00000000d5580000, 0x00000000d7a00000, 0x0000000100000000)
  eden space 22016K, 0% used [0x00000000d5580000,0x00000000d5580000,0x00000000d6b00000)
  from space 3584K, 99% used [0x00000000d6b00000,0x00000000d6e7e2a0,0x00000000d6e80000)
  to   space 7680K, 0% used [0x00000000d7280000,0x00000000d7280000,0x00000000d7a00000)
 ParOldGen       total 68608K, used 24710K [0x0000000080000000, 0x0000000084300000, 0x00000000d5580000)
  object space 68608K, 36% used [0x0000000080000000,0x0000000081821b68,0x0000000084300000)
 Metaspace       used 38449K, committed 39680K, reserved 1114112K
  class space    used 4068K, committed 4608K, reserved 1048576K
}

Dll operation events (10 events):
Event: 0.007 Loaded shared library c:\Users\Shaik\.vscode\extensions\redhat.java-1.45.0-win32-x64\jre\21.0.8-win32-x86_64\bin\java.dll
Event: 0.056 Loaded shared library c:\Users\Shaik\.vscode\extensions\redhat.java-1.45.0-win32-x64\jre\21.0.8-win32-x86_64\bin\zip.dll
Event: 0.075 Loaded shared library C:\Users\Shaik\.vscode\extensions\redhat.java-1.45.0-win32-x64\jre\21.0.8-win32-x86_64\bin\instrument.dll
Event: 0.080 Loaded shared library C:\Users\Shaik\.vscode\extensions\redhat.java-1.45.0-win32-x64\jre\21.0.8-win32-x86_64\bin\net.dll
Event: 0.082 Loaded shared library C:\Users\Shaik\.vscode\extensions\redhat.java-1.45.0-win32-x64\jre\21.0.8-win32-x86_64\bin\nio.dll
Event: 0.085 Loaded shared library C:\Users\Shaik\.vscode\extensions\redhat.java-1.45.0-win32-x64\jre\21.0.8-win32-x86_64\bin\zip.dll
Event: 0.157 Loaded shared library C:\Users\Shaik\.vscode\extensions\redhat.java-1.45.0-win32-x64\jre\21.0.8-win32-x86_64\bin\jimage.dll
Event: 0.234 Loaded shared library c:\Users\Shaik\.vscode\extensions\redhat.java-1.45.0-win32-x64\jre\21.0.8-win32-x86_64\bin\verify.dll
Event: 1.102 Loaded shared library C:\Users\Shaik\AppData\Roaming\Code\User\globalStorage\redhat.java\1.45.0\config_win\org.eclipse.equinox.launcher\org.eclipse.equinox.launcher.win32.win32.x86_64_1.2.1400.v20250801-0854\eclipse_11916.dll
Event: 2.289 Loaded shared library C:\Users\Shaik\AppData\Local\Temp\jna-79847086\jna993817277337109421.dll

Deoptimization events (20 events):
Event: 4.380 Thread 0x00000241fe8975f0 DEOPT PACKING pc=0x00000241e1b75859 sp=0x000000bb177fe040
Event: 4.380 Thread 0x00000241fe8975f0 DEOPT UNPACKING pc=0x00000241e8d44242 sp=0x000000bb177fd4d8 mode 0
Event: 4.384 Thread 0x00000241fe8975f0 Uncommon trap: trap_request=0xfffffff4 fr.pc=0x00000241e9451ba8 relative=0x0000000000000368
Event: 4.384 Thread 0x00000241fe8975f0 Uncommon trap: reason=null_check action=make_not_entrant pc=0x00000241e9451ba8 method=sun.invoke.util.VerifyType.isNullConversion(Ljava/lang/Class;Ljava/lang/Class;Z)Z @ 12 c2
Event: 4.384 Thread 0x00000241fe8975f0 DEOPT PACKING pc=0x00000241e9451ba8 sp=0x000000bb177fcc50
Event: 4.384 Thread 0x00000241fe8975f0 DEOPT UNPACKING pc=0x00000241e8d43aa2 sp=0x000000bb177fcbd8 mode 2
Event: 4.385 Thread 0x00000241fe8975f0 Uncommon trap: trap_request=0xffffff45 fr.pc=0x00000241e92f0928 relative=0x0000000000000108
Event: 4.385 Thread 0x00000241fe8975f0 Uncommon trap: reason=unstable_if action=reinterpret pc=0x00000241e92f0928 method=jdk.internal.org.objectweb.asm.ByteVector.putShort(I)Ljdk/internal/org/objectweb/asm/ByteVector; @ 13 c2
Event: 4.385 Thread 0x00000241fe8975f0 DEOPT PACKING pc=0x00000241e92f0928 sp=0x000000bb177fc850
Event: 4.385 Thread 0x00000241fe8975f0 DEOPT UNPACKING pc=0x00000241e8d43aa2 sp=0x000000bb177fc7d8 mode 2
Event: 4.414 Thread 0x00000241fc4a0e70 Uncommon trap: trap_request=0xffffff45 fr.pc=0x00000241e93b7754 relative=0x0000000000000134
Event: 4.414 Thread 0x00000241fc4a0e70 Uncommon trap: reason=unstable_if action=reinterpret pc=0x00000241e93b7754 method=java.util.ArrayList.indexOfRange(Ljava/lang/Object;II)I @ 7 c2
Event: 4.415 Thread 0x00000241fc4a0e70 DEOPT PACKING pc=0x00000241e93b7754 sp=0x000000bb165fe410
Event: 4.415 Thread 0x00000241fc4a0e70 DEOPT UNPACKING pc=0x00000241e8d43aa2 sp=0x000000bb165fe2d0 mode 2
Event: 4.429 Thread 0x00000241fc4a0e70 Uncommon trap: trap_request=0xffffff45 fr.pc=0x00000241e93b0530 relative=0x0000000000000110
Event: 4.429 Thread 0x00000241fc4a0e70 Uncommon trap: reason=unstable_if action=reinterpret pc=0x00000241e93b0530 method=java.util.ArrayList.indexOfRange(Ljava/lang/Object;II)I @ 7 c2
Event: 4.429 Thread 0x00000241fc4a0e70 DEOPT PACKING pc=0x00000241e93b0530 sp=0x000000bb165fe330
Event: 4.429 Thread 0x00000241fc4a0e70 DEOPT UNPACKING pc=0x00000241e8d43aa2 sp=0x000000bb165fe2d0 mode 2
Event: 4.469 Thread 0x00000241fc4a0e70 DEOPT PACKING pc=0x00000241e17f82c0 sp=0x000000bb165fe330
Event: 4.469 Thread 0x00000241fc4a0e70 DEOPT UNPACKING pc=0x00000241e8d44242 sp=0x000000bb165fd878 mode 0

Classes loaded (20 events):
Event: 4.095 Loading class sun/reflect/annotation/AnnotatedTypeFactory
Event: 4.095 Loading class sun/reflect/annotation/AnnotatedTypeFactory done
Event: 4.095 Loading class sun/reflect/annotation/AnnotatedTypeFactory$AnnotatedTypeBaseImpl
Event: 4.095 Loading class sun/reflect/annotation/AnnotatedTypeFactory$AnnotatedTypeBaseImpl done
Event: 4.099 Loading class java/time/format/DateTimeParseContext
Event: 4.099 Loading class java/time/format/DateTimeParseContext done
Event: 4.099 Loading class java/time/format/Parsed
Event: 4.100 Loading class java/time/format/Parsed done
Event: 4.127 Loading class sun/reflect/generics/repository/FieldRepository
Event: 4.127 Loading class sun/reflect/generics/repository/FieldRepository done
Event: 4.168 Loading class java/util/concurrent/ForkJoinTask$AdaptedCallable
Event: 4.168 Loading class java/util/concurrent/ForkJoinTask$AdaptedCallable done
Event: 4.262 Loading class java/lang/annotation/ElementType
Event: 4.263 Loading class java/lang/annotation/ElementType done
Event: 4.383 Loading class java/lang/invoke/MethodHandleImpl$CountingWrapper
Event: 4.384 Loading class java/lang/invoke/MethodHandleImpl$CountingWrapper done
Event: 4.387 Loading class java/lang/annotation/IncompleteAnnotationException
Event: 4.387 Loading class java/lang/annotation/IncompleteAnnotationException done
Event: 4.439 Loading class java/lang/foreign/MemorySegment
Event: 4.440 Loading class java/lang/foreign/MemorySegment done

Classes unloaded (7 events):
Event: 2.694 Thread 0x00000241dc1d2910 Unloading class 0x00000241811ac800 'java/lang/invoke/LambdaForm$MH+0x00000241811ac800'
Event: 2.694 Thread 0x00000241dc1d2910 Unloading class 0x00000241811ac400 'java/lang/invoke/LambdaForm$MH+0x00000241811ac400'
Event: 2.694 Thread 0x00000241dc1d2910 Unloading class 0x00000241811ac000 'java/lang/invoke/LambdaForm$MH+0x00000241811ac000'
Event: 2.694 Thread 0x00000241dc1d2910 Unloading class 0x00000241811abc00 'java/lang/invoke/LambdaForm$MH+0x00000241811abc00'
Event: 2.694 Thread 0x00000241dc1d2910 Unloading class 0x00000241811ab800 'java/lang/invoke/LambdaForm$BMH+0x00000241811ab800'
Event: 2.694 Thread 0x00000241dc1d2910 Unloading class 0x00000241811ab400 'java/lang/invoke/LambdaForm$DMH+0x00000241811ab400'
Event: 2.694 Thread 0x00000241dc1d2910 Unloading class 0x00000241811aa000 'java/lang/invoke/LambdaForm$DMH+0x00000241811aa000'

Classes redefined (0 events):
No events

Internal exceptions (20 events):
Event: 3.812 Thread 0x00000241fc49d9f0 Exception <a 'sun/nio/fs/WindowsException'{0x00000000d6a71440}> (0x00000000d6a71440) 
thrown [s\src\hotspot\share\prims\jni.cpp, line 520]
Event: 3.819 Thread 0x00000241fc4a0e70 Exception <a 'java/lang/NoSuchMethodError'{0x00000000d6ae4340}: 'java.lang.Object java.lang.invoke.DirectMethodHandle$Holder.invokeSpecialIFC(java.lang.Object, java.lang.Object, java.lang.Object, java.lang.Object)'> (0x00000000d6ae4340) 
thrown [s\src\hotspot\share\interpreter\linkResolver.cpp, line 773]
Event: 3.982 Thread 0x00000241fc49d9f0 Exception <a 'sun/nio/fs/WindowsException'{0x00000000d5b6ce80}> (0x00000000d5b6ce80) 
thrown [s\src\hotspot\share\prims\jni.cpp, line 520]
Event: 4.009 Thread 0x00000241fc49d9f0 Exception <a 'java/io/FileNotFoundException'{0x00000000d5d5e5d8}> (0x00000000d5d5e5d8) 
thrown [s\src\hotspot\share\prims\jni.cpp, line 520]
Event: 4.009 Thread 0x00000241fc49d9f0 Exception <a 'java/io/FileNotFoundException'{0x00000000d5d5f848}> (0x00000000d5d5f848) 
thrown [s\src\hotspot\share\prims\jni.cpp, line 520]
Event: 4.014 Thread 0x00000241fc49d9f0 Exception <a 'java/lang/NoSuchMethodError'{0x00000000d5d94950}: 'java.lang.Object java.lang.invoke.DirectMethodHandle$Holder.newInvokeSpecial(java.lang.Object, java.lang.Object, java.lang.Object, int)'> (0x00000000d5d94950) 
thrown [s\src\hotspot\share\interpreter\linkResolver.cpp, line 773]
Event: 4.014 Thread 0x00000241fc49d9f0 Exception <a 'java/lang/NoSuchMethodError'{0x00000000d5d98608}: 'java.lang.Object java.lang.invoke.DirectMethodHandle$Holder.invokeSpecial(java.lang.Object, java.lang.Object, java.lang.Object, java.lang.Object, int)'> (0x00000000d5d98608) 
thrown [s\src\hotspot\share\interpreter\linkResolver.cpp, line 773]
Event: 4.015 Thread 0x00000241fc49d9f0 Exception <a 'java/lang/NoSuchMethodError'{0x00000000d5d9bab0}: 'java.lang.Object java.lang.invoke.Invokers$Holder.linkToTargetMethod(java.lang.Object, java.lang.Object, int, java.lang.Object)'> (0x00000000d5d9bab0) 
thrown [s\src\hotspot\share\interpreter\linkResolver.cpp, line 773]
Event: 4.017 Thread 0x00000241fc49d9f0 Exception <a 'java/lang/NoSuchMethodError'{0x00000000d5ddcb48}: 'void java.lang.invoke.DirectMethodHandle$Holder.invokeStaticInit(java.lang.Object, java.lang.Object, java.lang.Object)'> (0x00000000d5ddcb48) 
thrown [s\src\hotspot\share\interpreter\linkResolver.cpp, line 773]
Event: 4.029 Thread 0x00000241de5cec10 Exception <a 'java/lang/NoSuchMethodError'{0x00000000d5ec8b88}: 'void java.lang.invoke.DirectMethodHandle$Holder.invokeSpecial(java.lang.Object, java.lang.Object, java.lang.Object, java.lang.Object, java.lang.Object, java.lang.Object)'> (0x00000000d5ec8b88) 
thrown [s\src\hotspot\share\interpreter\linkResolver.cpp, line 773]
Event: 4.030 Thread 0x00000241de5cec10 Exception <a 'java/lang/IncompatibleClassChangeError'{0x00000000d5ed9f18}: Found class java.lang.Object, but interface was expected> (0x00000000d5ed9f18) 
thrown [s\src\hotspot\share\interpreter\linkResolver.cpp, line 840]
Event: 4.030 Thread 0x00000241de5cec10 Exception <a 'java/lang/IncompatibleClassChangeError'{0x00000000d5edbe18}: Found class java.lang.Object, but interface was expected> (0x00000000d5edbe18) 
thrown [s\src\hotspot\share\interpreter\linkResolver.cpp, line 840]
Event: 4.164 Thread 0x00000241fc49d9f0 Exception <a 'java/io/FileNotFoundException'{0x00000000d6786bc8}> (0x00000000d6786bc8) 
thrown [s\src\hotspot\share\prims\jni.cpp, line 520]
Event: 4.164 Thread 0x00000241fc49d9f0 Exception <a 'java/io/FileNotFoundException'{0x00000000d6787910}> (0x00000000d6787910) 
thrown [s\src\hotspot\share\prims\jni.cpp, line 520]
Event: 4.352 Thread 0x00000241fe8975f0 Exception <a 'java/io/FileNotFoundException'{0x00000000d631f020}> (0x00000000d631f020) 
thrown [s\src\hotspot\share\prims\jni.cpp, line 520]
Event: 4.383 Thread 0x00000241fe8975f0 Exception <a 'java/lang/NoSuchMethodError'{0x00000000d65a3340}: 'java.lang.Object java.lang.invoke.DirectMethodHandle$Holder.invokeStatic(java.lang.Object, int, java.lang.Object, java.lang.Object)'> (0x00000000d65a3340) 
thrown [s\src\hotspot\share\interpreter\linkResolver.cpp, line 773]
Event: 4.383 Thread 0x00000241fe8975f0 Exception <a 'java/lang/NoSuchMethodError'{0x00000000d65a6b40}: 'java.lang.Object java.lang.invoke.DelegatingMethodHandle$Holder.delegate(java.lang.Object, int, java.lang.Object, java.lang.Object)'> (0x00000000d65a6b40) 
thrown [s\src\hotspot\share\interpreter\linkResolver.cpp, line 773]
Event: 4.384 Thread 0x00000241fe8975f0 Implicit null exception at 0x00000241e9451876 to 0x00000241e9451b98
Event: 4.386 Thread 0x00000241fe8975f0 Exception <a 'java/lang/NoSuchMethodError'{0x00000000d65cf908}: 'int java.lang.invoke.Invokers$Holder.linkToTargetMethod(java.lang.Object, java.lang.Object, java.lang.Object)'> (0x00000000d65cf908) 
thrown [s\src\hotspot\share\interpreter\linkResolver.cpp, line 773]
Event: 4.388 Thread 0x00000241fc4a0e70 Exception <a 'java/lang/NoClassDefFoundError'{0x00000000d65e4b28}: javax/enterprise/inject/Typed> (0x00000000d65e4b28) 
thrown [s\src\hotspot\share\classfile\systemDictionary.cpp, line 301]

ZGC Phase Switch (0 events):
No events

VM Operations (20 events):
Event: 3.441 Executing VM operation: HandshakeAllThreads (Deoptimize) done
Event: 3.457 Executing VM operation: HandshakeAllThreads (Deoptimize)
Event: 3.457 Executing VM operation: HandshakeAllThreads (Deoptimize) done
Event: 3.620 Executing VM operation: ParallelGCFailedAllocation (Allocation Failure)
Event: 3.623 Executing VM operation: ParallelGCFailedAllocation (Allocation Failure) done
Event: 3.775 Executing VM operation: HandshakeAllThreads (Deoptimize)
Event: 3.775 Executing VM operation: HandshakeAllThreads (Deoptimize) done
Event: 3.825 Executing VM operation: ParallelGCFailedAllocation (Allocation Failure)
Event: 3.832 Executing VM operation: ParallelGCFailedAllocation (Allocation Failure) done
Event: 3.909 Executing VM operation: CollectForMetadataAllocation (Metadata GC Threshold)
Event: 3.944 Executing VM operation: CollectForMetadataAllocation (Metadata GC Threshold) done
Event: 4.183 Executing VM operation: ParallelGCFailedAllocation (Allocation Failure)
Event: 4.189 Executing VM operation: ParallelGCFailedAllocation (Allocation Failure) done
Event: 4.340 Executing VM operation: HandshakeAllThreads (Deoptimize)
Event: 4.341 Executing VM operation: HandshakeAllThreads (Deoptimize) done
Event: 4.374 Executing VM operation: HandshakeAllThreads (Deoptimize)
Event: 4.374 Executing VM operation: HandshakeAllThreads (Deoptimize) done
Event: 4.456 Executing VM operation: ParallelGCFailedAllocation (Allocation Failure)
Event: 4.459 Executing VM operation: ParallelGCFailedAllocation (Allocation Failure) done
Event: 5.460 Executing VM operation: Cleanup

Memory protections (0 events):
No events

Nmethod flushes (20 events):
Event: 3.928 Thread 0x00000241dc1d2910 flushing  nmethod 0x00000241e1e00e90
Event: 3.928 Thread 0x00000241dc1d2910 flushing  nmethod 0x00000241e1e07010
Event: 3.928 Thread 0x00000241dc1d2910 flushing  nmethod 0x00000241e1e33390
Event: 3.928 Thread 0x00000241dc1d2910 flushing  nmethod 0x00000241e1e34810
Event: 3.928 Thread 0x00000241dc1d2910 flushing  nmethod 0x00000241e1e35110
Event: 3.928 Thread 0x00000241dc1d2910 flushing  nmethod 0x00000241e1e36310
Event: 3.928 Thread 0x00000241dc1d2910 flushing  nmethod 0x00000241e1e36f10
Event: 3.928 Thread 0x00000241dc1d2910 flushing  nmethod 0x00000241e1e38f90
Event: 3.928 Thread 0x00000241dc1d2910 flushing  nmethod 0x00000241e1e39910
Event: 3.928 Thread 0x00000241dc1d2910 flushing  nmethod 0x00000241e1e3a610
Event: 3.928 Thread 0x00000241dc1d2910 flushing  nmethod 0x00000241e1e3aa90
Event: 3.928 Thread 0x00000241dc1d2910 flushing  nmethod 0x00000241e1e3b790
Event: 3.928 Thread 0x00000241dc1d2910 flushing  nmethod 0x00000241e1e82310
Event: 3.928 Thread 0x00000241dc1d2910 flushing  nmethod 0x00000241e1e8ae10
Event: 3.928 Thread 0x00000241dc1d2910 flushing  nmethod 0x00000241e1f01410
Event: 3.928 Thread 0x00000241dc1d2910 flushing  nmethod 0x00000241e1f01e10
Event: 3.928 Thread 0x00000241dc1d2910 flushing  nmethod 0x00000241e1f04790
Event: 3.928 Thread 0x00000241dc1d2910 flushing  nmethod 0x00000241e1f31110
Event: 3.928 Thread 0x00000241dc1d2910 flushing  nmethod 0x00000241e1f31590
Event: 3.928 Thread 0x00000241dc1d2910 flushing  nmethod 0x00000241e1f4d290

Events (20 events):
Event: 3.666 Thread 0x00000241de5cec10 Thread added: 0x00000241fc4a1b90
Event: 3.666 Thread 0x00000241de5cec10 Thread added: 0x00000241fc4a28b0
Event: 3.666 Thread 0x00000241de5cec10 Thread added: 0x00000241fe894e90
Event: 3.667 Thread 0x00000241de5cec10 Thread added: 0x00000241fe896f60
Event: 3.668 Thread 0x00000241de5cec10 Thread added: 0x00000241fe897c80
Event: 3.668 Thread 0x00000241de5cec10 Thread added: 0x00000241fe895bb0
Event: 3.688 Thread 0x00000241de5cec10 Thread added: 0x00000241fe895520
Event: 4.058 Thread 0x00000241de5cec10 Thread added: 0x00000241fe8968d0
Event: 4.059 Thread 0x00000241de5cec10 Thread added: 0x00000241fe8975f0
Event: 4.169 Thread 0x00000241fc49d9f0 Thread added: 0x00000241fe894800
Event: 4.169 Thread 0x00000241fc49d9f0 Thread added: 0x00000241fe896240
Event: 4.170 Thread 0x00000241fe894800 Thread added: 0x00000241fe899d50
Event: 4.170 Thread 0x00000241fe896240 Thread added: 0x00000241fe8996c0
Event: 4.170 Thread 0x00000241fe899d50 Thread added: 0x00000241fe89b790
Event: 4.171 Thread 0x00000241fe8996c0 Thread added: 0x00000241fe898310
Event: 4.171 Thread 0x00000241fe899d50 Thread added: 0x00000241fe89b100
Event: 4.171 Thread 0x00000241fe89b790 Thread added: 0x00000241fe89be20
Event: 4.172 Thread 0x00000241fe898310 Thread added: 0x00000241fe8989a0
Event: 4.173 Thread 0x00000241fe89b100 Thread added: 0x00000241fe899030
Event: 4.173 Thread 0x00000241fe89be20 Thread added: 0x00000241fe89a3e0


Dynamic libraries:
0x00007ff7e67c0000 - 0x00007ff7e67ce000 	c:\Users\Shaik\.vscode\extensions\redhat.java-1.45.0-win32-x64\jre\21.0.8-win32-x86_64\bin\java.exe
0x00007ffe80e80000 - 0x00007ffe810e9000 	C:\WINDOWS\SYSTEM32\ntdll.dll
0x00007ffe80390000 - 0x00007ffe80459000 	C:\WINDOWS\System32\KERNEL32.DLL
0x00007ffe7e2c0000 - 0x00007ffe7e6b3000 	C:\WINDOWS\System32\KERNELBASE.dll
0x00007ffe7e780000 - 0x00007ffe7e8cb000 	C:\WINDOWS\System32\ucrtbase.dll
0x00007ffe33230000 - 0x00007ffe33248000 	c:\Users\Shaik\.vscode\extensions\redhat.java-1.45.0-win32-x64\jre\21.0.8-win32-x86_64\bin\jli.dll
0x00007ffe80700000 - 0x00007ffe808c4000 	C:\WINDOWS\System32\USER32.dll
0x00007ffe7e8d0000 - 0x00007ffe7e8f7000 	C:\WINDOWS\System32\win32u.dll
0x00007ffe80a90000 - 0x00007ffe80abb000 	C:\WINDOWS\System32\GDI32.dll
0x00007ffe7e190000 - 0x00007ffe7e2bd000 	C:\WINDOWS\System32\gdi32full.dll
0x00007ffe7e9a0000 - 0x00007ffe7ea43000 	C:\WINDOWS\System32\msvcp_win.dll
0x00007ffe33ea0000 - 0x00007ffe33ebe000 	c:\Users\Shaik\.vscode\extensions\redhat.java-1.45.0-win32-x64\jre\21.0.8-win32-x86_64\bin\VCRUNTIME140.dll
0x00007ffe5b3a0000 - 0x00007ffe5b633000 	C:\WINDOWS\WinSxS\amd64_microsoft.windows.common-controls_6595b64144ccf1df_6.0.26100.5074_none_3e0d6f78e32fd63f\COMCTL32.dll
0x00007ffe7f890000 - 0x00007ffe7f939000 	C:\WINDOWS\System32\msvcrt.dll
0x00007ffe7efe0000 - 0x00007ffe7f00f000 	C:\WINDOWS\System32\IMM32.DLL
0x00007ffe6bfd0000 - 0x00007ffe6bfdc000 	c:\Users\Shaik\.vscode\extensions\redhat.java-1.45.0-win32-x64\jre\21.0.8-win32-x86_64\bin\vcruntime140_1.dll
0x00007ffdf8b30000 - 0x00007ffdf8bbd000 	c:\Users\Shaik\.vscode\extensions\redhat.java-1.45.0-win32-x64\jre\21.0.8-win32-x86_64\bin\msvcp140.dll
0x00007ffdf4e20000 - 0x00007ffdf5bb7000 	c:\Users\Shaik\.vscode\extensions\redhat.java-1.45.0-win32-x64\jre\21.0.8-win32-x86_64\bin\server\jvm.dll
0x00007ffe808d0000 - 0x00007ffe80984000 	C:\WINDOWS\System32\ADVAPI32.dll
0x00007ffe7f680000 - 0x00007ffe7f726000 	C:\WINDOWS\System32\sechost.dll
0x00007ffe7fa50000 - 0x00007ffe7fb68000 	C:\WINDOWS\System32\RPCRT4.dll
0x00007ffe80310000 - 0x00007ffe80384000 	C:\WINDOWS\System32\WS2_32.dll
0x00007ffe7de70000 - 0x00007ffe7dece000 	C:\WINDOWS\SYSTEM32\POWRPROF.dll
0x00007ffe6a4b0000 - 0x00007ffe6a4bb000 	C:\WINDOWS\SYSTEM32\VERSION.dll
0x00007ffe72c00000 - 0x00007ffe72c35000 	C:\WINDOWS\SYSTEM32\WINMM.dll
0x00007ffe7de50000 - 0x00007ffe7de64000 	C:\WINDOWS\SYSTEM32\UMPDC.dll
0x00007ffe7cdd0000 - 0x00007ffe7cdeb000 	C:\WINDOWS\SYSTEM32\kernel.appcore.dll
0x00007ffe5e580000 - 0x00007ffe5e58a000 	c:\Users\Shaik\.vscode\extensions\redhat.java-1.45.0-win32-x64\jre\21.0.8-win32-x86_64\bin\jimage.dll
0x00007ffe7b830000 - 0x00007ffe7ba72000 	C:\WINDOWS\SYSTEM32\DBGHELP.DLL
0x00007ffe80ac0000 - 0x00007ffe80e3b000 	C:\WINDOWS\System32\combase.dll
0x00007ffe804c0000 - 0x00007ffe80597000 	C:\WINDOWS\System32\OLEAUT32.dll
0x00007ffe59e60000 - 0x00007ffe59e9d000 	C:\WINDOWS\SYSTEM32\dbgcore.DLL
0x00007ffe7e900000 - 0x00007ffe7e999000 	C:\WINDOWS\System32\bcryptPrimitives.dll
0x00007ffe4e930000 - 0x00007ffe4e93f000 	c:\Users\Shaik\.vscode\extensions\redhat.java-1.45.0-win32-x64\jre\21.0.8-win32-x86_64\bin\instrument.dll
0x00007ffe31cd0000 - 0x00007ffe31cef000 	c:\Users\Shaik\.vscode\extensions\redhat.java-1.45.0-win32-x64\jre\21.0.8-win32-x86_64\bin\java.dll
0x00007ffe7fb70000 - 0x00007ffe802bd000 	C:\WINDOWS\System32\SHELL32.dll
0x00007ffe7eae0000 - 0x00007ffe7ec4c000 	C:\WINDOWS\System32\wintypes.dll
0x00007ffe7bc40000 - 0x00007ffe7c499000 	C:\WINDOWS\SYSTEM32\windows.storage.dll
0x00007ffe80990000 - 0x00007ffe80a80000 	C:\WINDOWS\System32\SHCORE.dll
0x00007ffe80620000 - 0x00007ffe80682000 	C:\WINDOWS\System32\shlwapi.dll
0x00007ffe7df30000 - 0x00007ffe7df59000 	C:\WINDOWS\SYSTEM32\profapi.dll
0x00007ffe31b80000 - 0x00007ffe31b98000 	c:\Users\Shaik\.vscode\extensions\redhat.java-1.45.0-win32-x64\jre\21.0.8-win32-x86_64\bin\zip.dll
0x00007ffe4e810000 - 0x00007ffe4e820000 	C:\Users\Shaik\.vscode\extensions\redhat.java-1.45.0-win32-x64\jre\21.0.8-win32-x86_64\bin\net.dll
0x00007ffe757c0000 - 0x00007ffe758df000 	C:\WINDOWS\SYSTEM32\WINHTTP.dll
0x00007ffe7d370000 - 0x00007ffe7d3db000 	C:\WINDOWS\system32\mswsock.dll
0x00007ffe31a70000 - 0x00007ffe31a86000 	C:\Users\Shaik\.vscode\extensions\redhat.java-1.45.0-win32-x64\jre\21.0.8-win32-x86_64\bin\nio.dll
0x00007ffe47610000 - 0x00007ffe47620000 	c:\Users\Shaik\.vscode\extensions\redhat.java-1.45.0-win32-x64\jre\21.0.8-win32-x86_64\bin\verify.dll
0x00007ffe38400000 - 0x00007ffe38444000 	C:\Users\Shaik\AppData\Roaming\Code\User\globalStorage\redhat.java\1.45.0\config_win\org.eclipse.equinox.launcher\org.eclipse.equinox.launcher.win32.win32.x86_64_1.2.1400.v20250801-0854\eclipse_11916.dll
0x00007ffe7ec50000 - 0x00007ffe7ede8000 	C:\WINDOWS\System32\ole32.dll
0x00007ffe7d610000 - 0x00007ffe7d62b000 	C:\WINDOWS\SYSTEM32\CRYPTSP.dll
0x00007ffe7cd30000 - 0x00007ffe7cd6b000 	C:\WINDOWS\system32\rsaenh.dll
0x00007ffe7d410000 - 0x00007ffe7d43b000 	C:\WINDOWS\SYSTEM32\USERENV.dll
0x00007ffe7df00000 - 0x00007ffe7df26000 	C:\WINDOWS\SYSTEM32\bcrypt.dll
0x00007ffe7d630000 - 0x00007ffe7d63c000 	C:\WINDOWS\SYSTEM32\CRYPTBASE.dll
0x00007ffe7c7b0000 - 0x00007ffe7c7e4000 	C:\WINDOWS\SYSTEM32\IPHLPAPI.DLL
0x00007ffe7efd0000 - 0x00007ffe7efda000 	C:\WINDOWS\System32\NSI.dll
0x00007ffe6bfe0000 - 0x00007ffe6c029000 	C:\Users\Shaik\AppData\Local\Temp\jna-79847086\jna993817277337109421.dll
0x00007ffe7f940000 - 0x00007ffe7f948000 	C:\WINDOWS\System32\PSAPI.DLL
0x00007ffe75990000 - 0x00007ffe759ae000 	C:\WINDOWS\SYSTEM32\dhcpcsvc6.DLL
0x00007ffe75960000 - 0x00007ffe75983000 	C:\WINDOWS\SYSTEM32\dhcpcsvc.DLL

JVMTI agents:
c:\Users\Shaik\.vscode\extensions\redhat.java-1.45.0-win32-x64\lombok\lombok-1.18.39-4050.jar path:c:\Users\Shaik\.vscode\extensions\redhat.java-1.45.0-win32-x64\jre\21.0.8-win32-x86_64\bin\instrument.dll, loaded, initialized, instrumentlib options:none

dbghelp: loaded successfully - version: 4.0.5 - missing functions: none
symbol engine: initialized successfully - sym options: 0x614 - pdb path: .;c:\Users\Shaik\.vscode\extensions\redhat.java-1.45.0-win32-x64\jre\21.0.8-win32-x86_64\bin;C:\WINDOWS\SYSTEM32;C:\WINDOWS\WinSxS\amd64_microsoft.windows.common-controls_6595b64144ccf1df_6.0.26100.5074_none_3e0d6f78e32fd63f;c:\Users\Shaik\.vscode\extensions\redhat.java-1.45.0-win32-x64\jre\21.0.8-win32-x86_64\bin\server;C:\Users\Shaik\AppData\Roaming\Code\User\globalStorage\redhat.java\1.45.0\config_win\org.eclipse.equinox.launcher\org.eclipse.equinox.launcher.win32.win32.x86_64_1.2.1400.v20250801-0854;C:\Users\Shaik\AppData\Local\Temp\jna-79847086

VM Arguments:
jvm_args: --add-modules=ALL-SYSTEM --add-opens=java.base/java.util=ALL-UNNAMED --add-opens=java.base/java.lang=ALL-UNNAMED --add-opens=java.base/sun.nio.fs=ALL-UNNAMED -Declipse.application=org.eclipse.jdt.ls.core.id1 -Dosgi.bundles.defaultStartLevel=4 -Declipse.product=org.eclipse.jdt.ls.core.product -Djava.import.generatesMetadataFilesAtProjectRoot=false -DDetectVMInstallationsJob.disabled=true -Dfile.encoding=utf8 -XX:+UseParallelGC -XX:GCTimeRatio=4 -XX:AdaptiveSizePolicyWeight=90 -Dsun.zip.disableMemoryMapping=true -Xmx2G -Xms100m -Xlog:disable -javaagent:c:\Users\Shaik\.vscode\extensions\redhat.java-1.45.0-win32-x64\lombok\lombok-1.18.39-4050.jar -XX:+HeapDumpOnOutOfMemoryError -XX:HeapDumpPath=c:\Users\Shaik\AppData\Roaming\Code\User\workspaceStorage\afca35b473cf894c4c28a104f8da3bc1\redhat.java -Daether.dependencyCollector.impl=bf 
java_command: c:\Users\Shaik\.vscode\extensions\redhat.java-1.45.0-win32-x64\server\plugins\org.eclipse.equinox.launcher_1.7.0.v20250519-0528.jar -configuration c:\Users\Shaik\AppData\Roaming\Code\User\globalStorage\redhat.java\1.45.0\config_win -data c:\Users\Shaik\AppData\Roaming\Code\User\workspaceStorage\afca35b473cf894c4c28a104f8da3bc1\redhat.java\jdt_ws --pipe=\\.\pipe\lsp-f564425ed18aa76a8a5a6ccf56224adf-sock
java_class_path (initial): c:\Users\Shaik\.vscode\extensions\redhat.java-1.45.0-win32-x64\server\plugins\org.eclipse.equinox.launcher_1.7.0.v20250519-0528.jar
Launcher Type: SUN_STANDARD

[Global flags]
    uintx AdaptiveSizePolicyWeight                 = 90                                        {product} {command line}
     intx CICompilerCount                          = 4                                         {product} {ergonomic}
    uintx GCTimeRatio                              = 4                                         {product} {command line}
     bool HeapDumpOnOutOfMemoryError               = true                                   {manageable} {command line}
    ccstr HeapDumpPath                             = c:\Users\Shaik\AppData\Roaming\Code\User\workspaceStorage\afca35b473cf894c4c28a104f8da3bc1\redhat.java         {manageable} {command line}
   size_t InitialHeapSize                          = 104857600                                 {product} {command line}
   size_t MaxHeapSize                              = 2147483648                                {product} {command line}
   size_t MaxNewSize                               = 715653120                                 {product} {ergonomic}
   size_t MinHeapDeltaBytes                        = 524288                                    {product} {ergonomic}
   size_t MinHeapSize                              = 104857600                                 {product} {command line}
   size_t NewSize                                  = 34603008                                  {product} {ergonomic}
    uintx NonNMethodCodeHeapSize                   = 5839372                                {pd product} {ergonomic}
    uintx NonProfiledCodeHeapSize                  = 122909434                              {pd product} {ergonomic}
   size_t OldSize                                  = 70254592                                  {product} {ergonomic}
    uintx ProfiledCodeHeapSize                     = 122909434                              {pd product} {ergonomic}
    uintx ReservedCodeCacheSize                    = 251658240                              {pd product} {ergonomic}
     bool SegmentedCodeCache                       = true                                      {product} {ergonomic}
   size_t SoftMaxHeapSize                          = 2147483648                             {manageable} {ergonomic}
     bool UseCompressedOops                        = true                           {product lp64_product} {ergonomic}
     bool UseLargePagesIndividualAllocation        = false                                  {pd product} {ergonomic}
     bool UseParallelGC                            = true                                      {product} {command line}

Logging:
Log output configuration:
 #0: stdout all=off uptime,level,tags foldmultilines=false
 #1: stderr all=off uptime,level,tags foldmultilines=false

Environment Variables:
JAVA_HOME=C:\Program Files\Java\jdk-21
PATH=C:\3-1\apache-maven-3.9.11-bin\apache-maven-3.9.11\bin;C:\Program Files\Java\jdk-21\bin;C:\Program Files\nodejs;C:\Program Files\Docker\Docker\resources\bin;C:\Program Files\Git\cmd;C:\Program Files\nodejs\;C:\Users\Shaik\Downloads\apache-maven-3.9.11\bin;C:\Users\Shaik\AppData\Local\Programs\Microsoft VS Code\bin;C:\Users\Shaik\AppData\Roaming\npm
USERNAME=Shaik
OS=Windows_NT
PROCESSOR_IDENTIFIER=Intel64 Family 6 Model 186 Stepping 3, GenuineIntel
TMP=C:\Users\Shaik\AppData\Local\Temp
TEMP=C:\Users\Shaik\AppData\Local\Temp




Periodic native trim disabled

---------------  S Y S T E M  ---------------

OS:
 Windows 11 , 64 bit Build 26100 (10.0.26100.5074)
OS uptime: 0 days 0:15 hours
Hyper-V role detected

CPU: total 12 (initial active 12) (6 cores per cpu, 2 threads per core) family 6 model 186 stepping 3 microcode 0x4128, cx8, cmov, fxsr, ht, mmx, 3dnowpref, sse, sse2, sse3, ssse3, sse4.1, sse4.2, popcnt, lzcnt, tsc, tscinvbit, avx, avx2, aes, erms, clmul, bmi1, bmi2, adx, sha, fma, vzeroupper, clflush, clflushopt, clwb, hv, serialize, rdtscp, rdpid, fsrm, f16c, cet_ibt, cet_ss
Processor Information for processor 0
  Max Mhz: 1300, Current Mhz: 1300, Mhz Limit: 1300
Processor Information for processor 1
  Max Mhz: 1300, Current Mhz: 1300, Mhz Limit: 1300
Processor Information for processor 2
  Max Mhz: 1300, Current Mhz: 1300, Mhz Limit: 1300
Processor Information for processor 3
  Max Mhz: 1300, Current Mhz: 1300, Mhz Limit: 1300
Processor Information for processor 4
  Max Mhz: 1300, Current Mhz: 900, Mhz Limit: 897
Processor Information for processor 5
  Max Mhz: 1300, Current Mhz: 900, Mhz Limit: 897
Processor Information for processor 6
  Max Mhz: 1300, Current Mhz: 900, Mhz Limit: 897
Processor Information for processor 7
  Max Mhz: 1300, Current Mhz: 900, Mhz Limit: 897
Processor Information for processor 8
  Max Mhz: 1300, Current Mhz: 900, Mhz Limit: 897
Processor Information for processor 9
  Max Mhz: 1300, Current Mhz: 900, Mhz Limit: 897
Processor Information for processor 10
  Max Mhz: 1300, Current Mhz: 900, Mhz Limit: 897
Processor Information for processor 11
  Max Mhz: 1300, Current Mhz: 900, Mhz Limit: 897

Memory: 4k page, system-wide physical 16095M (2805M free)
TotalPageFile size 16095M (AvailPageFile size 34M)
current process WorkingSet (physical memory assigned to process): 201M, peak: 216M
current process commit charge ("private bytes"): 331M, peak: 347M

vm_info: OpenJDK 64-Bit Server VM (21.0.8+9-LTS) for windows-amd64 JRE (21.0.8+9-LTS), built on 2025-07-15T00:00:00Z by "admin" with MS VC++ 17.7 (VS2022)

END.
