#
# There is insufficient memory for the Java Runtime Environment to continue.
# Native memory allocation (malloc) failed to allocate 1048576 bytes. Error detail: AllocateHeap
# Possible reasons:
#   The system is out of physical RAM or swap space
#   This process is running with CompressedOops enabled, and the Java Heap may be blocking the growth of the native heap
# Possible solutions:
#   Reduce memory load on the system
#   Increase physical memory or swap space
#   Check if swap backing store is full
#   Decrease Java heap size (-Xmx/-Xms)
#   Decrease number of Java threads
#   Decrease Java thread stack sizes (-Xss)
#   Set larger code cache with -XX:ReservedCodeCacheSize=
#   JVM is running with Unscaled Compressed Oops mode in which the Java heap is
#     placed in the first 4GB address space. The Java Heap base address is the
#     maximum limit for the native heap growth. Please use -XX:HeapBaseMinAddress
#     to set the Java Heap base and to place the Java Heap above 4GB virtual address.
# This output file may be truncated or incomplete.
#
#  Out of Memory Error (allocation.cpp:44), pid=8184, tid=22648
#
# JRE version: OpenJDK Runtime Environment Temurin-21.0.8+9 (21.0.8+9) (build 21.0.8+9-LTS)
# Java VM: OpenJDK 64-Bit Server VM Temurin-21.0.8+9 (21.0.8+9-LTS, mixed mode, sharing, tiered, compressed oops, compressed class ptrs, parallel gc, windows-amd64)
# No core dump will be written. Minidumps are not enabled by default on client versions of Windows
#

---------------  S U M M A R Y ------------

Command Line: --add-modules=ALL-SYSTEM --add-opens=java.base/java.util=ALL-UNNAMED --add-opens=java.base/java.lang=ALL-UNNAMED --add-opens=java.base/sun.nio.fs=ALL-UNNAMED -Declipse.application=org.eclipse.jdt.ls.core.id1 -Dosgi.bundles.defaultStartLevel=4 -Declipse.product=org.eclipse.jdt.ls.core.product -Djava.import.generatesMetadataFilesAtProjectRoot=false -DDetectVMInstallationsJob.disabled=true -Dfile.encoding=utf8 -XX:+UseParallelGC -XX:GCTimeRatio=4 -XX:AdaptiveSizePolicyWeight=90 -Dsun.zip.disableMemoryMapping=true -Xmx2G -Xms100m -Xlog:disable -javaagent:c:\Users\Shaik\.vscode\extensions\redhat.java-1.45.0-win32-x64\lombok\lombok-1.18.39-4050.jar -XX:+HeapDumpOnOutOfMemoryError -XX:HeapDumpPath=c:\Users\Shaik\AppData\Roaming\Code\User\workspaceStorage\afca35b473cf894c4c28a104f8da3bc1\redhat.java -Daether.dependencyCollector.impl=bf c:\Users\Shaik\.vscode\extensions\redhat.java-1.45.0-win32-x64\server\plugins\org.eclipse.equinox.launcher_1.7.0.v20250519-0528.jar -configuration c:\Users\Shaik\AppData\Roaming\Code\User\globalStorage\redhat.java\1.45.0\config_win -data c:\Users\Shaik\AppData\Roaming\Code\User\workspaceStorage\afca35b473cf894c4c28a104f8da3bc1\redhat.java\jdt_ws --pipe=\\.\pipe\lsp-fa1d80d0852d4c756c02630e1c3f38ee-sock

Host: 13th Gen Intel(R) Core(TM) i5-1335U, 12 cores, 15G,  Windows 11 , 64 bit Build 26100 (10.0.26100.5074)
Time: Tue Sep 23 16:31:34 2025 India Standard Time elapsed time: 204.291637 seconds (0d 0h 3m 24s)

---------------  T H R E A D  ---------------

Current thread (0x0000022e756779f0):  JavaThread "Attach Listener" daemon [_thread_in_vm, id=22648, stack(0x0000004130100000,0x0000004130200000) (1024K)]

Stack: [0x0000004130100000,0x0000004130200000]
Native frames: (J=compiled Java code, j=interpreted, Vv=VM code, C=native code)
V  [jvm.dll+0x6d2449]
V  [jvm.dll+0x8ae341]
V  [jvm.dll+0x8b08be]
V  [jvm.dll+0x8b0fa3]
V  [jvm.dll+0x280c96]
V  [jvm.dll+0xc0347]
V  [jvm.dll+0x6d2cf9]
V  [jvm.dll+0x131116]
V  [jvm.dll+0x3f2d16]
V  [jvm.dll+0x857e6b]
V  [jvm.dll+0x6d0b0d]
C  [ucrtbase.dll+0x37b0]
C  [KERNEL32.DLL+0x2e8d7]
C  [ntdll.dll+0x8d9c]


---------------  P R O C E S S  ---------------

Threads class SMR info:
_java_thread_list=0x0000022e7eb2de70, length=80, elements={
0x0000022e5ccdcc00, 0x0000022e756744b0, 0x0000022e7377c790, 0x0000022e7377e780,
0x0000022e756779f0, 0x0000022e75678770, 0x0000022e7567d710, 0x0000022e7567e710,
0x0000022e756bba30, 0x0000022e75778610, 0x0000022e75776bd0, 0x0000022e75776540,
0x0000022e75777260, 0x0000022e75779330, 0x0000022e75778ca0, 0x0000022e75777f80,
0x0000022e75775eb0, 0x0000022e7ab326f0, 0x0000022e7ab33410, 0x0000022e7ab32d80,
0x0000022e7ab33aa0, 0x0000022e7ab32060, 0x0000022e7ab36f20, 0x0000022e7ab347c0,
0x0000022e7ab34130, 0x0000022e7ab34e50, 0x0000022e7ab35b70, 0x0000022e7ab37c40,
0x0000022e7ab36200, 0x0000022e7ab38960, 0x0000022e7ab382d0, 0x0000022e7ab38ff0,
0x0000022e7ab39680, 0x0000022e7ab36890, 0x0000022e7d572e40, 0x0000022e7d5734d0,
0x0000022e7d571400, 0x0000022e7d570d70, 0x0000022e7d5706e0, 0x0000022e7d571a90,
0x0000022e7d5741f0, 0x0000022e7d574f10, 0x0000022e7d5755a0, 0x0000022e7d572120,
0x0000022e7d575c30, 0x0000022e7d5727b0, 0x0000022e7d5762c0, 0x0000022e7d576950,
0x0000022e7d576fe0, 0x0000022e7d573b60, 0x0000022e7d577670, 0x0000022e7a0080c0,
0x0000022e7a00a820, 0x0000022e7a008750, 0x0000022e7a00aeb0, 0x0000022e7a00c260,
0x0000022e7a008de0, 0x0000022e7a00d610, 0x0000022e7a00c8f0, 0x0000022e7a00e330,
0x0000022e7a00e9c0, 0x0000022e7a00f6e0, 0x0000022e7a00dca0, 0x0000022e7a00cf80,
0x0000022e7a00f050, 0x0000022e7fc5a100, 0x0000022e7fc5a790, 0x0000022e7fc5ae20,
0x0000022e7fc5b4b0, 0x0000022e7fc5d580, 0x0000022e7fc5bb40, 0x0000022e7fc5cef0,
0x0000022e7fc5c860, 0x0000022e7ead2750, 0x0000022e7ead2de0, 0x0000022e7ead5bd0,
0x0000022e7ead3470, 0x0000022e7ead4820, 0x0000022e7ead4190, 0x0000022e7ead4eb0
}

Java Threads: ( => current thread )
  0x0000022e5ccdcc00 JavaThread "main"                              [_thread_blocked, id=22552, stack(0x000000412fa00000,0x000000412fb00000) (1024K)]
  0x0000022e756744b0 JavaThread "Reference Handler"          daemon [_thread_blocked, id=23348, stack(0x000000412fe00000,0x000000412ff00000) (1024K)]
  0x0000022e7377c790 JavaThread "Finalizer"                  daemon [_thread_blocked, id=23476, stack(0x000000412ff00000,0x0000004130000000) (1024K)]
  0x0000022e7377e780 JavaThread "Signal Dispatcher"          daemon [_thread_blocked, id=21360, stack(0x0000004130000000,0x0000004130100000) (1024K)]
=>0x0000022e756779f0 JavaThread "Attach Listener"            daemon [_thread_in_vm, id=22648, stack(0x0000004130100000,0x0000004130200000) (1024K)]
  0x0000022e75678770 JavaThread "Service Thread"             daemon [_thread_blocked, id=22896, stack(0x0000004130200000,0x0000004130300000) (1024K)]
  0x0000022e7567d710 JavaThread "Monitor Deflation Thread"   daemon [_thread_blocked, id=22656, stack(0x0000004130300000,0x0000004130400000) (1024K)]
  0x0000022e7567e710 JavaThread "C2 CompilerThread0"         daemon [_thread_blocked, id=22852, stack(0x0000004130400000,0x0000004130500000) (1024K)]
  0x0000022e756bba30 JavaThread "C1 CompilerThread0"         daemon [_thread_blocked, id=22936, stack(0x0000004130500000,0x0000004130600000) (1024K)]
  0x0000022e75778610 JavaThread "Common-Cleaner"             daemon [_thread_blocked, id=22652, stack(0x0000004130600000,0x0000004130700000) (1024K)]
  0x0000022e75776bd0 JavaThread "Notification Thread"        daemon [_thread_blocked, id=22584, stack(0x0000004130800000,0x0000004130900000) (1024K)]
  0x0000022e75776540 JavaThread "Active Thread: Equinox Container: a7df0b9b-d83b-43c5-ace3-90f2ad1c0dd0"        [_thread_blocked, id=23000, stack(0x0000004131000000,0x0000004131100000) (1024K)]
  0x0000022e75777260 JavaThread "Refresh Thread: Equinox Container: a7df0b9b-d83b-43c5-ace3-90f2ad1c0dd0" daemon [_thread_blocked, id=1336, stack(0x0000004130900000,0x0000004130a00000) (1024K)]
  0x0000022e75779330 JavaThread "Framework Event Dispatcher: Equinox Container: a7df0b9b-d83b-43c5-ace3-90f2ad1c0dd0" daemon [_thread_blocked, id=22776, stack(0x0000004131100000,0x0000004131200000) (1024K)]
  0x0000022e75778ca0 JavaThread "Start Level: Equinox Container: a7df0b9b-d83b-43c5-ace3-90f2ad1c0dd0" daemon [_thread_blocked, id=1464, stack(0x0000004131200000,0x0000004131300000) (1024K)]
  0x0000022e75777f80 JavaThread "Bundle File Closer"         daemon [_thread_blocked, id=4404, stack(0x0000004131600000,0x0000004131700000) (1024K)]
  0x0000022e75775eb0 JavaThread "SCR Component Actor"        daemon [_thread_blocked, id=14800, stack(0x0000004131300000,0x0000004131400000) (1024K)]
  0x0000022e7ab326f0 JavaThread "Worker-JM"                         [_thread_blocked, id=16284, stack(0x000000412f900000,0x000000412fa00000) (1024K)]
  0x0000022e7ab33410 JavaThread "JNA Cleaner"                daemon [_thread_blocked, id=17088, stack(0x0000004131700000,0x0000004131800000) (1024K)]
  0x0000022e7ab32d80 JavaThread "Worker-0"                          [_thread_blocked, id=22772, stack(0x0000004131a00000,0x0000004131b00000) (1024K)]
  0x0000022e7ab33aa0 JavaThread "Worker-1"                          [_thread_blocked, id=20880, stack(0x0000004131b00000,0x0000004131c00000) (1024K)]
  0x0000022e7ab32060 JavaThread "Worker-2"                          [_thread_blocked, id=2568, stack(0x0000004131c00000,0x0000004131d00000) (1024K)]
  0x0000022e7ab36f20 JavaThread "Java indexing"              daemon [_thread_blocked, id=952, stack(0x000000412f800000,0x000000412f900000) (1024K)]
  0x0000022e7ab347c0 JavaThread "Worker-3"                          [_thread_blocked, id=10076, stack(0x0000004131f00000,0x0000004132000000) (1024K)]
  0x0000022e7ab34130 JavaThread "Worker-4"                          [_thread_blocked, id=12192, stack(0x0000004132000000,0x0000004132100000) (1024K)]
  0x0000022e7ab34e50 JavaThread "Thread-3"                   daemon [_thread_in_native, id=18928, stack(0x0000004132100000,0x0000004132200000) (1024K)]
  0x0000022e7ab35b70 JavaThread "Thread-4"                   daemon [_thread_in_native, id=23420, stack(0x0000004132200000,0x0000004132300000) (1024K)]
  0x0000022e7ab37c40 JavaThread "Thread-5"                   daemon [_thread_in_native, id=23272, stack(0x0000004132300000,0x0000004132400000) (1024K)]
  0x0000022e7ab36200 JavaThread "Thread-6"                   daemon [_thread_in_native, id=23264, stack(0x0000004132400000,0x0000004132500000) (1024K)]
  0x0000022e7ab38960 JavaThread "Thread-7"                   daemon [_thread_in_native, id=21708, stack(0x0000004132500000,0x0000004132600000) (1024K)]
  0x0000022e7ab382d0 JavaThread "Thread-8"                   daemon [_thread_in_native, id=5800, stack(0x0000004132600000,0x0000004132700000) (1024K)]
  0x0000022e7ab38ff0 JavaThread "Thread-9"                   daemon [_thread_in_native, id=22704, stack(0x0000004132700000,0x0000004132800000) (1024K)]
  0x0000022e7ab39680 JavaThread "Thread-10"                  daemon [_thread_in_native, id=22880, stack(0x0000004132800000,0x0000004132900000) (1024K)]
  0x0000022e7ab36890 JavaThread "Thread-11"                  daemon [_thread_in_native, id=8124, stack(0x0000004132900000,0x0000004132a00000) (1024K)]
  0x0000022e7d572e40 JavaThread "Thread-12"                  daemon [_thread_in_native, id=19816, stack(0x0000004132a00000,0x0000004132b00000) (1024K)]
  0x0000022e7d5734d0 JavaThread "Thread-13"                  daemon [_thread_in_native, id=12532, stack(0x0000004132b00000,0x0000004132c00000) (1024K)]
  0x0000022e7d571400 JavaThread "Thread-14"                  daemon [_thread_in_native, id=22604, stack(0x0000004132c00000,0x0000004132d00000) (1024K)]
  0x0000022e7d570d70 JavaThread "Thread-15"                  daemon [_thread_in_native, id=5860, stack(0x0000004132d00000,0x0000004132e00000) (1024K)]
  0x0000022e7d5706e0 JavaThread "pool-2-thread-1"                   [_thread_blocked, id=11676, stack(0x0000004132e00000,0x0000004132f00000) (1024K)]
  0x0000022e7d571a90 JavaThread "WorkspaceEventsHandler"            [_thread_blocked, id=17032, stack(0x0000004132f00000,0x0000004133000000) (1024K)]
  0x0000022e7d5741f0 JavaThread "pool-1-thread-1"                   [_thread_blocked, id=3368, stack(0x0000004133000000,0x0000004133100000) (1024K)]
  0x0000022e7d574f10 JavaThread "ForkJoinPool.commonPool-worker-1" daemon [_thread_blocked, id=22840, stack(0x0000004133100000,0x0000004133200000) (1024K)]
  0x0000022e7d5755a0 JavaThread "ForkJoinPool.commonPool-worker-2" daemon [_thread_blocked, id=10752, stack(0x0000004133200000,0x0000004133300000) (1024K)]
  0x0000022e7d572120 JavaThread "ForkJoinPool.commonPool-worker-3" daemon [_thread_blocked, id=6164, stack(0x0000004133300000,0x0000004133400000) (1024K)]
  0x0000022e7d575c30 JavaThread "ForkJoinPool.commonPool-worker-4" daemon [_thread_blocked, id=14212, stack(0x0000004133400000,0x0000004133500000) (1024K)]
  0x0000022e7d5727b0 JavaThread "ForkJoinPool.commonPool-worker-5" daemon [_thread_blocked, id=18232, stack(0x0000004133500000,0x0000004133600000) (1024K)]
  0x0000022e7d5762c0 JavaThread "ForkJoinPool.commonPool-worker-6" daemon [_thread_blocked, id=18116, stack(0x0000004133600000,0x0000004133700000) (1024K)]
  0x0000022e7d576950 JavaThread "ForkJoinPool.commonPool-worker-7" daemon [_thread_blocked, id=5176, stack(0x0000004133700000,0x0000004133800000) (1024K)]
  0x0000022e7d576fe0 JavaThread "ForkJoinPool.commonPool-worker-8" daemon [_thread_blocked, id=14012, stack(0x0000004133800000,0x0000004133900000) (1024K)]
  0x0000022e7d573b60 JavaThread "ForkJoinPool.commonPool-worker-9" daemon [_thread_blocked, id=17140, stack(0x0000004133900000,0x0000004133a00000) (1024K)]
  0x0000022e7d577670 JavaThread "ForkJoinPool.commonPool-worker-10" daemon [_thread_blocked, id=19028, stack(0x0000004133a00000,0x0000004133b00000) (1024K)]
  0x0000022e7a0080c0 JavaThread "ForkJoinPool.commonPool-worker-11" daemon [_thread_blocked, id=16836, stack(0x0000004133b00000,0x0000004133c00000) (1024K)]
  0x0000022e7a00a820 JavaThread "LocalFile Deleter"          daemon [_thread_blocked, id=19480, stack(0x0000004133d00000,0x0000004133e00000) (1024K)]
  0x0000022e7a008750 JavaThread "LocalFile Deleter"          daemon [_thread_blocked, id=19580, stack(0x0000004133e00000,0x0000004133f00000) (1024K)]
  0x0000022e7a00aeb0 JavaThread "LocalFile Deleter"          daemon [_thread_blocked, id=1300, stack(0x0000004133f00000,0x0000004134000000) (1024K)]
  0x0000022e7a00c260 JavaThread "LocalFile Deleter"          daemon [_thread_blocked, id=8092, stack(0x0000004134000000,0x0000004134100000) (1024K)]
  0x0000022e7a008de0 JavaThread "LocalFile Deleter"          daemon [_thread_blocked, id=6160, stack(0x0000004134100000,0x0000004134200000) (1024K)]
  0x0000022e7a00d610 JavaThread "LocalFile Deleter"          daemon [_thread_blocked, id=5864, stack(0x0000004134200000,0x0000004134300000) (1024K)]
  0x0000022e7a00c8f0 JavaThread "LocalFile Deleter"          daemon [_thread_blocked, id=13672, stack(0x0000004134300000,0x0000004134400000) (1024K)]
  0x0000022e7a00e330 JavaThread "LocalFile Deleter"          daemon [_thread_blocked, id=20820, stack(0x0000004134400000,0x0000004134500000) (1024K)]
  0x0000022e7a00e9c0 JavaThread "LocalFile Deleter"          daemon [_thread_blocked, id=12832, stack(0x0000004134500000,0x0000004134600000) (1024K)]
  0x0000022e7a00f6e0 JavaThread "LocalFile Deleter"          daemon [_thread_blocked, id=22576, stack(0x0000004134600000,0x0000004134700000) (1024K)]
  0x0000022e7a00dca0 JavaThread "LocalFile Deleter"          daemon [_thread_blocked, id=23112, stack(0x0000004134700000,0x0000004134800000) (1024K)]
  0x0000022e7a00cf80 JavaThread "LocalFile Deleter"          daemon [_thread_blocked, id=21900, stack(0x0000004134800000,0x0000004134900000) (1024K)]
  0x0000022e7a00f050 JavaThread "Compiler Source File Reader" daemon [_thread_blocked, id=12696, stack(0x0000004134900000,0x0000004134a00000) (1024K)]
  0x0000022e7fc5a100 JavaThread "Compiler Source File Reader" daemon [_thread_blocked, id=10004, stack(0x0000004134a00000,0x0000004134b00000) (1024K)]
  0x0000022e7fc5a790 JavaThread "Compiler Source File Reader" daemon [_thread_blocked, id=13908, stack(0x0000004134b00000,0x0000004134c00000) (1024K)]
  0x0000022e7fc5ae20 JavaThread "Compiler Source File Reader" daemon [_thread_blocked, id=6644, stack(0x0000004134c00000,0x0000004134d00000) (1024K)]
  0x0000022e7fc5b4b0 JavaThread "Compiler Source File Reader" daemon [_thread_blocked, id=10108, stack(0x0000004134d00000,0x0000004134e00000) (1024K)]
  0x0000022e7fc5d580 JavaThread "Compiler Source File Reader" daemon [_thread_blocked, id=10888, stack(0x0000004134e00000,0x0000004134f00000) (1024K)]
  0x0000022e7fc5bb40 JavaThread "Compiler Processing Task"   daemon [_thread_blocked, id=18944, stack(0x0000004134f00000,0x0000004135000000) (1024K)]
  0x0000022e7fc5cef0 JavaThread "Compiler Class File Writer" daemon [_thread_blocked, id=7248, stack(0x0000004135000000,0x0000004135100000) (1024K)]
  0x0000022e7fc5c860 JavaThread "Worker-5"                          [_thread_blocked, id=12260, stack(0x0000004135100000,0x0000004135200000) (1024K)]
  0x0000022e7ead2750 JavaThread "Compiler Class File Writer" daemon [_thread_blocked, id=19832, stack(0x0000004135200000,0x0000004135300000) (1024K)]
  0x0000022e7ead2de0 JavaThread "Compiler Class File Writer" daemon [_thread_blocked, id=23196, stack(0x0000004135300000,0x0000004135400000) (1024K)]
  0x0000022e7ead5bd0 JavaThread "Compiler Class File Writer" daemon [_thread_blocked, id=19696, stack(0x0000004135400000,0x0000004135500000) (1024K)]
  0x0000022e7ead3470 JavaThread "Compiler Class File Writer" daemon [_thread_blocked, id=22800, stack(0x0000004135500000,0x0000004135600000) (1024K)]
  0x0000022e7ead4820 JavaThread "Compiler Class File Writer" daemon [_thread_blocked, id=23180, stack(0x0000004135600000,0x0000004135700000) (1024K)]
  0x0000022e7ead4190 JavaThread "Compiler Source File Reader" daemon [_thread_blocked, id=17792, stack(0x0000004135700000,0x0000004135800000) (1024K)]
  0x0000022e7ead4eb0 JavaThread "Compiler Class File Writer" daemon [_thread_blocked, id=12012, stack(0x0000004135800000,0x0000004135900000) (1024K)]
Total: 80

Other Threads:
  0x0000022e5cd9e820 VMThread "VM Thread"                           [id=23296, stack(0x000000412fd00000,0x000000412fe00000) (1024K)]
  0x0000022e7365ca00 WatcherThread "VM Periodic Task Thread"        [id=22696, stack(0x000000412fc00000,0x000000412fd00000) (1024K)]
  0x0000022e5ccfafe0 WorkerThread "GC Thread#0"                     [id=22796, stack(0x000000412fb00000,0x000000412fc00000) (1024K)]
  0x0000022e7a54e810 WorkerThread "GC Thread#1"                     [id=4388, stack(0x0000004130a00000,0x0000004130b00000) (1024K)]
  0x0000022e7a1759b0 WorkerThread "GC Thread#2"                     [id=13796, stack(0x0000004130b00000,0x0000004130c00000) (1024K)]
  0x0000022e7a7e5f70 WorkerThread "GC Thread#3"                     [id=17412, stack(0x0000004130c00000,0x0000004130d00000) (1024K)]
  0x0000022e7a7e6310 WorkerThread "GC Thread#4"                     [id=10512, stack(0x0000004130d00000,0x0000004130e00000) (1024K)]
  0x0000022e7a7e66b0 WorkerThread "GC Thread#5"                     [id=20828, stack(0x0000004130e00000,0x0000004130f00000) (1024K)]
  0x0000022e7a42bef0 WorkerThread "GC Thread#6"                     [id=12380, stack(0x0000004130f00000,0x0000004131000000) (1024K)]
  0x0000022e7a9e41a0 WorkerThread "GC Thread#7"                     [id=17132, stack(0x0000004130700000,0x0000004130800000) (1024K)]
  0x0000022e7a314690 WorkerThread "GC Thread#8"                     [id=8072, stack(0x0000004131400000,0x0000004131500000) (1024K)]
  0x0000022e7ac69af0 WorkerThread "GC Thread#9"                     [id=14684, stack(0x0000004131500000,0x0000004131600000) (1024K)]
Total: 12

Threads with active compile tasks:
Total: 0

VM state: not at safepoint (normal execution)

VM Mutex/Monitor currently owned by a thread: None

Heap address: 0x0000000080000000, size: 2048 MB, Compressed Oops mode: 32-bit

CDS archive(s) mapped at: [0x0000022e00000000-0x0000022e00ba0000-0x0000022e00ba0000), size 12189696, SharedBaseAddress: 0x0000022e00000000, ArchiveRelocationMode: 1.
Compressed class space mapped at: 0x0000022e01000000-0x0000022e41000000, reserved size: 1073741824
Narrow klass base: 0x0000022e00000000, Narrow klass shift: 0, Narrow klass range: 0x100000000

GC Precious Log:
 CardTable entry size: 512
 CPUs: 12 total, 12 available
 Memory: 16095M
 Large Page Support: Disabled
 NUMA Support: Disabled
 Compressed Oops: Enabled (32-bit)
 Alignments: Space 512K, Generation 512K, Heap 2M
 Heap Min Capacity: 100M
 Heap Initial Capacity: 100M
 Heap Max Capacity: 2G
 Pre-touch: Disabled
 Parallel Workers: 10

Heap:
 PSYoungGen      total 20480K, used 13252K [0x00000000d5580000, 0x00000000d6c00000, 0x0000000100000000)
  eden space 18432K, 63% used [0x00000000d5580000,0x00000000d60e9390,0x00000000d6780000)
  from space 2048K, 76% used [0x00000000d6a00000,0x00000000d6b88000,0x00000000d6c00000)
  to   space 2048K, 0% used [0x00000000d6800000,0x00000000d6800000,0x00000000d6a00000)
 ParOldGen       total 78336K, used 66165K [0x0000000080000000, 0x0000000084c80000, 0x00000000d5580000)
  object space 78336K, 84% used [0x0000000080000000,0x000000008409d690,0x0000000084c80000)
 Metaspace       used 63441K, committed 65024K, reserved 1114112K
  class space    used 6791K, committed 7488K, reserved 1048576K

Card table byte_map: [0x0000022e5c680000,0x0000022e5ca90000] _byte_map_base: 0x0000022e5c280000

Marking Bits: (ParMarkBitMap*) 0x00007ffdf5ada340
 Begin Bits: [0x0000022e6f180000, 0x0000022e71180000)
 End Bits:   [0x0000022e71180000, 0x0000022e73180000)

Polling page: 0x0000022e5ab90000

Metaspace:

Usage:
  Non-class:     55.32 MB used.
      Class:      6.63 MB used.
       Both:     61.95 MB used.

Virtual space:
  Non-class space:       64.00 MB reserved,      56.19 MB ( 88%) committed,  1 nodes.
      Class space:        1.00 GB reserved,       7.31 MB ( <1%) committed,  1 nodes.
             Both:        1.06 GB reserved,      63.50 MB (  6%) committed. 

Chunk freelists:
   Non-Class:  7.68 MB
       Class:  8.72 MB
        Both:  16.41 MB

MaxMetaspaceSize: unlimited
CompressedClassSpaceSize: 1.00 GB
Initial GC threshold: 21.00 MB
Current GC threshold: 97.31 MB
CDS: on
 - commit_granule_bytes: 65536.
 - commit_granule_words: 8192.
 - virtual_space_node_default_size: 8388608.
 - enlarge_chunks_in_place: 1.
 - use_allocation_guard: 0.


Internal statistics:

num_allocs_failed_limit: 9.
num_arena_births: 1290.
num_arena_deaths: 26.
num_vsnodes_births: 2.
num_vsnodes_deaths: 0.
num_space_committed: 1016.
num_space_uncommitted: 0.
num_chunks_returned_to_freelist: 40.
num_chunks_taken_from_freelist: 4343.
num_chunk_merges: 15.
num_chunk_splits: 2628.
num_chunks_enlarged: 1446.
num_inconsistent_stats: 0.

CodeHeap 'non-profiled nmethods': size=120000Kb used=7446Kb max_used=7446Kb free=112553Kb
 bounds [0x0000022e679a0000, 0x0000022e680f0000, 0x0000022e6eed0000]
CodeHeap 'profiled nmethods': size=120000Kb used=22800Kb max_used=22800Kb free=97199Kb
 bounds [0x0000022e5fed0000, 0x0000022e61520000, 0x0000022e67400000]
CodeHeap 'non-nmethods': size=5760Kb used=1437Kb max_used=1485Kb free=4322Kb
 bounds [0x0000022e67400000, 0x0000022e67670000, 0x0000022e679a0000]
CodeCache: size=245760Kb, used=31683Kb, max_used=31731Kb, free=214074Kb
 total_blobs=10948, nmethods=10194, adapters=660, full_count=0
Compilation: enabled, stopped_count=0, restarted_count=0

Compilation events (20 events):
Event: 154.440 Thread 0x0000022e756bba30 11096       3       jdk.internal.reflect.MethodHandleBooleanFieldAccessorImpl::get (9 bytes)
Event: 154.440 Thread 0x0000022e756bba30 nmethod 11096 0x0000022e61510010 code [0x0000022e615101e0, 0x0000022e615103f8]
Event: 154.440 Thread 0x0000022e756bba30 11097   !   3       jdk.internal.reflect.MethodHandleBooleanFieldAccessorImpl::getBoolean (44 bytes)
Event: 154.440 Thread 0x0000022e7567e710 11102       4       java.io.StringWriter::write (10 bytes)
Event: 154.440 Thread 0x0000022e756bba30 nmethod 11097 0x0000022e61510510 code [0x0000022e61510780, 0x0000022e61511158]
Event: 154.440 Thread 0x0000022e756bba30 11098       3       java.lang.invoke.DirectMethodHandle$Holder::getBoolean (28 bytes)
Event: 154.441 Thread 0x0000022e756bba30 nmethod 11098 0x0000022e61511690 code [0x0000022e61511860, 0x0000022e61511de0]
Event: 154.441 Thread 0x0000022e756bba30 11099       3       com.google.gson.internal.bind.TypeAdapters$3::write (10 bytes)
Event: 154.441 Thread 0x0000022e756bba30 nmethod 11099 0x0000022e61511f90 code [0x0000022e61512140, 0x0000022e61512460]
Event: 154.441 Thread 0x0000022e756bba30 11100       3       com.google.gson.internal.bind.TypeAdapters$3::write (7 bytes)
Event: 154.441 Thread 0x0000022e756bba30 nmethod 11100 0x0000022e61512590 code [0x0000022e61512740, 0x0000022e61512918]
Event: 154.441 Thread 0x0000022e756bba30 11095       3       com.google.gson.stream.JsonWriter::nullValue (43 bytes)
Event: 154.441 Thread 0x0000022e756bba30 nmethod 11095 0x0000022e61512a10 code [0x0000022e61512c00, 0x0000022e61513020]
Event: 154.441 Thread 0x0000022e756bba30 11103       3       java.lang.invoke.DirectMethodHandle$Holder::getReference (28 bytes)
Event: 154.442 Thread 0x0000022e756bba30 nmethod 11103 0x0000022e61513190 code [0x0000022e61513360, 0x0000022e61513968]
Event: 154.442 Thread 0x0000022e756bba30 11104       3       com.google.gson.internal.bind.TypeAdapters$21::write (10 bytes)
Event: 154.442 Thread 0x0000022e756bba30 nmethod 11104 0x0000022e61513b10 code [0x0000022e61513d40, 0x0000022e615144d8]
Event: 154.448 Thread 0x0000022e7567e710 nmethod 11102 0x0000022e680e4790 code [0x0000022e680e4980, 0x0000022e680e53c0]
Event: 154.484 Thread 0x0000022e756bba30 11105       1       org.eclipse.core.internal.jobs.JobManager::isActive (5 bytes)
Event: 154.485 Thread 0x0000022e756bba30 nmethod 11105 0x0000022e680e5890 code [0x0000022e680e5a20, 0x0000022e680e5af0]

GC Heap History (20 events):
Event: 142.791 GC heap before
{Heap before GC invocations=64 (full 2):
 PSYoungGen      total 23040K, used 22656K [0x00000000d5580000, 0x00000000d6d00000, 0x0000000100000000)
  eden space 22016K, 100% used [0x00000000d5580000,0x00000000d6b00000,0x00000000d6b00000)
  from space 1024K, 62% used [0x00000000d6b00000,0x00000000d6ba0000,0x00000000d6c00000)
  to   space 1024K, 0% used [0x00000000d6c00000,0x00000000d6c00000,0x00000000d6d00000)
 ParOldGen       total 75264K, used 75076K [0x0000000080000000, 0x0000000084980000, 0x00000000d5580000)
  object space 75264K, 99% used [0x0000000080000000,0x0000000084951170,0x0000000084980000)
 Metaspace       used 54421K, committed 55808K, reserved 1114112K
  class space    used 5800K, committed 6400K, reserved 1048576K
}
Event: 142.793 GC heap after
{Heap after GC invocations=64 (full 2):
 PSYoungGen      total 21504K, used 1024K [0x00000000d5580000, 0x00000000d7000000, 0x0000000100000000)
  eden space 20480K, 0% used [0x00000000d5580000,0x00000000d5580000,0x00000000d6980000)
  from space 1024K, 100% used [0x00000000d6c00000,0x00000000d6d00000,0x00000000d6d00000)
  to   space 2560K, 0% used [0x00000000d6980000,0x00000000d6980000,0x00000000d6c00000)
 ParOldGen       total 76288K, used 76180K [0x0000000080000000, 0x0000000084a80000, 0x00000000d5580000)
  object space 76288K, 99% used [0x0000000080000000,0x0000000084a65180,0x0000000084a80000)
 Metaspace       used 54421K, committed 55808K, reserved 1114112K
  class space    used 5800K, committed 6400K, reserved 1048576K
}
Event: 143.159 GC heap before
{Heap before GC invocations=65 (full 2):
 PSYoungGen      total 21504K, used 21504K [0x00000000d5580000, 0x00000000d7000000, 0x0000000100000000)
  eden space 20480K, 100% used [0x00000000d5580000,0x00000000d6980000,0x00000000d6980000)
  from space 1024K, 100% used [0x00000000d6c00000,0x00000000d6d00000,0x00000000d6d00000)
  to   space 2560K, 0% used [0x00000000d6980000,0x00000000d6980000,0x00000000d6c00000)
 ParOldGen       total 76288K, used 76180K [0x0000000080000000, 0x0000000084a80000, 0x00000000d5580000)
  object space 76288K, 99% used [0x0000000080000000,0x0000000084a65180,0x0000000084a80000)
 Metaspace       used 56599K, committed 57984K, reserved 1114112K
  class space    used 6056K, committed 6656K, reserved 1048576K
}
Event: 143.161 GC heap after
{Heap after GC invocations=65 (full 2):
 PSYoungGen      total 21504K, used 862K [0x00000000d5580000, 0x00000000d6c80000, 0x0000000100000000)
  eden space 20480K, 0% used [0x00000000d5580000,0x00000000d5580000,0x00000000d6980000)
  from space 1024K, 84% used [0x00000000d6980000,0x00000000d6a57868,0x00000000d6a80000)
  to   space 1536K, 0% used [0x00000000d6b00000,0x00000000d6b00000,0x00000000d6c80000)
 ParOldGen       total 77312K, used 77111K [0x0000000080000000, 0x0000000084b80000, 0x00000000d5580000)
  object space 77312K, 99% used [0x0000000080000000,0x0000000084b4de60,0x0000000084b80000)
 Metaspace       used 56599K, committed 57984K, reserved 1114112K
  class space    used 6056K, committed 6656K, reserved 1048576K
}
Event: 143.719 GC heap before
{Heap before GC invocations=66 (full 2):
 PSYoungGen      total 21504K, used 21342K [0x00000000d5580000, 0x00000000d6c80000, 0x0000000100000000)
  eden space 20480K, 100% used [0x00000000d5580000,0x00000000d6980000,0x00000000d6980000)
  from space 1024K, 84% used [0x00000000d6980000,0x00000000d6a57868,0x00000000d6a80000)
  to   space 1536K, 0% used [0x00000000d6b00000,0x00000000d6b00000,0x00000000d6c80000)
 ParOldGen       total 77312K, used 77111K [0x0000000080000000, 0x0000000084b80000, 0x00000000d5580000)
  object space 77312K, 99% used [0x0000000080000000,0x0000000084b4de60,0x0000000084b80000)
 Metaspace       used 57369K, committed 58816K, reserved 1114112K
  class space    used 6165K, committed 6784K, reserved 1048576K
}
Event: 143.720 GC heap after
{Heap after GC invocations=66 (full 2):
 PSYoungGen      total 21504K, used 512K [0x00000000d5580000, 0x00000000d6c00000, 0x0000000100000000)
  eden space 20480K, 0% used [0x00000000d5580000,0x00000000d5580000,0x00000000d6980000)
  from space 1024K, 50% used [0x00000000d6b00000,0x00000000d6b80010,0x00000000d6c00000)
  to   space 1024K, 0% used [0x00000000d6980000,0x00000000d6980000,0x00000000d6a80000)
 ParOldGen       total 78336K, used 77829K [0x0000000080000000, 0x0000000084c80000, 0x00000000d5580000)
  object space 78336K, 99% used [0x0000000080000000,0x0000000084c01570,0x0000000084c80000)
 Metaspace       used 57369K, committed 58816K, reserved 1114112K
  class space    used 6165K, committed 6784K, reserved 1048576K
}
Event: 143.982 GC heap before
{Heap before GC invocations=67 (full 2):
 PSYoungGen      total 21504K, used 12795K [0x00000000d5580000, 0x00000000d6c00000, 0x0000000100000000)
  eden space 20480K, 59% used [0x00000000d5580000,0x00000000d617eef8,0x00000000d6980000)
  from space 1024K, 50% used [0x00000000d6b00000,0x00000000d6b80010,0x00000000d6c00000)
  to   space 1024K, 0% used [0x00000000d6980000,0x00000000d6980000,0x00000000d6a80000)
 ParOldGen       total 78336K, used 77829K [0x0000000080000000, 0x0000000084c80000, 0x00000000d5580000)
  object space 78336K, 99% used [0x0000000080000000,0x0000000084c01570,0x0000000084c80000)
 Metaspace       used 58373K, committed 59776K, reserved 1114112K
  class space    used 6264K, committed 6848K, reserved 1048576K
}
Event: 143.984 GC heap after
{Heap after GC invocations=67 (full 2):
 PSYoungGen      total 21504K, used 896K [0x00000000d5580000, 0x00000000d6b80000, 0x0000000100000000)
  eden space 20480K, 0% used [0x00000000d5580000,0x00000000d5580000,0x00000000d6980000)
  from space 1024K, 87% used [0x00000000d6980000,0x00000000d6a60000,0x00000000d6a80000)
  to   space 1024K, 0% used [0x00000000d6a80000,0x00000000d6a80000,0x00000000d6b80000)
 ParOldGen       total 78336K, used 78106K [0x0000000080000000, 0x0000000084c80000, 0x00000000d5580000)
  object space 78336K, 99% used [0x0000000080000000,0x0000000084c468b8,0x0000000084c80000)
 Metaspace       used 58373K, committed 59776K, reserved 1114112K
  class space    used 6264K, committed 6848K, reserved 1048576K
}
Event: 143.984 GC heap before
{Heap before GC invocations=68 (full 3):
 PSYoungGen      total 21504K, used 896K [0x00000000d5580000, 0x00000000d6b80000, 0x0000000100000000)
  eden space 20480K, 0% used [0x00000000d5580000,0x00000000d5580000,0x00000000d6980000)
  from space 1024K, 87% used [0x00000000d6980000,0x00000000d6a60000,0x00000000d6a80000)
  to   space 1024K, 0% used [0x00000000d6a80000,0x00000000d6a80000,0x00000000d6b80000)
 ParOldGen       total 78336K, used 78106K [0x0000000080000000, 0x0000000084c80000, 0x00000000d5580000)
  object space 78336K, 99% used [0x0000000080000000,0x0000000084c468b8,0x0000000084c80000)
 Metaspace       used 58373K, committed 59776K, reserved 1114112K
  class space    used 6264K, committed 6848K, reserved 1048576K
}
Event: 144.073 GC heap after
{Heap after GC invocations=68 (full 3):
 PSYoungGen      total 21504K, used 0K [0x00000000d5580000, 0x00000000d6b80000, 0x0000000100000000)
  eden space 20480K, 0% used [0x00000000d5580000,0x00000000d5580000,0x00000000d6980000)
  from space 1024K, 0% used [0x00000000d6980000,0x00000000d6980000,0x00000000d6a80000)
  to   space 1024K, 0% used [0x00000000d6a80000,0x00000000d6a80000,0x00000000d6b80000)
 ParOldGen       total 78336K, used 60891K [0x0000000080000000, 0x0000000084c80000, 0x00000000d5580000)
  object space 78336K, 77% used [0x0000000080000000,0x0000000083b76ea0,0x0000000084c80000)
 Metaspace       used 58363K, committed 59776K, reserved 1114112K
  class space    used 6261K, committed 6848K, reserved 1048576K
}
Event: 144.453 GC heap before
{Heap before GC invocations=69 (full 3):
 PSYoungGen      total 21504K, used 20480K [0x00000000d5580000, 0x00000000d6b80000, 0x0000000100000000)
  eden space 20480K, 100% used [0x00000000d5580000,0x00000000d6980000,0x00000000d6980000)
  from space 1024K, 0% used [0x00000000d6980000,0x00000000d6980000,0x00000000d6a80000)
  to   space 1024K, 0% used [0x00000000d6a80000,0x00000000d6a80000,0x00000000d6b80000)
 ParOldGen       total 78336K, used 60891K [0x0000000080000000, 0x0000000084c80000, 0x00000000d5580000)
  object space 78336K, 77% used [0x0000000080000000,0x0000000083b76ea0,0x0000000084c80000)
 Metaspace       used 60437K, committed 61760K, reserved 1114112K
  class space    used 6477K, committed 7040K, reserved 1048576K
}
Event: 144.454 GC heap after
{Heap after GC invocations=69 (full 3):
 PSYoungGen      total 19456K, used 1015K [0x00000000d5580000, 0x00000000d6f80000, 0x0000000100000000)
  eden space 18432K, 0% used [0x00000000d5580000,0x00000000d5580000,0x00000000d6780000)
  from space 1024K, 99% used [0x00000000d6a80000,0x00000000d6b7de68,0x00000000d6b80000)
  to   space 3072K, 0% used [0x00000000d6780000,0x00000000d6780000,0x00000000d6a80000)
 ParOldGen       total 78336K, used 62598K [0x0000000080000000, 0x0000000084c80000, 0x00000000d5580000)
  object space 78336K, 79% used [0x0000000080000000,0x0000000083d219e0,0x0000000084c80000)
 Metaspace       used 60437K, committed 61760K, reserved 1114112K
  class space    used 6477K, committed 7040K, reserved 1048576K
}
Event: 144.535 GC heap before
{Heap before GC invocations=70 (full 3):
 PSYoungGen      total 19456K, used 19447K [0x00000000d5580000, 0x00000000d6f80000, 0x0000000100000000)
  eden space 18432K, 100% used [0x00000000d5580000,0x00000000d6780000,0x00000000d6780000)
  from space 1024K, 99% used [0x00000000d6a80000,0x00000000d6b7de68,0x00000000d6b80000)
  to   space 3072K, 0% used [0x00000000d6780000,0x00000000d6780000,0x00000000d6a80000)
 ParOldGen       total 78336K, used 62598K [0x0000000080000000, 0x0000000084c80000, 0x00000000d5580000)
  object space 78336K, 79% used [0x0000000080000000,0x0000000083d219e0,0x0000000084c80000)
 Metaspace       used 60464K, committed 61888K, reserved 1114112K
  class space    used 6477K, committed 7040K, reserved 1048576K
}
Event: 144.537 GC heap after
{Heap after GC invocations=70 (full 3):
 PSYoungGen      total 19968K, used 1278K [0x00000000d5580000, 0x00000000d6b80000, 0x0000000100000000)
  eden space 18432K, 0% used [0x00000000d5580000,0x00000000d5580000,0x00000000d6780000)
  from space 1536K, 83% used [0x00000000d6780000,0x00000000d68bfb80,0x00000000d6900000)
  to   space 2048K, 0% used [0x00000000d6980000,0x00000000d6980000,0x00000000d6b80000)
 ParOldGen       total 78336K, used 63630K [0x0000000080000000, 0x0000000084c80000, 0x00000000d5580000)
  object space 78336K, 81% used [0x0000000080000000,0x0000000083e23848,0x0000000084c80000)
 Metaspace       used 60464K, committed 61888K, reserved 1114112K
  class space    used 6477K, committed 7040K, reserved 1048576K
}
Event: 144.611 GC heap before
{Heap before GC invocations=71 (full 3):
 PSYoungGen      total 19968K, used 19710K [0x00000000d5580000, 0x00000000d6b80000, 0x0000000100000000)
  eden space 18432K, 100% used [0x00000000d5580000,0x00000000d6780000,0x00000000d6780000)
  from space 1536K, 83% used [0x00000000d6780000,0x00000000d68bfb80,0x00000000d6900000)
  to   space 2048K, 0% used [0x00000000d6980000,0x00000000d6980000,0x00000000d6b80000)
 ParOldGen       total 78336K, used 63630K [0x0000000080000000, 0x0000000084c80000, 0x00000000d5580000)
  object space 78336K, 81% used [0x0000000080000000,0x0000000083e23848,0x0000000084c80000)
 Metaspace       used 61157K, committed 62592K, reserved 1114112K
  class space    used 6538K, committed 7104K, reserved 1048576K
}
Event: 144.613 GC heap after
{Heap after GC invocations=71 (full 3):
 PSYoungGen      total 18944K, used 256K [0x00000000d5580000, 0x00000000d6a00000, 0x0000000100000000)
  eden space 18432K, 0% used [0x00000000d5580000,0x00000000d5580000,0x00000000d6780000)
  from space 512K, 50% used [0x00000000d6980000,0x00000000d69c0000,0x00000000d6a00000)
  to   space 1024K, 0% used [0x00000000d6800000,0x00000000d6800000,0x00000000d6900000)
 ParOldGen       total 78336K, used 64302K [0x0000000080000000, 0x0000000084c80000, 0x00000000d5580000)
  object space 78336K, 82% used [0x0000000080000000,0x0000000083ecbbc8,0x0000000084c80000)
 Metaspace       used 61157K, committed 62592K, reserved 1114112K
  class space    used 6538K, committed 7104K, reserved 1048576K
}
Event: 145.225 GC heap before
{Heap before GC invocations=72 (full 3):
 PSYoungGen      total 18944K, used 18688K [0x00000000d5580000, 0x00000000d6a00000, 0x0000000100000000)
  eden space 18432K, 100% used [0x00000000d5580000,0x00000000d6780000,0x00000000d6780000)
  from space 512K, 50% used [0x00000000d6980000,0x00000000d69c0000,0x00000000d6a00000)
  to   space 1024K, 0% used [0x00000000d6800000,0x00000000d6800000,0x00000000d6900000)
 ParOldGen       total 78336K, used 64302K [0x0000000080000000, 0x0000000084c80000, 0x00000000d5580000)
  object space 78336K, 82% used [0x0000000080000000,0x0000000083ecbbc8,0x0000000084c80000)
 Metaspace       used 62220K, committed 63680K, reserved 1114112K
  class space    used 6653K, committed 7296K, reserved 1048576K
}
Event: 145.227 GC heap after
{Heap after GC invocations=72 (full 3):
 PSYoungGen      total 19456K, used 1018K [0x00000000d5580000, 0x00000000d6c80000, 0x0000000100000000)
  eden space 18432K, 0% used [0x00000000d5580000,0x00000000d5580000,0x00000000d6780000)
  from space 1024K, 99% used [0x00000000d6800000,0x00000000d68fe860,0x00000000d6900000)
  to   space 2560K, 0% used [0x00000000d6a00000,0x00000000d6a00000,0x00000000d6c80000)
 ParOldGen       total 78336K, used 65108K [0x0000000080000000, 0x0000000084c80000, 0x00000000d5580000)
  object space 78336K, 83% used [0x0000000080000000,0x0000000083f950e0,0x0000000084c80000)
 Metaspace       used 62220K, committed 63680K, reserved 1114112K
  class space    used 6653K, committed 7296K, reserved 1048576K
}
Event: 146.172 GC heap before
{Heap before GC invocations=73 (full 3):
 PSYoungGen      total 19456K, used 19450K [0x00000000d5580000, 0x00000000d6c80000, 0x0000000100000000)
  eden space 18432K, 100% used [0x00000000d5580000,0x00000000d6780000,0x00000000d6780000)
  from space 1024K, 99% used [0x00000000d6800000,0x00000000d68fe860,0x00000000d6900000)
  to   space 2560K, 0% used [0x00000000d6a00000,0x00000000d6a00000,0x00000000d6c80000)
 ParOldGen       total 78336K, used 65108K [0x0000000080000000, 0x0000000084c80000, 0x00000000d5580000)
  object space 78336K, 83% used [0x0000000080000000,0x0000000083f950e0,0x0000000084c80000)
 Metaspace       used 62869K, committed 64384K, reserved 1114112K
  class space    used 6737K, committed 7424K, reserved 1048576K
}
Event: 146.174 GC heap after
{Heap after GC invocations=73 (full 3):
 PSYoungGen      total 20480K, used 1568K [0x00000000d5580000, 0x00000000d6c00000, 0x0000000100000000)
  eden space 18432K, 0% used [0x00000000d5580000,0x00000000d5580000,0x00000000d6780000)
  from space 2048K, 76% used [0x00000000d6a00000,0x00000000d6b88000,0x00000000d6c00000)
  to   space 2048K, 0% used [0x00000000d6800000,0x00000000d6800000,0x00000000d6a00000)
 ParOldGen       total 78336K, used 66165K [0x0000000080000000, 0x0000000084c80000, 0x00000000d5580000)
  object space 78336K, 84% used [0x0000000080000000,0x000000008409d690,0x0000000084c80000)
 Metaspace       used 62869K, committed 64384K, reserved 1114112K
  class space    used 6737K, committed 7424K, reserved 1048576K
}

Dll operation events (12 events):
Event: 0.026 Loaded shared library c:\Users\Shaik\.vscode\extensions\redhat.java-1.45.0-win32-x64\jre\21.0.8-win32-x86_64\bin\java.dll
Event: 0.119 Loaded shared library c:\Users\Shaik\.vscode\extensions\redhat.java-1.45.0-win32-x64\jre\21.0.8-win32-x86_64\bin\zip.dll
Event: 0.141 Loaded shared library C:\Users\Shaik\.vscode\extensions\redhat.java-1.45.0-win32-x64\jre\21.0.8-win32-x86_64\bin\instrument.dll
Event: 0.147 Loaded shared library C:\Users\Shaik\.vscode\extensions\redhat.java-1.45.0-win32-x64\jre\21.0.8-win32-x86_64\bin\net.dll
Event: 0.152 Loaded shared library C:\Users\Shaik\.vscode\extensions\redhat.java-1.45.0-win32-x64\jre\21.0.8-win32-x86_64\bin\nio.dll
Event: 0.158 Loaded shared library C:\Users\Shaik\.vscode\extensions\redhat.java-1.45.0-win32-x64\jre\21.0.8-win32-x86_64\bin\zip.dll
Event: 0.181 Loaded shared library C:\Users\Shaik\.vscode\extensions\redhat.java-1.45.0-win32-x64\jre\21.0.8-win32-x86_64\bin\jimage.dll
Event: 0.304 Loaded shared library c:\Users\Shaik\.vscode\extensions\redhat.java-1.45.0-win32-x64\jre\21.0.8-win32-x86_64\bin\verify.dll
Event: 9.200 Loaded shared library C:\Users\Shaik\AppData\Roaming\Code\User\globalStorage\redhat.java\1.45.0\config_win\org.eclipse.equinox.launcher\org.eclipse.equinox.launcher.win32.win32.x86_64_1.2.1400.v20250801-0854\eclipse_11916.dll
Event: 74.067 Loaded shared library C:\Users\Shaik\AppData\Local\Temp\jna-79847086\jna8167869389314472599.dll
Event: 123.591 Loaded shared library C:\Users\Shaik\.vscode\extensions\redhat.java-1.45.0-win32-x64\jre\21.0.8-win32-x86_64\bin\management.dll
Event: 123.888 Loaded shared library C:\Users\Shaik\.vscode\extensions\redhat.java-1.45.0-win32-x64\jre\21.0.8-win32-x86_64\bin\management_ext.dll

Deoptimization events (20 events):
Event: 146.200 Thread 0x0000022e7ab34130 Uncommon trap: trap_request=0xffffff45 fr.pc=0x0000022e67fd125c relative=0x000000000000035c
Event: 146.200 Thread 0x0000022e7ab34130 Uncommon trap: reason=unstable_if action=reinterpret pc=0x0000022e67fd125c method=java.io.WinNTFileSystem.prefixLength(Ljava/lang/String;)I @ 11 c2
Event: 146.200 Thread 0x0000022e7ab34130 DEOPT PACKING pc=0x0000022e67fd125c sp=0x00000041320fdde0
Event: 146.200 Thread 0x0000022e7ab34130 DEOPT UNPACKING pc=0x0000022e67453aa2 sp=0x00000041320fdd00 mode 2
Event: 146.240 Thread 0x0000022e7ab34130 Uncommon trap: trap_request=0xffffff45 fr.pc=0x0000022e68003798 relative=0x0000000000001dd8
Event: 146.240 Thread 0x0000022e7ab34130 Uncommon trap: reason=unstable_if action=reinterpret pc=0x0000022e68003798 method=sun.nio.fs.WindowsFileSystemProvider.readAttributes(Ljava/nio/file/Path;Ljava/lang/Class;[Ljava/nio/file/LinkOption;)Ljava/nio/file/attribute/BasicFileAttributes; @ 3 c2
Event: 146.240 Thread 0x0000022e7ab34130 DEOPT PACKING pc=0x0000022e68003798 sp=0x00000041320fdba0
Event: 146.240 Thread 0x0000022e7ab34130 DEOPT UNPACKING pc=0x0000022e67453aa2 sp=0x00000041320fdb38 mode 2
Event: 146.243 Thread 0x0000022e7ab34130 Uncommon trap: trap_request=0xffffff45 fr.pc=0x0000022e67e19498 relative=0x00000000000002b8
Event: 146.243 Thread 0x0000022e7ab34130 Uncommon trap: reason=unstable_if action=reinterpret pc=0x0000022e67e19498 method=java.io.WinNTFileSystem.prefixLength(Ljava/lang/String;)I @ 11 c2
Event: 146.243 Thread 0x0000022e7ab34130 DEOPT PACKING pc=0x0000022e67e19498 sp=0x00000041320fdd70
Event: 146.243 Thread 0x0000022e7ab34130 DEOPT UNPACKING pc=0x0000022e67453aa2 sp=0x00000041320fdd00 mode 2
Event: 146.246 Thread 0x0000022e7ab34130 Uncommon trap: trap_request=0xffffffde fr.pc=0x0000022e67f3c0e4 relative=0x0000000000000a24
Event: 146.246 Thread 0x0000022e7ab34130 Uncommon trap: reason=class_check action=maybe_recompile pc=0x0000022e67f3c0e4 method=java.util.HashMap.computeIfAbsent(Ljava/lang/Object;Ljava/util/function/Function;)Ljava/lang/Object; @ 142 c2
Event: 146.246 Thread 0x0000022e7ab34130 DEOPT PACKING pc=0x0000022e67f3c0e4 sp=0x00000041320fdd70
Event: 146.246 Thread 0x0000022e7ab34130 DEOPT UNPACKING pc=0x0000022e67453aa2 sp=0x00000041320fdd18 mode 2
Event: 146.287 Thread 0x0000022e7ab34130 Uncommon trap: trap_request=0xffffff45 fr.pc=0x0000022e680871fc relative=0x000000000000005c
Event: 146.287 Thread 0x0000022e7ab34130 Uncommon trap: reason=unstable_if action=reinterpret pc=0x0000022e680871fc method=java.util.regex.Pattern$LastNode.match(Ljava/util/regex/Matcher;ILjava/lang/CharSequence;)Z @ 13 c2
Event: 146.287 Thread 0x0000022e7ab34130 DEOPT PACKING pc=0x0000022e680871fc sp=0x00000041320fddb0
Event: 146.287 Thread 0x0000022e7ab34130 DEOPT UNPACKING pc=0x0000022e67453aa2 sp=0x00000041320fdd28 mode 2

Classes loaded (20 events):
Event: 144.668 Loading class java/util/stream/Nodes$IntFixedNodeBuilder
Event: 144.668 Loading class java/util/stream/Node$Builder$OfInt
Event: 144.668 Loading class java/util/stream/Node$Builder$OfInt done
Event: 144.668 Loading class java/util/stream/Nodes$IntArrayNode
Event: 144.668 Loading class java/util/stream/Nodes$IntArrayNode done
Event: 144.668 Loading class java/util/stream/Nodes$IntFixedNodeBuilder done
Event: 144.668 Loading class java/util/stream/ReferencePipeline$4$1
Event: 144.669 Loading class java/util/stream/ReferencePipeline$4$1 done
Event: 146.230 Loading class java/io/CharArrayWriter
Event: 146.231 Loading class java/io/CharArrayWriter done
Event: 146.240 Loading class java/nio/file/attribute/PosixFileAttributes
Event: 146.240 Loading class java/nio/file/attribute/PosixFileAttributes done
Event: 146.288 Loading class java/util/AbstractList$RandomAccessSubList
Event: 146.288 Loading class java/util/AbstractList$SubList
Event: 146.288 Loading class java/util/AbstractList$SubList done
Event: 146.288 Loading class java/util/AbstractList$RandomAccessSubList done
Event: 146.288 Loading class java/util/AbstractList$SubList$1
Event: 146.288 Loading class java/util/AbstractList$SubList$1 done
Event: 146.303 Loading class java/util/ImmutableCollections$SubList
Event: 146.304 Loading class java/util/ImmutableCollections$SubList done

Classes unloaded (13 events):
Event: 78.535 Thread 0x0000022e5cd9e820 Unloading class 0x0000022e011a4800 'java/lang/invoke/LambdaForm$MH+0x0000022e011a4800'
Event: 78.535 Thread 0x0000022e5cd9e820 Unloading class 0x0000022e011a4400 'java/lang/invoke/LambdaForm$MH+0x0000022e011a4400'
Event: 78.535 Thread 0x0000022e5cd9e820 Unloading class 0x0000022e011a4000 'java/lang/invoke/LambdaForm$MH+0x0000022e011a4000'
Event: 78.535 Thread 0x0000022e5cd9e820 Unloading class 0x0000022e011a3c00 'java/lang/invoke/LambdaForm$MH+0x0000022e011a3c00'
Event: 78.535 Thread 0x0000022e5cd9e820 Unloading class 0x0000022e011a3800 'java/lang/invoke/LambdaForm$BMH+0x0000022e011a3800'
Event: 78.535 Thread 0x0000022e5cd9e820 Unloading class 0x0000022e011a3400 'java/lang/invoke/LambdaForm$DMH+0x0000022e011a3400'
Event: 78.535 Thread 0x0000022e5cd9e820 Unloading class 0x0000022e011a2000 'java/lang/invoke/LambdaForm$DMH+0x0000022e011a2000'
Event: 144.000 Thread 0x0000022e5cd9e820 Unloading class 0x0000022e016ac800 'java/lang/invoke/LambdaForm$MH+0x0000022e016ac800'
Event: 144.000 Thread 0x0000022e5cd9e820 Unloading class 0x0000022e016ac000 'java/lang/invoke/LambdaForm$MH+0x0000022e016ac000'
Event: 144.000 Thread 0x0000022e5cd9e820 Unloading class 0x0000022e01628c00 'java/lang/invoke/LambdaForm$DMH+0x0000022e01628c00'
Event: 144.000 Thread 0x0000022e5cd9e820 Unloading class 0x0000022e01628800 'java/lang/invoke/LambdaForm$DMH+0x0000022e01628800'
Event: 144.000 Thread 0x0000022e5cd9e820 Unloading class 0x0000022e01628000 'java/lang/invoke/LambdaForm$DMH+0x0000022e01628000'
Event: 144.000 Thread 0x0000022e5cd9e820 Unloading class 0x0000022e01628400 'java/lang/invoke/LambdaForm$DMH+0x0000022e01628400'

Classes redefined (0 events):
No events

Internal exceptions (20 events):
Event: 144.382 Thread 0x0000022e7ab34130 Exception <a 'java/lang/NoSuchMethodError'{0x00000000d657f0f8}: 'java.lang.Object java.lang.invoke.DirectMethodHandle$Holder.newInvokeSpecial(java.lang.Object, java.lang.Object, int, int, java.lang.Object)'> (0x00000000d657f0f8) 
thrown [s\src\hotspot\share\interpreter\linkResolver.cpp, line 773]
Event: 144.604 Thread 0x0000022e7ab32d80 Exception <a 'sun/nio/fs/WindowsException'{0x00000000d66ef558}> (0x00000000d66ef558) 
thrown [s\src\hotspot\share\prims\jni.cpp, line 520]
Event: 144.604 Thread 0x0000022e7ab32d80 Exception <a 'sun/nio/fs/WindowsException'{0x00000000d66efe38}> (0x00000000d66efe38) 
thrown [s\src\hotspot\share\prims\jni.cpp, line 520]
Event: 144.887 Thread 0x0000022e7ab34130 Exception <a 'sun/nio/fs/WindowsException'{0x00000000d5d4e8d0}> (0x00000000d5d4e8d0) 
thrown [s\src\hotspot\share\prims\jni.cpp, line 520]
Event: 144.888 Thread 0x0000022e7a00dca0 Exception <a 'sun/nio/fs/WindowsException'{0x00000000d5dabe30}> (0x00000000d5dabe30) 
thrown [s\src\hotspot\share\prims\jni.cpp, line 520]
Event: 144.889 Thread 0x0000022e7a00cf80 Exception <a 'sun/nio/fs/WindowsException'{0x00000000d5db3948}> (0x00000000d5db3948) 
thrown [s\src\hotspot\share\prims\jni.cpp, line 520]
Event: 144.985 Thread 0x0000022e7ab34130 Exception <a 'sun/nio/fs/WindowsException'{0x00000000d63ec070}> (0x00000000d63ec070) 
thrown [s\src\hotspot\share\prims\jni.cpp, line 520]
Event: 144.985 Thread 0x0000022e7ab34130 Exception <a 'sun/nio/fs/WindowsException'{0x00000000d63ec6a0}> (0x00000000d63ec6a0) 
thrown [s\src\hotspot\share\prims\jni.cpp, line 520]
Event: 145.027 Thread 0x0000022e7ab34130 Exception <a 'java/lang/NoSuchMethodError'{0x00000000d6465cd0}: 'java.lang.Object java.lang.invoke.DirectMethodHandle$Holder.newInvokeSpecial(java.lang.Object, java.lang.Object, int, java.lang.Object, java.lang.Object)'> (0x00000000d6465cd0) 
thrown [s\src\hotspot\share\interpreter\linkResolver.cpp, line 773]
Event: 145.029 Thread 0x0000022e7ab34130 Exception <a 'java/lang/NoSuchMethodError'{0x00000000d647ecf0}: 'java.lang.Object java.lang.invoke.DirectMethodHandle$Holder.invokeSpecial(java.lang.Object, java.lang.Object, java.lang.Object, int, java.lang.Object, java.lang.Object, java.lang.Object)'> (0x00000000d647ecf0) 
thrown [s\src\hotspot\share\interpreter\linkResolver.cpp, line 773]
Event: 145.031 Thread 0x0000022e7ab34130 Exception <a 'java/lang/NoSuchMethodError'{0x00000000d6486f28}: 'java.lang.Object java.lang.invoke.DirectMethodHandle$Holder.invokeStatic(java.lang.Object, java.lang.Object, int, java.lang.Object, java.lang.Object)'> (0x00000000d6486f28) 
thrown [s\src\hotspot\share\interpreter\linkResolver.cpp, line 773]
Event: 145.031 Thread 0x0000022e7ab34130 Exception <a 'java/lang/NoSuchMethodError'{0x00000000d648d550}: 'java.lang.Object java.lang.invoke.DirectMethodHandle$Holder.newInvokeSpecial(java.lang.Object, java.lang.Object, int)'> (0x00000000d648d550) 
thrown [s\src\hotspot\share\interpreter\linkResolver.cpp, line 773]
Event: 145.044 Thread 0x0000022e7ab34130 Exception <a 'java/lang/NoSuchMethodError'{0x00000000d6509be8}: 'void java.lang.invoke.DirectMethodHandle$Holder.invokeStatic(java.lang.Object, int)'> (0x00000000d6509be8) 
thrown [s\src\hotspot\share\interpreter\linkResolver.cpp, line 773]
Event: 145.706 Thread 0x0000022e7ab34130 Exception <a 'java/io/FileNotFoundException'{0x00000000d5a164c8}> (0x00000000d5a164c8) 
thrown [s\src\hotspot\share\prims\jni.cpp, line 520]
Event: 145.706 Thread 0x0000022e7ab34130 Exception <a 'java/io/FileNotFoundException'{0x00000000d5a17760}> (0x00000000d5a17760) 
thrown [s\src\hotspot\share\prims\jni.cpp, line 520]
Event: 145.706 Thread 0x0000022e7ab34130 Exception <a 'java/io/FileNotFoundException'{0x00000000d5a18750}> (0x00000000d5a18750) 
thrown [s\src\hotspot\share\prims\jni.cpp, line 520]
Event: 145.732 Thread 0x0000022e7ab34130 Implicit null exception at 0x0000022e67f73c95 to 0x0000022e67f74284
Event: 145.987 Thread 0x0000022e7ab34130 Implicit null exception at 0x0000022e67d02d53 to 0x0000022e67d03ddc
Event: 154.412 Thread 0x0000022e7ab32060 Exception <a 'sun/nio/fs/WindowsException'{0x00000000d6032ee8}> (0x00000000d6032ee8) 
thrown [s\src\hotspot\share\prims\jni.cpp, line 520]
Event: 154.412 Thread 0x0000022e7ab32060 Exception <a 'sun/nio/fs/WindowsException'{0x00000000d6033758}> (0x00000000d6033758) 
thrown [s\src\hotspot\share\prims\jni.cpp, line 520]

ZGC Phase Switch (0 events):
No events

VM Operations (20 events):
Event: 144.535 Executing VM operation: ParallelGCFailedAllocation (Allocation Failure)
Event: 144.537 Executing VM operation: ParallelGCFailedAllocation (Allocation Failure) done
Event: 144.610 Executing VM operation: ParallelGCFailedAllocation (Allocation Failure)
Event: 144.613 Executing VM operation: ParallelGCFailedAllocation (Allocation Failure) done
Event: 144.661 Executing VM operation: HandshakeAllThreads (Deoptimize)
Event: 144.662 Executing VM operation: HandshakeAllThreads (Deoptimize) done
Event: 145.045 Executing VM operation: ICBufferFull
Event: 145.045 Executing VM operation: ICBufferFull done
Event: 145.224 Executing VM operation: ParallelGCFailedAllocation (Allocation Failure)
Event: 145.227 Executing VM operation: ParallelGCFailedAllocation (Allocation Failure) done
Event: 146.172 Executing VM operation: ParallelGCFailedAllocation (Allocation Failure)
Event: 146.174 Executing VM operation: ParallelGCFailedAllocation (Allocation Failure) done
Event: 147.188 Executing VM operation: Cleanup
Event: 147.188 Executing VM operation: Cleanup done
Event: 155.238 Executing VM operation: Cleanup
Event: 155.238 Executing VM operation: Cleanup done
Event: 184.048 Executing VM operation: HandshakeAllThreads (HandshakeForDeflation)
Event: 184.048 Executing VM operation: HandshakeAllThreads (HandshakeForDeflation) done
Event: 184.048 Executing VM operation: RendezvousGCThreads
Event: 184.048 Executing VM operation: RendezvousGCThreads done

Memory protections (0 events):
No events

Nmethod flushes (20 events):
Event: 144.020 Thread 0x0000022e5cd9e820 flushing  nmethod 0x0000022e60866a10
Event: 144.020 Thread 0x0000022e5cd9e820 flushing  nmethod 0x0000022e6086cf10
Event: 144.020 Thread 0x0000022e5cd9e820 flushing  nmethod 0x0000022e6086d810
Event: 144.020 Thread 0x0000022e5cd9e820 flushing  nmethod 0x0000022e6086ec90
Event: 144.020 Thread 0x0000022e5cd9e820 flushing  nmethod 0x0000022e6086f510
Event: 144.020 Thread 0x0000022e5cd9e820 flushing  nmethod 0x0000022e6086fb10
Event: 144.020 Thread 0x0000022e5cd9e820 flushing  nmethod 0x0000022e60871490
Event: 144.020 Thread 0x0000022e5cd9e820 flushing  nmethod 0x0000022e6087a990
Event: 144.020 Thread 0x0000022e5cd9e820 flushing  nmethod 0x0000022e6088f110
Event: 144.020 Thread 0x0000022e5cd9e820 flushing  nmethod 0x0000022e60890710
Event: 144.020 Thread 0x0000022e5cd9e820 flushing  nmethod 0x0000022e60896c10
Event: 144.020 Thread 0x0000022e5cd9e820 flushing  nmethod 0x0000022e60898010
Event: 144.020 Thread 0x0000022e5cd9e820 flushing osr nmethod 0x0000022e6089e710
Event: 144.020 Thread 0x0000022e5cd9e820 flushing  nmethod 0x0000022e608a9810
Event: 144.020 Thread 0x0000022e5cd9e820 flushing  nmethod 0x0000022e608cb810
Event: 144.020 Thread 0x0000022e5cd9e820 flushing  nmethod 0x0000022e608cf890
Event: 144.020 Thread 0x0000022e5cd9e820 flushing  nmethod 0x0000022e608dd210
Event: 144.020 Thread 0x0000022e5cd9e820 flushing  nmethod 0x0000022e608efb10
Event: 144.020 Thread 0x0000022e5cd9e820 flushing  nmethod 0x0000022e608f2310
Event: 144.020 Thread 0x0000022e5cd9e820 flushing  nmethod 0x0000022e60901090

Events (20 events):
Event: 144.610 Thread 0x0000022e7ab32060 Thread added: 0x0000022e7fc5c860
Event: 144.821 Thread 0x0000022e7ab34130 Thread added: 0x0000022e7ead2750
Event: 144.833 Thread 0x0000022e7ab34130 Thread added: 0x0000022e7ead2de0
Event: 144.864 Thread 0x0000022e7ab34130 Thread added: 0x0000022e7ead5bd0
Event: 144.868 Thread 0x0000022e7ab34130 Thread added: 0x0000022e7ead3470
Event: 144.882 Thread 0x0000022e7ab34130 Thread added: 0x0000022e7ead4820
Event: 144.897 Thread 0x0000022e7ab34130 Thread added: 0x0000022e7ead4190
Event: 144.971 Thread 0x0000022e7ab34130 Thread added: 0x0000022e7ead4eb0
Event: 145.739 Thread 0x0000022e7ab34130 Thread added: 0x0000022e7ead5540
Event: 145.739 Thread 0x0000022e7ab34130 Thread added: 0x0000022e7e01acd0
Event: 145.739 Thread 0x0000022e7ab34130 Thread added: 0x0000022e7e01cda0
Event: 145.739 Thread 0x0000022e7ab34130 Thread added: 0x0000022e7e01b360
Event: 145.739 Thread 0x0000022e7ab34130 Thread added: 0x0000022e7e01c710
Event: 145.835 Thread 0x0000022e75937480 Thread exited: 0x0000022e75937480
Event: 145.836 Thread 0x0000022e7a2abed0 Thread exited: 0x0000022e7a2abed0
Event: 145.960 Thread 0x0000022e7e01b360 Thread exited: 0x0000022e7e01b360
Event: 145.960 Thread 0x0000022e7e01c710 Thread exited: 0x0000022e7e01c710
Event: 145.960 Thread 0x0000022e7e01cda0 Thread exited: 0x0000022e7e01cda0
Event: 145.960 Thread 0x0000022e7ead5540 Thread exited: 0x0000022e7ead5540
Event: 145.960 Thread 0x0000022e7e01acd0 Thread exited: 0x0000022e7e01acd0


Dynamic libraries:
0x00007ff7e67c0000 - 0x00007ff7e67ce000 	c:\Users\Shaik\.vscode\extensions\redhat.java-1.45.0-win32-x64\jre\21.0.8-win32-x86_64\bin\java.exe
0x00007ffe80e80000 - 0x00007ffe810e9000 	C:\WINDOWS\SYSTEM32\ntdll.dll
0x00007ffe80390000 - 0x00007ffe80459000 	C:\WINDOWS\System32\KERNEL32.DLL
0x00007ffe7e2c0000 - 0x00007ffe7e6b3000 	C:\WINDOWS\System32\KERNELBASE.dll
0x00007ffe7e780000 - 0x00007ffe7e8cb000 	C:\WINDOWS\System32\ucrtbase.dll
0x00007ffe33230000 - 0x00007ffe33248000 	c:\Users\Shaik\.vscode\extensions\redhat.java-1.45.0-win32-x64\jre\21.0.8-win32-x86_64\bin\jli.dll
0x00007ffe80700000 - 0x00007ffe808c4000 	C:\WINDOWS\System32\USER32.dll
0x00007ffe7e8d0000 - 0x00007ffe7e8f7000 	C:\WINDOWS\System32\win32u.dll
0x00007ffe80a90000 - 0x00007ffe80abb000 	C:\WINDOWS\System32\GDI32.dll
0x00007ffe7e190000 - 0x00007ffe7e2bd000 	C:\WINDOWS\System32\gdi32full.dll
0x00007ffe7e9a0000 - 0x00007ffe7ea43000 	C:\WINDOWS\System32\msvcp_win.dll
0x00007ffe5b3a0000 - 0x00007ffe5b633000 	C:\WINDOWS\WinSxS\amd64_microsoft.windows.common-controls_6595b64144ccf1df_6.0.26100.5074_none_3e0d6f78e32fd63f\COMCTL32.dll
0x00007ffe7f890000 - 0x00007ffe7f939000 	C:\WINDOWS\System32\msvcrt.dll
0x00007ffe33ea0000 - 0x00007ffe33ebe000 	c:\Users\Shaik\.vscode\extensions\redhat.java-1.45.0-win32-x64\jre\21.0.8-win32-x86_64\bin\VCRUNTIME140.dll
0x00007ffe7efe0000 - 0x00007ffe7f00f000 	C:\WINDOWS\System32\IMM32.DLL
0x00007ffe6bfd0000 - 0x00007ffe6bfdc000 	c:\Users\Shaik\.vscode\extensions\redhat.java-1.45.0-win32-x64\jre\21.0.8-win32-x86_64\bin\vcruntime140_1.dll
0x00007ffdf8b30000 - 0x00007ffdf8bbd000 	c:\Users\Shaik\.vscode\extensions\redhat.java-1.45.0-win32-x64\jre\21.0.8-win32-x86_64\bin\msvcp140.dll
0x00007ffdf4e20000 - 0x00007ffdf5bb7000 	c:\Users\Shaik\.vscode\extensions\redhat.java-1.45.0-win32-x64\jre\21.0.8-win32-x86_64\bin\server\jvm.dll
0x00007ffe808d0000 - 0x00007ffe80984000 	C:\WINDOWS\System32\ADVAPI32.dll
0x00007ffe7f680000 - 0x00007ffe7f726000 	C:\WINDOWS\System32\sechost.dll
0x00007ffe7fa50000 - 0x00007ffe7fb68000 	C:\WINDOWS\System32\RPCRT4.dll
0x00007ffe80310000 - 0x00007ffe80384000 	C:\WINDOWS\System32\WS2_32.dll
0x00007ffe7de70000 - 0x00007ffe7dece000 	C:\WINDOWS\SYSTEM32\POWRPROF.dll
0x00007ffe72c00000 - 0x00007ffe72c35000 	C:\WINDOWS\SYSTEM32\WINMM.dll
0x00007ffe6a4b0000 - 0x00007ffe6a4bb000 	C:\WINDOWS\SYSTEM32\VERSION.dll
0x00007ffe7de50000 - 0x00007ffe7de64000 	C:\WINDOWS\SYSTEM32\UMPDC.dll
0x00007ffe7cdd0000 - 0x00007ffe7cdeb000 	C:\WINDOWS\SYSTEM32\kernel.appcore.dll
0x00007ffe5e580000 - 0x00007ffe5e58a000 	c:\Users\Shaik\.vscode\extensions\redhat.java-1.45.0-win32-x64\jre\21.0.8-win32-x86_64\bin\jimage.dll
0x00007ffe7b830000 - 0x00007ffe7ba72000 	C:\WINDOWS\SYSTEM32\DBGHELP.DLL
0x00007ffe80ac0000 - 0x00007ffe80e3b000 	C:\WINDOWS\System32\combase.dll
0x00007ffe804c0000 - 0x00007ffe80597000 	C:\WINDOWS\System32\OLEAUT32.dll
0x00007ffe59e60000 - 0x00007ffe59e9d000 	C:\WINDOWS\SYSTEM32\dbgcore.DLL
0x00007ffe7e900000 - 0x00007ffe7e999000 	C:\WINDOWS\System32\bcryptPrimitives.dll
0x00007ffe4e930000 - 0x00007ffe4e93f000 	c:\Users\Shaik\.vscode\extensions\redhat.java-1.45.0-win32-x64\jre\21.0.8-win32-x86_64\bin\instrument.dll
0x00007ffe31cd0000 - 0x00007ffe31cef000 	c:\Users\Shaik\.vscode\extensions\redhat.java-1.45.0-win32-x64\jre\21.0.8-win32-x86_64\bin\java.dll
0x00007ffe7fb70000 - 0x00007ffe802bd000 	C:\WINDOWS\System32\SHELL32.dll
0x00007ffe7eae0000 - 0x00007ffe7ec4c000 	C:\WINDOWS\System32\wintypes.dll
0x00007ffe7bc40000 - 0x00007ffe7c499000 	C:\WINDOWS\SYSTEM32\windows.storage.dll
0x00007ffe80990000 - 0x00007ffe80a80000 	C:\WINDOWS\System32\SHCORE.dll
0x00007ffe80620000 - 0x00007ffe80682000 	C:\WINDOWS\System32\shlwapi.dll
0x00007ffe7df30000 - 0x00007ffe7df59000 	C:\WINDOWS\SYSTEM32\profapi.dll
0x00007ffe31b80000 - 0x00007ffe31b98000 	c:\Users\Shaik\.vscode\extensions\redhat.java-1.45.0-win32-x64\jre\21.0.8-win32-x86_64\bin\zip.dll
0x00007ffe4e810000 - 0x00007ffe4e820000 	C:\Users\Shaik\.vscode\extensions\redhat.java-1.45.0-win32-x64\jre\21.0.8-win32-x86_64\bin\net.dll
0x00007ffe757c0000 - 0x00007ffe758df000 	C:\WINDOWS\SYSTEM32\WINHTTP.dll
0x00007ffe7d370000 - 0x00007ffe7d3db000 	C:\WINDOWS\system32\mswsock.dll
0x00007ffe31a70000 - 0x00007ffe31a86000 	C:\Users\Shaik\.vscode\extensions\redhat.java-1.45.0-win32-x64\jre\21.0.8-win32-x86_64\bin\nio.dll
0x00007ffe47610000 - 0x00007ffe47620000 	c:\Users\Shaik\.vscode\extensions\redhat.java-1.45.0-win32-x64\jre\21.0.8-win32-x86_64\bin\verify.dll
0x00007ffe38400000 - 0x00007ffe38444000 	C:\Users\Shaik\AppData\Roaming\Code\User\globalStorage\redhat.java\1.45.0\config_win\org.eclipse.equinox.launcher\org.eclipse.equinox.launcher.win32.win32.x86_64_1.2.1400.v20250801-0854\eclipse_11916.dll
0x00007ffe7ec50000 - 0x00007ffe7ede8000 	C:\WINDOWS\System32\ole32.dll
0x00007ffe7d610000 - 0x00007ffe7d62b000 	C:\WINDOWS\SYSTEM32\CRYPTSP.dll
0x00007ffe7cd30000 - 0x00007ffe7cd6b000 	C:\WINDOWS\system32\rsaenh.dll
0x00007ffe7d410000 - 0x00007ffe7d43b000 	C:\WINDOWS\SYSTEM32\USERENV.dll
0x00007ffe7df00000 - 0x00007ffe7df26000 	C:\WINDOWS\SYSTEM32\bcrypt.dll
0x00007ffe7d630000 - 0x00007ffe7d63c000 	C:\WINDOWS\SYSTEM32\CRYPTBASE.dll
0x00007ffe7c7b0000 - 0x00007ffe7c7e4000 	C:\WINDOWS\SYSTEM32\IPHLPAPI.DLL
0x00007ffe7efd0000 - 0x00007ffe7efda000 	C:\WINDOWS\System32\NSI.dll
0x00007ffe38bb0000 - 0x00007ffe38bf9000 	C:\Users\Shaik\AppData\Local\Temp\jna-79847086\jna8167869389314472599.dll
0x00007ffe7f940000 - 0x00007ffe7f948000 	C:\WINDOWS\System32\PSAPI.DLL
0x00007ffe75990000 - 0x00007ffe759ae000 	C:\WINDOWS\SYSTEM32\dhcpcsvc6.DLL
0x00007ffe75960000 - 0x00007ffe75983000 	C:\WINDOWS\SYSTEM32\dhcpcsvc.DLL
0x00007ffe76200000 - 0x00007ffe7620a000 	C:\Users\Shaik\.vscode\extensions\redhat.java-1.45.0-win32-x64\jre\21.0.8-win32-x86_64\bin\management.dll
0x00007ffe74e60000 - 0x00007ffe74e6b000 	C:\Users\Shaik\.vscode\extensions\redhat.java-1.45.0-win32-x64\jre\21.0.8-win32-x86_64\bin\management_ext.dll

JVMTI agents:
c:\Users\Shaik\.vscode\extensions\redhat.java-1.45.0-win32-x64\lombok\lombok-1.18.39-4050.jar path:c:\Users\Shaik\.vscode\extensions\redhat.java-1.45.0-win32-x64\jre\21.0.8-win32-x86_64\bin\instrument.dll, loaded, initialized, instrumentlib options:none

dbghelp: loaded successfully - version: 4.0.5 - missing functions: none
symbol engine: initialized successfully - sym options: 0x614 - pdb path: .;c:\Users\Shaik\.vscode\extensions\redhat.java-1.45.0-win32-x64\jre\21.0.8-win32-x86_64\bin;C:\WINDOWS\SYSTEM32;C:\WINDOWS\WinSxS\amd64_microsoft.windows.common-controls_6595b64144ccf1df_6.0.26100.5074_none_3e0d6f78e32fd63f;c:\Users\Shaik\.vscode\extensions\redhat.java-1.45.0-win32-x64\jre\21.0.8-win32-x86_64\bin\server;C:\Users\Shaik\AppData\Roaming\Code\User\globalStorage\redhat.java\1.45.0\config_win\org.eclipse.equinox.launcher\org.eclipse.equinox.launcher.win32.win32.x86_64_1.2.1400.v20250801-0854;C:\Users\Shaik\AppData\Local\Temp\jna-79847086

VM Arguments:
jvm_args: --add-modules=ALL-SYSTEM --add-opens=java.base/java.util=ALL-UNNAMED --add-opens=java.base/java.lang=ALL-UNNAMED --add-opens=java.base/sun.nio.fs=ALL-UNNAMED -Declipse.application=org.eclipse.jdt.ls.core.id1 -Dosgi.bundles.defaultStartLevel=4 -Declipse.product=org.eclipse.jdt.ls.core.product -Djava.import.generatesMetadataFilesAtProjectRoot=false -DDetectVMInstallationsJob.disabled=true -Dfile.encoding=utf8 -XX:+UseParallelGC -XX:GCTimeRatio=4 -XX:AdaptiveSizePolicyWeight=90 -Dsun.zip.disableMemoryMapping=true -Xmx2G -Xms100m -Xlog:disable -javaagent:c:\Users\Shaik\.vscode\extensions\redhat.java-1.45.0-win32-x64\lombok\lombok-1.18.39-4050.jar -XX:+HeapDumpOnOutOfMemoryError -XX:HeapDumpPath=c:\Users\Shaik\AppData\Roaming\Code\User\workspaceStorage\afca35b473cf894c4c28a104f8da3bc1\redhat.java -Daether.dependencyCollector.impl=bf 
java_command: c:\Users\Shaik\.vscode\extensions\redhat.java-1.45.0-win32-x64\server\plugins\org.eclipse.equinox.launcher_1.7.0.v20250519-0528.jar -configuration c:\Users\Shaik\AppData\Roaming\Code\User\globalStorage\redhat.java\1.45.0\config_win -data c:\Users\Shaik\AppData\Roaming\Code\User\workspaceStorage\afca35b473cf894c4c28a104f8da3bc1\redhat.java\jdt_ws --pipe=\\.\pipe\lsp-fa1d80d0852d4c756c02630e1c3f38ee-sock
java_class_path (initial): c:\Users\Shaik\.vscode\extensions\redhat.java-1.45.0-win32-x64\server\plugins\org.eclipse.equinox.launcher_1.7.0.v20250519-0528.jar
Launcher Type: SUN_STANDARD

[Global flags]
    uintx AdaptiveSizePolicyWeight                 = 90                                        {product} {command line}
     intx CICompilerCount                          = 4                                         {product} {ergonomic}
    uintx GCTimeRatio                              = 4                                         {product} {command line}
     bool HeapDumpOnOutOfMemoryError               = true                                   {manageable} {command line}
    ccstr HeapDumpPath                             = c:\Users\Shaik\AppData\Roaming\Code\User\workspaceStorage\afca35b473cf894c4c28a104f8da3bc1\redhat.java         {manageable} {command line}
   size_t InitialHeapSize                          = 104857600                                 {product} {command line}
   size_t MaxHeapSize                              = 2147483648                                {product} {command line}
   size_t MaxNewSize                               = 715653120                                 {product} {ergonomic}
   size_t MinHeapDeltaBytes                        = 524288                                    {product} {ergonomic}
   size_t MinHeapSize                              = 104857600                                 {product} {command line}
   size_t NewSize                                  = 34603008                                  {product} {ergonomic}
    uintx NonNMethodCodeHeapSize                   = 5839372                                {pd product} {ergonomic}
    uintx NonProfiledCodeHeapSize                  = 122909434                              {pd product} {ergonomic}
   size_t OldSize                                  = 70254592                                  {product} {ergonomic}
    uintx ProfiledCodeHeapSize                     = 122909434                              {pd product} {ergonomic}
    uintx ReservedCodeCacheSize                    = 251658240                              {pd product} {ergonomic}
     bool SegmentedCodeCache                       = true                                      {product} {ergonomic}
   size_t SoftMaxHeapSize                          = 2147483648                             {manageable} {ergonomic}
     bool UseCompressedOops                        = true                           {product lp64_product} {ergonomic}
     bool UseLargePagesIndividualAllocation        = false                                  {pd product} {ergonomic}
     bool UseParallelGC                            = true                                      {product} {command line}

Logging:
Log output configuration:
 #0: stdout all=off uptime,level,tags foldmultilines=false
 #1: stderr all=off uptime,level,tags foldmultilines=false

Environment Variables:
JAVA_HOME=C:\Program Files\Java\jdk-21
PATH=C:\3-1\apache-maven-3.9.11-bin\apache-maven-3.9.11\bin;C:\Program Files\Java\jdk-21\bin;C:\Program Files\nodejs;C:\Program Files\Docker\Docker\resources\bin;C:\Program Files\Git\cmd;C:\Program Files\nodejs\;C:\Users\Shaik\Downloads\apache-maven-3.9.11\bin;C:\Users\Shaik\AppData\Local\Programs\Microsoft VS Code\bin;C:\Users\Shaik\AppData\Roaming\npm
USERNAME=Shaik
OS=Windows_NT
PROCESSOR_IDENTIFIER=Intel64 Family 6 Model 186 Stepping 3, GenuineIntel
TMP=C:\Users\Shaik\AppData\Local\Temp
TEMP=C:\Users\Shaik\AppData\Local\Temp




Periodic native trim disabled

---------------  S Y S T E M  ---------------

OS:
 Windows 11 , 64 bit Build 26100 (10.0.26100.5074)
OS uptime: 0 days 0:15 hours
Hyper-V role detected

CPU: total 12 (initial active 12) (6 cores per cpu, 2 threads per core) family 6 model 186 stepping 3 microcode 0x4128, cx8, cmov, fxsr, ht, mmx, 3dnowpref, sse, sse2, sse3, ssse3, sse4.1, sse4.2, popcnt, lzcnt, tsc, tscinvbit, avx, avx2, aes, erms, clmul, bmi1, bmi2, adx, sha, fma, vzeroupper, clflush, clflushopt, clwb, hv, serialize, rdtscp, rdpid, fsrm, f16c, cet_ibt, cet_ss
Processor Information for processor 0
  Max Mhz: 1300, Current Mhz: 1300, Mhz Limit: 1300
Processor Information for processor 1
  Max Mhz: 1300, Current Mhz: 1300, Mhz Limit: 1300
Processor Information for processor 2
  Max Mhz: 1300, Current Mhz: 1300, Mhz Limit: 1300
Processor Information for processor 3
  Max Mhz: 1300, Current Mhz: 1300, Mhz Limit: 1300
Processor Information for processor 4
  Max Mhz: 1300, Current Mhz: 900, Mhz Limit: 897
Processor Information for processor 5
  Max Mhz: 1300, Current Mhz: 900, Mhz Limit: 897
Processor Information for processor 6
  Max Mhz: 1300, Current Mhz: 900, Mhz Limit: 897
Processor Information for processor 7
  Max Mhz: 1300, Current Mhz: 900, Mhz Limit: 897
Processor Information for processor 8
  Max Mhz: 1300, Current Mhz: 900, Mhz Limit: 897
Processor Information for processor 9
  Max Mhz: 1300, Current Mhz: 900, Mhz Limit: 897
Processor Information for processor 10
  Max Mhz: 1300, Current Mhz: 900, Mhz Limit: 897
Processor Information for processor 11
  Max Mhz: 1300, Current Mhz: 900, Mhz Limit: 897

Memory: 4k page, system-wide physical 16095M (2714M free)
TotalPageFile size 16095M (AvailPageFile size 18M)
current process WorkingSet (physical memory assigned to process): 286M, peak: 336M
current process commit charge ("private bytes"): 367M, peak: 414M

vm_info: OpenJDK 64-Bit Server VM (21.0.8+9-LTS) for windows-amd64 JRE (21.0.8+9-LTS), built on 2025-07-15T00:00:00Z by "admin" with MS VC++ 17.7 (VS2022)

END.
