#
# There is insufficient memory for the Java Runtime Environment to continue.
# Native memory allocation (mmap) failed to map 100663296 bytes for G1 virtual space
# Possible reasons:
#   The system is out of physical RAM or swap space
#   The process is running with CompressedOops enabled, and the Java Heap may be blocking the growth of the native heap
# Possible solutions:
#   Reduce memory load on the system
#   Increase physical memory or swap space
#   Check if swap backing store is full
#   Decrease Java heap size (-Xmx/-Xms)
#   Decrease number of Java threads
#   Decrease Java thread stack sizes (-Xss)
#   Set larger code cache with -XX:ReservedCodeCacheSize=
#   JVM is running with Zero Based Compressed Oops mode in which the Java heap is
#     placed in the first 32GB address space. The Java Heap base address is the
#     maximum limit for the native heap growth. Please use -XX:HeapBaseMinAddress
#     to set the Java Heap base and to place the Java Heap above 32GB virtual address.
# This output file may be truncated or incomplete.
#
#  Out of Memory Error (os_windows.cpp:3603), pid=21796, tid=13380
#
# JRE version: Java(TM) SE Runtime Environment (21.0.8+12) (build 21.0.8+12-LTS-250)
# Java VM: Java HotSpot(TM) 64-Bit Server VM (21.0.8+12-LTS-250, mixed mode, sharing, tiered, compressed oops, compressed class ptrs, g1 gc, windows-amd64)
# No core dump will be written. Minidumps are not enabled by default on client versions of Windows
#

---------------  S U M M A R Y ------------

Command Line: C:\Users\Shaik\AppData\Local\Temp\surefire6736982713187976287\surefirebooter-20250923005920974_3.jar C:\Users\Shaik\AppData\Local\Temp\surefire6736982713187976287 2025-09-23T00-59-20_479-jvmRun1 surefire-20250923005920974_1tmp surefire_0-20250923005920974_2tmp

Host: 13th Gen Intel(R) Core(TM) i5-1335U, 12 cores, 15G,  Windows 11 , 64 bit Build 26100 (10.0.26100.5074)
Time: Tue Sep 23 00:59:36 2025 India Standard Time elapsed time: 15.644192 seconds (0d 0h 0m 15s)

---------------  T H R E A D  ---------------

Current thread (0x000001ad6061a2f0):  VMThread "VM Thread"          [id=13380, stack(0x0000009e73400000,0x0000009e73500000) (1024K)]

Stack: [0x0000009e73400000,0x0000009e73500000]
Native frames: (J=compiled Java code, j=interpreted, Vv=VM code, C=native code)
V  [jvm.dll+0x6cc179]
V  [jvm.dll+0x8584c1]
V  [jvm.dll+0x85a9ee]
V  [jvm.dll+0x85b0c3]
V  [jvm.dll+0x27ebf6]
V  [jvm.dll+0x6c88f5]
V  [jvm.dll+0x6bd45a]
V  [jvm.dll+0x354b1a]
V  [jvm.dll+0x35c796]
V  [jvm.dll+0x3af85e]
V  [jvm.dll+0x3afb08]
V  [jvm.dll+0x328e2c]
V  [jvm.dll+0x328eb7]
V  [jvm.dll+0x36d7dc]
V  [jvm.dll+0x36c02e]
V  [jvm.dll+0x3285f1]
V  [jvm.dll+0x36b74a]
V  [jvm.dll+0x860e90]
V  [jvm.dll+0x862214]
V  [jvm.dll+0x862750]
V  [jvm.dll+0x8629f3]
V  [jvm.dll+0x80279b]
V  [jvm.dll+0x6ca85d]
C  [ucrtbase.dll+0x37b0]
C  [KERNEL32.DLL+0x2e8d7]
C  [ntdll.dll+0x8d9c]

VM_Operation (0x0000009e72dfb4b0): G1CollectForAllocation, mode: safepoint, requested by thread 0x000001ad3eee0100


---------------  P R O C E S S  ---------------

Threads class SMR info:
_java_thread_list=0x000001ada74dc450, length=18, elements={
0x000001ad3eee0100, 0x000001ad60634400, 0x000001ad60637010, 0x000001ad60637d40,
0x000001ad6063a910, 0x000001ad6063b5c0, 0x000001ad6063e850, 0x000001ad60647d40,
0x000001ad606487d0, 0x000001ad608dffb0, 0x000001ad608e0640, 0x000001ad608e19f0,
0x000001ad608e0cd0, 0x000001ad608e3430, 0x000001ad608e2080, 0x000001ad608e2710,
0x000001ada8d2a4a0, 0x000001ada89cfed0
}

Java Threads: ( => current thread )
  0x000001ad3eee0100 JavaThread "main"                              [_thread_blocked, id=17920, stack(0x0000009e72d00000,0x0000009e72e00000) (1024K)]
  0x000001ad60634400 JavaThread "Reference Handler"          daemon [_thread_blocked, id=19872, stack(0x0000009e73500000,0x0000009e73600000) (1024K)]
  0x000001ad60637010 JavaThread "Finalizer"                  daemon [_thread_blocked, id=27344, stack(0x0000009e73600000,0x0000009e73700000) (1024K)]
  0x000001ad60637d40 JavaThread "Signal Dispatcher"          daemon [_thread_blocked, id=20380, stack(0x0000009e73700000,0x0000009e73800000) (1024K)]
  0x000001ad6063a910 JavaThread "Attach Listener"            daemon [_thread_blocked, id=18084, stack(0x0000009e73800000,0x0000009e73900000) (1024K)]
  0x000001ad6063b5c0 JavaThread "Service Thread"             daemon [_thread_blocked, id=4856, stack(0x0000009e73900000,0x0000009e73a00000) (1024K)]
  0x000001ad6063e850 JavaThread "Monitor Deflation Thread"   daemon [_thread_blocked, id=25484, stack(0x0000009e73a00000,0x0000009e73b00000) (1024K)]
  0x000001ad60647d40 JavaThread "C2 CompilerThread0"         daemon [_thread_blocked, id=18388, stack(0x0000009e73b00000,0x0000009e73c00000) (1024K)]
  0x000001ad606487d0 JavaThread "C1 CompilerThread0"         daemon [_thread_blocked, id=16484, stack(0x0000009e73c00000,0x0000009e73d00000) (1024K)]
  0x000001ad608dffb0 JavaThread "Notification Thread"        daemon [_thread_blocked, id=24928, stack(0x0000009e73d00000,0x0000009e73e00000) (1024K)]
  0x000001ad608e0640 JavaThread "Common-Cleaner"             daemon [_thread_blocked, id=14428, stack(0x0000009e73e00000,0x0000009e73f00000) (1024K)]
  0x000001ad608e19f0 JavaThread "surefire-forkedjvm-stream-flusher" daemon [_thread_blocked, id=16580, stack(0x0000009e74000000,0x0000009e74100000) (1024K)]
  0x000001ad608e0cd0 JavaThread "surefire-forkedjvm-command-thread" daemon [_thread_in_native, id=6060, stack(0x0000009e74100000,0x0000009e74200000) (1024K)]
  0x000001ad608e3430 JavaThread "mysql-cj-abandoned-connection-cleanup" daemon [_thread_blocked, id=16616, stack(0x0000009e74b00000,0x0000009e74c00000) (1024K)]
  0x000001ad608e2080 JavaThread "HikariPool-1:housekeeper"   daemon [_thread_blocked, id=22136, stack(0x0000009e75000000,0x0000009e75100000) (1024K)]
  0x000001ad608e2710 JavaThread "HikariPool-1:connection-adder" daemon [_thread_blocked, id=8608, stack(0x0000009e75100000,0x0000009e75200000) (1024K)]
  0x000001ada8d2a4a0 JavaThread "C2 CompilerThread1"         daemon [_thread_blocked, id=18956, stack(0x0000009e73f00000,0x0000009e74000000) (1024K)]
  0x000001ada89cfed0 JavaThread "C2 CompilerThread2"         daemon [_thread_blocked, id=4708, stack(0x0000009e74f00000,0x0000009e75000000) (1024K)]
Total: 18

Other Threads:
=>0x000001ad6061a2f0 VMThread "VM Thread"                           [id=13380, stack(0x0000009e73400000,0x0000009e73500000) (1024K)]
  0x000001ad60605c10 WatcherThread "VM Periodic Task Thread"        [id=18848, stack(0x0000009e73300000,0x0000009e73400000) (1024K)]
  0x000001ad3f46c3e0 WorkerThread "GC Thread#0"                     [id=25336, stack(0x0000009e72e00000,0x0000009e72f00000) (1024K)]
  0x000001ada687ffa0 WorkerThread "GC Thread#1"                     [id=14360, stack(0x0000009e74200000,0x0000009e74300000) (1024K)]
  0x000001ada6880340 WorkerThread "GC Thread#2"                     [id=23096, stack(0x0000009e74300000,0x0000009e74400000) (1024K)]
  0x000001ada68806e0 WorkerThread "GC Thread#3"                     [id=17836, stack(0x0000009e74400000,0x0000009e74500000) (1024K)]
  0x000001ada6890e40 WorkerThread "GC Thread#4"                     [id=27604, stack(0x0000009e74500000,0x0000009e74600000) (1024K)]
  0x000001ada68911e0 WorkerThread "GC Thread#5"                     [id=16648, stack(0x0000009e74600000,0x0000009e74700000) (1024K)]
  0x000001ada68f6910 WorkerThread "GC Thread#6"                     [id=14108, stack(0x0000009e74700000,0x0000009e74800000) (1024K)]
  0x000001ada68f6cb0 WorkerThread "GC Thread#7"                     [id=5044, stack(0x0000009e74800000,0x0000009e74900000) (1024K)]
  0x000001ada6de0d40 WorkerThread "GC Thread#8"                     [id=11428, stack(0x0000009e74900000,0x0000009e74a00000) (1024K)]
  0x000001ada6de1480 WorkerThread "GC Thread#9"                     [id=16444, stack(0x0000009e74a00000,0x0000009e74b00000) (1024K)]
  0x000001ad3f47d660 ConcurrentGCThread "G1 Main Marker"            [id=26172, stack(0x0000009e72f00000,0x0000009e73000000) (1024K)]
  0x000001ad3f47e070 WorkerThread "G1 Conc#0"                       [id=17184, stack(0x0000009e73000000,0x0000009e73100000) (1024K)]
  0x000001ada6de0260 WorkerThread "G1 Conc#1"                       [id=8312, stack(0x0000009e74c00000,0x0000009e74d00000) (1024K)]
  0x000001ada6de1bc0 WorkerThread "G1 Conc#2"                       [id=20820, stack(0x0000009e74d00000,0x0000009e74e00000) (1024K)]
  0x000001ad604d7840 ConcurrentGCThread "G1 Refine#0"               [id=15092, stack(0x0000009e73100000,0x0000009e73200000) (1024K)]
  0x000001ad604da070 ConcurrentGCThread "G1 Service"                [id=7972, stack(0x0000009e73200000,0x0000009e73300000) (1024K)]
Total: 18

Threads with active compile tasks:
C2 CompilerThread0    15671 5431       4       org.springframework.core.annotation.TypeMappedAnnotation::getValue (151 bytes)
C1 CompilerThread0    15671 5463       1       org.springframework.core.MethodParameter::getAnnotatedElement (5 bytes)
C2 CompilerThread1    15671 5311       4       org.springframework.core.annotation.AnnotationsScanner::process (55 bytes)
C2 CompilerThread2    15671 5442       4       org.springframework.core.annotation.TypeMappedAnnotation::adapt (355 bytes)
Total: 4

VM state: at safepoint (normal execution)

VM Mutex/Monitor currently owned by a thread:  ([mutex/lock_event])
[0x00007ffe808a0e50] Threads_lock - owner thread: 0x000001ad6061a2f0
[0x00007ffe808a0f50] Heap_lock - owner thread: 0x000001ad3eee0100

Heap address: 0x0000000704800000, size: 4024 MB, Compressed Oops mode: Zero based, Oop shift amount: 3

CDS archive(s) mapped at: [0x000001ad61000000-0x000001ad61c90000-0x000001ad61c90000), size 13172736, SharedBaseAddress: 0x000001ad61000000, ArchiveRelocationMode: 1.
Compressed class space mapped at: 0x000001ad62000000-0x000001ada2000000, reserved size: 1073741824
Narrow klass base: 0x000001ad61000000, Narrow klass shift: 0, Narrow klass range: 0x100000000

GC Precious Log:
 CardTable entry size: 512
 Card Set container configuration: InlinePtr #cards 4 size 8 Array Of Cards #cards 16 size 48 Howl #buckets 8 coarsen threshold 3686 Howl Bitmap #cards 512 size 80 coarsen threshold 460 Card regions per heap region 1 cards per card region 4096
 CPUs: 12 total, 12 available
 Memory: 16095M
 Large Page Support: Disabled
 NUMA Support: Disabled
 Compressed Oops: Enabled (Zero based)
 Heap Region Size: 2M
 Heap Min Capacity: 8M
 Heap Initial Capacity: 252M
 Heap Max Capacity: 4024M
 Pre-touch: Disabled
 Parallel Workers: 10
 Concurrent Workers: 3
 Concurrent Refinement Workers: 10
 Periodic GC: Disabled

Heap:
 garbage-first heap   total 61440K, used 28671K [0x0000000704800000, 0x0000000800000000)
  region size 2048K, 2 young (4096K), 2 survivors (4096K)
 Metaspace       used 64353K, committed 64896K, reserved 1114112K
  class space    used 8650K, committed 8896K, reserved 1048576K

Heap Regions: E=young(eden), S=young(survivor), O=old, HS=humongous(starts), HC=humongous(continues), CS=collection set, F=free, TAMS=top-at-mark-start, PB=parsable bottom
|   0|0x0000000704800000, 0x0000000704a00000, 0x0000000704a00000|100%| O|  |TAMS 0x0000000704800000| PB 0x0000000704800000| Untracked 
|   1|0x0000000704a00000, 0x0000000704c00000, 0x0000000704c00000|100%| O|  |TAMS 0x0000000704a00000| PB 0x0000000704a00000| Untracked 
|   2|0x0000000704c00000, 0x0000000704e00000, 0x0000000704e00000|100%| O|  |TAMS 0x0000000704c00000| PB 0x0000000704c00000| Untracked 
|   3|0x0000000704e00000, 0x0000000705000000, 0x0000000705000000|100%| O|  |TAMS 0x0000000704e00000| PB 0x0000000704e00000| Untracked 
|   4|0x0000000705000000, 0x0000000705200000, 0x0000000705200000|100%| O|  |TAMS 0x0000000705000000| PB 0x0000000705000000| Untracked 
|   5|0x0000000705200000, 0x0000000705400000, 0x0000000705400000|100%| O|  |TAMS 0x0000000705200000| PB 0x0000000705200000| Untracked 
|   6|0x0000000705400000, 0x0000000705600000, 0x0000000705600000|100%| O|  |TAMS 0x0000000705400000| PB 0x0000000705400000| Untracked 
|   7|0x0000000705600000, 0x0000000705800000, 0x0000000705800000|100%| O|  |TAMS 0x0000000705600000| PB 0x0000000705600000| Untracked 
|   8|0x0000000705800000, 0x0000000705800000, 0x0000000705a00000|  0%| F|  |TAMS 0x0000000705800000| PB 0x0000000705800000| Untracked 
|   9|0x0000000705a00000, 0x0000000705c00000, 0x0000000705c00000|100%| O|Cm|TAMS 0x0000000705a00000| PB 0x0000000705a00000| Complete 
|  10|0x0000000705c00000, 0x0000000705e00000, 0x0000000705e00000|100%| O|  |TAMS 0x0000000705c00000| PB 0x0000000705c00000| Untracked 
|  11|0x0000000705e00000, 0x0000000706000000, 0x0000000706000000|100%| O|  |TAMS 0x0000000705e00000| PB 0x0000000705e00000| Untracked 
|  12|0x0000000706000000, 0x00000007061ffc70, 0x0000000706200000| 99%| O|  |TAMS 0x0000000706000000| PB 0x0000000706000000| Untracked 
|  13|0x0000000706200000, 0x0000000706200000, 0x0000000706400000|  0%| F|  |TAMS 0x0000000706200000| PB 0x0000000706200000| Untracked 
|  14|0x0000000706400000, 0x0000000706600000, 0x0000000706600000|100%| S|CS|TAMS 0x0000000706400000| PB 0x0000000706400000| Complete 
|  15|0x0000000706600000, 0x0000000706800000, 0x0000000706800000|100%| S|CS|TAMS 0x0000000706600000| PB 0x0000000706600000| Complete 
|  16|0x0000000706800000, 0x0000000706800000, 0x0000000706a00000|  0%| F|  |TAMS 0x0000000706800000| PB 0x0000000706800000| Untracked 
|  17|0x0000000706a00000, 0x0000000706a00000, 0x0000000706c00000|  0%| F|  |TAMS 0x0000000706a00000| PB 0x0000000706a00000| Untracked 
|  18|0x0000000706c00000, 0x0000000706c00000, 0x0000000706e00000|  0%| F|  |TAMS 0x0000000706c00000| PB 0x0000000706c00000| Untracked 
|  19|0x0000000706e00000, 0x0000000706e00000, 0x0000000707000000|  0%| F|  |TAMS 0x0000000706e00000| PB 0x0000000706e00000| Untracked 
|  20|0x0000000707000000, 0x0000000707000000, 0x0000000707200000|  0%| F|  |TAMS 0x0000000707000000| PB 0x0000000707000000| Untracked 
|  21|0x0000000707200000, 0x0000000707200000, 0x0000000707400000|  0%| F|  |TAMS 0x0000000707200000| PB 0x0000000707200000| Untracked 
|  22|0x0000000707400000, 0x0000000707400000, 0x0000000707600000|  0%| F|  |TAMS 0x0000000707400000| PB 0x0000000707400000| Untracked 
|  23|0x0000000707600000, 0x0000000707600000, 0x0000000707800000|  0%| F|  |TAMS 0x0000000707600000| PB 0x0000000707600000| Untracked 
|  24|0x0000000707800000, 0x0000000707800000, 0x0000000707a00000|  0%| F|  |TAMS 0x0000000707800000| PB 0x0000000707800000| Untracked 
|  25|0x0000000707a00000, 0x0000000707a00000, 0x0000000707c00000|  0%| F|  |TAMS 0x0000000707a00000| PB 0x0000000707a00000| Untracked 
| 101|0x0000000711200000, 0x0000000711200000, 0x0000000711400000|  0%| F|  |TAMS 0x0000000711200000| PB 0x0000000711200000| Untracked 
| 102|0x0000000711400000, 0x0000000711400000, 0x0000000711600000|  0%| F|  |TAMS 0x0000000711400000| PB 0x0000000711400000| Untracked 
| 103|0x0000000711600000, 0x0000000711600000, 0x0000000711800000|  0%| F|  |TAMS 0x0000000711600000| PB 0x0000000711600000| Untracked 
| 125|0x0000000714200000, 0x0000000714200000, 0x0000000714400000|  0%| F|  |TAMS 0x0000000714200000| PB 0x0000000714200000| Untracked 

Card table byte_map: [0x000001ad59310000,0x000001ad59af0000] _byte_map_base: 0x000001ad55aec000

Marking Bits: (CMBitMap*) 0x000001ad3f46d200
 Bits: [0x000001ad59af0000, 0x000001ad5d9d0000)

Polling page: 0x000001ad3eea0000

Metaspace:

Usage:
  Non-class:     54.40 MB used.
      Class:      8.45 MB used.
       Both:     62.84 MB used.

Virtual space:
  Non-class space:       64.00 MB reserved,      54.69 MB ( 85%) committed,  1 nodes.
      Class space:        1.00 GB reserved,       8.69 MB ( <1%) committed,  1 nodes.
             Both:        1.06 GB reserved,      63.38 MB (  6%) committed. 

Chunk freelists:
   Non-Class:  9.12 MB
       Class:  7.31 MB
        Both:  16.44 MB

MaxMetaspaceSize: unlimited
CompressedClassSpaceSize: 1.00 GB
Initial GC threshold: 21.00 MB
Current GC threshold: 98.25 MB
CDS: on
 - commit_granule_bytes: 65536.
 - commit_granule_words: 8192.
 - virtual_space_node_default_size: 8388608.
 - enlarge_chunks_in_place: 1.
 - use_allocation_guard: 0.


Internal statistics:

num_allocs_failed_limit: 9.
num_arena_births: 788.
num_arena_deaths: 0.
num_vsnodes_births: 2.
num_vsnodes_deaths: 0.
num_space_committed: 1014.
num_space_uncommitted: 0.
num_chunks_returned_to_freelist: 9.
num_chunks_taken_from_freelist: 3047.
num_chunk_merges: 9.
num_chunk_splits: 2169.
num_chunks_enlarged: 1706.
num_inconsistent_stats: 0.

CodeHeap 'non-profiled nmethods': size=120000Kb used=3300Kb max_used=3300Kb free=116699Kb
 bounds [0x000001ad50980000, 0x000001ad50cd0000, 0x000001ad57eb0000]
CodeHeap 'profiled nmethods': size=120000Kb used=9346Kb max_used=9800Kb free=110653Kb
 bounds [0x000001ad48eb0000, 0x000001ad49850000, 0x000001ad503e0000]
CodeHeap 'non-nmethods': size=5760Kb used=1677Kb max_used=1745Kb free=4082Kb
 bounds [0x000001ad503e0000, 0x000001ad50650000, 0x000001ad50980000]
 total_blobs=5510 nmethods=4800 adapters=614
 compilation: enabled
              stopped_count=0, restarted_count=0
 full_count=0

Compilation events (20 events):
Event: 13.594 Thread 0x000001ad606487d0 5455       3       org.springframework.core.SerializableTypeWrapper$MethodParameterTypeProvider::<init> (59 bytes)
Event: 13.594 Thread 0x000001ad606487d0 nmethod 5455 0x000001ad49391c10 code [0x000001ad49391e20, 0x000001ad493926f0]
Event: 13.594 Thread 0x000001ad606487d0 5453       3       org.springframework.core.ResolvableType::forType (7 bytes)
Event: 13.594 Thread 0x000001ad606487d0 nmethod 5453 0x000001ad4936b390 code [0x000001ad4936b540, 0x000001ad4936b670]
Event: 13.596 Thread 0x000001ad606487d0 5456       1       org.springframework.beans.PropertyEditorRegistrySupport::setConversionService (6 bytes)
Event: 13.597 Thread 0x000001ad606487d0 nmethod 5456 0x000001ad50ac6610 code [0x000001ad50ac67a0, 0x000001ad50ac68b8]
Event: 13.597 Thread 0x000001ad606487d0 5457       3       java.util.stream.Collectors::toSet (26 bytes)
Event: 13.597 Thread 0x000001ad606487d0 nmethod 5457 0x000001ad494bed10 code [0x000001ad494bef20, 0x000001ad494bf578]
Event: 13.597 Thread 0x000001ad606487d0 5458       3       java.util.stream.Collectors$$Lambda/0x800000046::get (8 bytes)
Event: 13.598 Thread 0x000001ad606487d0 nmethod 5458 0x000001ad4964f990 code [0x000001ad4964fb60, 0x000001ad49650028]
Event: 13.598 Thread 0x000001ad606487d0 5459       3       java.util.Spliterators$EmptySpliterator$OfRef::forEachRemaining (6 bytes)
Event: 13.598 Thread 0x000001ad606487d0 nmethod 5459 0x000001ad495bb490 code [0x000001ad495bb660, 0x000001ad495bb920]
Event: 13.598 Thread 0x000001ad606487d0 5460       3       java.util.Spliterators$EmptySpliterator::forEachRemaining (6 bytes)
Event: 13.599 Thread 0x000001ad606487d0 nmethod 5460 0x000001ad493c3890 code [0x000001ad493c3a40, 0x000001ad493c3ca8]
Event: 13.599 Thread 0x000001ad606487d0 5461       3       org.springframework.util.ReflectionUtils$$Lambda/0x000001ad623506c0::<init> (10 bytes)
Event: 13.599 Thread 0x000001ad606487d0 nmethod 5461 0x000001ad49415910 code [0x000001ad49415ac0, 0x000001ad49415c80]
Event: 13.599 Thread 0x000001ad606487d0 5462       3       org.springframework.beans.factory.support.AbstractAutowireCapableBeanFactory::applyBeanPostProcessorsAfterInitialization (61 bytes)
Event: 13.600 Thread 0x000001ad606487d0 nmethod 5462 0x000001ad494d6990 code [0x000001ad494d6ba0, 0x000001ad494d72b8]
Event: 13.600 Thread 0x000001ad606487d0 5463       1       org.springframework.core.MethodParameter::getAnnotatedElement (5 bytes)
Event: 13.600 Thread 0x000001ad606487d0 nmethod 5463 0x000001ad50ac6310 code [0x000001ad50ac64a0, 0x000001ad50ac6570]

GC Heap History (19 events):
Event: 0.629 GC heap before
{Heap before GC invocations=0 (full 0):
 garbage-first heap   total 258048K, used 22528K [0x0000000704800000, 0x0000000800000000)
  region size 2048K, 11 young (22528K), 0 survivors (0K)
 Metaspace       used 4494K, committed 4672K, reserved 1114112K
  class space    used 471K, committed 576K, reserved 1048576K
}
Event: 0.634 GC heap after
{Heap after GC invocations=1 (full 0):
 garbage-first heap   total 258048K, used 7998K [0x0000000704800000, 0x0000000800000000)
  region size 2048K, 2 young (4096K), 2 survivors (4096K)
 Metaspace       used 4494K, committed 4672K, reserved 1114112K
  class space    used 471K, committed 576K, reserved 1048576K
}
Event: 5.603 GC heap before
{Heap before GC invocations=1 (full 0):
 garbage-first heap   total 258048K, used 30526K [0x0000000704800000, 0x0000000800000000)
  region size 2048K, 13 young (26624K), 2 survivors (4096K)
 Metaspace       used 10690K, committed 10944K, reserved 1114112K
  class space    used 1291K, committed 1408K, reserved 1048576K
}
Event: 5.609 GC heap after
{Heap after GC invocations=2 (full 0):
 garbage-first heap   total 258048K, used 10161K [0x0000000704800000, 0x0000000800000000)
  region size 2048K, 1 young (2048K), 1 survivors (2048K)
 Metaspace       used 10690K, committed 10944K, reserved 1114112K
  class space    used 1291K, committed 1408K, reserved 1048576K
}
Event: 8.867 GC heap before
{Heap before GC invocations=2 (full 0):
 garbage-first heap   total 258048K, used 49073K [0x0000000704800000, 0x0000000800000000)
  region size 2048K, 22 young (45056K), 1 survivors (2048K)
 Metaspace       used 21107K, committed 21504K, reserved 1114112K
  class space    used 2691K, committed 2880K, reserved 1048576K
}
Event: 8.872 GC heap after
{Heap after GC invocations=3 (full 0):
 garbage-first heap   total 258048K, used 12736K [0x0000000704800000, 0x0000000800000000)
  region size 2048K, 3 young (6144K), 3 survivors (6144K)
 Metaspace       used 21107K, committed 21504K, reserved 1114112K
  class space    used 2691K, committed 2880K, reserved 1048576K
}
Event: 9.666 GC heap before
{Heap before GC invocations=4 (full 0):
 garbage-first heap   total 61440K, used 43456K [0x0000000704800000, 0x0000000800000000)
  region size 2048K, 18 young (36864K), 3 survivors (6144K)
 Metaspace       used 25183K, committed 25600K, reserved 1114112K
  class space    used 3209K, committed 3392K, reserved 1048576K
}
Event: 9.672 GC heap after
{Heap after GC invocations=5 (full 0):
 garbage-first heap   total 61440K, used 16145K [0x0000000704800000, 0x0000000800000000)
  region size 2048K, 3 young (6144K), 3 survivors (6144K)
 Metaspace       used 25183K, committed 25600K, reserved 1114112K
  class space    used 3209K, committed 3392K, reserved 1048576K
}
Event: 10.305 GC heap before
{Heap before GC invocations=5 (full 0):
 garbage-first heap   total 61440K, used 42769K [0x0000000704800000, 0x0000000800000000)
  region size 2048K, 16 young (32768K), 3 survivors (6144K)
 Metaspace       used 29294K, committed 29696K, reserved 1114112K
  class space    used 3803K, committed 3968K, reserved 1048576K
}
Event: 10.312 GC heap after
{Heap after GC invocations=6 (full 0):
 garbage-first heap   total 61440K, used 18868K [0x0000000704800000, 0x0000000800000000)
  region size 2048K, 2 young (4096K), 2 survivors (4096K)
 Metaspace       used 29294K, committed 29696K, reserved 1114112K
  class space    used 3803K, committed 3968K, reserved 1048576K
}
Event: 10.996 GC heap before
{Heap before GC invocations=6 (full 0):
 garbage-first heap   total 61440K, used 41396K [0x0000000704800000, 0x0000000800000000)
  region size 2048K, 14 young (28672K), 2 survivors (4096K)
 Metaspace       used 35595K, committed 36096K, reserved 1114112K
  class space    used 4763K, committed 4992K, reserved 1048576K
}
Event: 11.002 GC heap after
{Heap after GC invocations=7 (full 0):
 garbage-first heap   total 61440K, used 20135K [0x0000000704800000, 0x0000000800000000)
  region size 2048K, 1 young (2048K), 1 survivors (2048K)
 Metaspace       used 35595K, committed 36096K, reserved 1114112K
  class space    used 4763K, committed 4992K, reserved 1048576K
}
Event: 11.892 GC heap before
{Heap before GC invocations=8 (full 0):
 garbage-first heap   total 61440K, used 46759K [0x0000000704800000, 0x0000000800000000)
  region size 2048K, 14 young (28672K), 1 survivors (2048K)
 Metaspace       used 46650K, committed 47232K, reserved 1114112K
  class space    used 6114K, committed 6400K, reserved 1048576K
}
Event: 11.898 GC heap after
{Heap after GC invocations=9 (full 0):
 garbage-first heap   total 61440K, used 23254K [0x0000000704800000, 0x0000000800000000)
  region size 2048K, 2 young (4096K), 2 survivors (4096K)
 Metaspace       used 46650K, committed 47232K, reserved 1114112K
  class space    used 6114K, committed 6400K, reserved 1048576K
}
Event: 12.380 GC heap before
{Heap before GC invocations=9 (full 0):
 garbage-first heap   total 61440K, used 47830K [0x0000000704800000, 0x0000000800000000)
  region size 2048K, 15 young (30720K), 2 survivors (4096K)
 Metaspace       used 54411K, committed 54976K, reserved 1114112K
  class space    used 7215K, committed 7488K, reserved 1048576K
}
Event: 12.390 GC heap after
{Heap after GC invocations=10 (full 0):
 garbage-first heap   total 61440K, used 24693K [0x0000000704800000, 0x0000000800000000)
  region size 2048K, 1 young (2048K), 1 survivors (2048K)
 Metaspace       used 54411K, committed 54976K, reserved 1114112K
  class space    used 7215K, committed 7488K, reserved 1048576K
}
Event: 12.839 GC heap before
{Heap before GC invocations=10 (full 0):
 garbage-first heap   total 61440K, used 45173K [0x0000000704800000, 0x0000000800000000)
  region size 2048K, 12 young (24576K), 1 survivors (2048K)
 Metaspace       used 59714K, committed 60288K, reserved 1114112K
  class space    used 7955K, committed 8192K, reserved 1048576K
}
Event: 12.844 GC heap after
{Heap after GC invocations=11 (full 0):
 garbage-first heap   total 61440K, used 26000K [0x0000000704800000, 0x0000000800000000)
  region size 2048K, 2 young (4096K), 2 survivors (4096K)
 Metaspace       used 59714K, committed 60288K, reserved 1114112K
  class space    used 7955K, committed 8192K, reserved 1048576K
}
Event: 13.600 GC heap before
{Heap before GC invocations=12 (full 0):
 garbage-first heap   total 61440K, used 48528K [0x0000000704800000, 0x0000000800000000)
  region size 2048K, 14 young (28672K), 2 survivors (4096K)
 Metaspace       used 64353K, committed 64896K, reserved 1114112K
  class space    used 8650K, committed 8896K, reserved 1048576K
}

Dll operation events (11 events):
Event: 0.007 Loaded shared library C:\Program Files\Java\jdk-21\bin\java.dll
Event: 0.033 Loaded shared library C:\Program Files\Java\jdk-21\bin\jsvml.dll
Event: 0.048 Loaded shared library C:\Program Files\Java\jdk-21\bin\net.dll
Event: 0.050 Loaded shared library C:\Program Files\Java\jdk-21\bin\nio.dll
Event: 0.053 Loaded shared library C:\Program Files\Java\jdk-21\bin\zip.dll
Event: 0.102 Loaded shared library C:\Program Files\Java\jdk-21\bin\management.dll
Event: 0.109 Loaded shared library C:\Program Files\Java\jdk-21\bin\management_ext.dll
Event: 0.124 Loaded shared library C:\Program Files\Java\jdk-21\bin\jimage.dll
Event: 9.043 Loaded shared library C:\Program Files\Java\jdk-21\bin\sunmscapi.dll
Event: 10.859 Loaded shared library C:\Program Files\Java\jdk-21\bin\verify.dll
Event: 11.268 Loaded shared library C:\Program Files\Java\jdk-21\bin\extnet.dll

Deoptimization events (20 events):
Event: 13.504 Thread 0x000001ad3eee0100 Uncommon trap: trap_request=0xffffff6e fr.pc=0x000001ad50bcdcc0 relative=0x00000000000001a0
Event: 13.504 Thread 0x000001ad3eee0100 Uncommon trap: reason=loop_limit_check action=maybe_recompile pc=0x000001ad50bcdcc0 method=java.lang.StringLatin1.lastIndexOf([BII)I @ 19 c2
Event: 13.504 Thread 0x000001ad3eee0100 DEOPT PACKING pc=0x000001ad50bcdcc0 sp=0x0000009e72dfae40
Event: 13.504 Thread 0x000001ad3eee0100 DEOPT UNPACKING pc=0x000001ad504346a2 sp=0x0000009e72dfad68 mode 2
Event: 13.554 Thread 0x000001ad3eee0100 Uncommon trap: trap_request=0xffffffde fr.pc=0x000001ad50c9d3c0 relative=0x00000000000041c0
Event: 13.554 Thread 0x000001ad3eee0100 Uncommon trap: reason=class_check action=maybe_recompile pc=0x000001ad50c9d3c0 method=org.springframework.core.annotation.AnnotationsScanner.processMethodHierarchy(Ljava/lang/Object;[ILjava/lang/Class;Lorg/springframework/core/annotation/AnnotationsProces
Event: 13.555 Thread 0x000001ad3eee0100 DEOPT PACKING pc=0x000001ad50c9d3c0 sp=0x0000009e72dfad30
Event: 13.555 Thread 0x000001ad3eee0100 DEOPT UNPACKING pc=0x000001ad504346a2 sp=0x0000009e72dfad58 mode 2
Event: 13.572 Thread 0x000001ad3eee0100 Uncommon trap: trap_request=0xffffffde fr.pc=0x000001ad50c9d3c0 relative=0x00000000000041c0
Event: 13.572 Thread 0x000001ad3eee0100 Uncommon trap: reason=class_check action=maybe_recompile pc=0x000001ad50c9d3c0 method=org.springframework.core.annotation.AnnotationsScanner.processMethodHierarchy(Ljava/lang/Object;[ILjava/lang/Class;Lorg/springframework/core/annotation/AnnotationsProces
Event: 13.572 Thread 0x000001ad3eee0100 DEOPT PACKING pc=0x000001ad50c9d3c0 sp=0x0000009e72dfad30
Event: 13.572 Thread 0x000001ad3eee0100 DEOPT UNPACKING pc=0x000001ad504346a2 sp=0x0000009e72dfad58 mode 2
Event: 13.575 Thread 0x000001ad3eee0100 Uncommon trap: trap_request=0xffffffde fr.pc=0x000001ad50c9d3c0 relative=0x00000000000041c0
Event: 13.575 Thread 0x000001ad3eee0100 Uncommon trap: reason=class_check action=maybe_recompile pc=0x000001ad50c9d3c0 method=org.springframework.core.annotation.AnnotationsScanner.processMethodHierarchy(Ljava/lang/Object;[ILjava/lang/Class;Lorg/springframework/core/annotation/AnnotationsProces
Event: 13.575 Thread 0x000001ad3eee0100 DEOPT PACKING pc=0x000001ad50c9d3c0 sp=0x0000009e72dfad30
Event: 13.575 Thread 0x000001ad3eee0100 DEOPT UNPACKING pc=0x000001ad504346a2 sp=0x0000009e72dfad58 mode 2
Event: 13.576 Thread 0x000001ad3eee0100 Uncommon trap: trap_request=0xffffffde fr.pc=0x000001ad50c9d3c0 relative=0x00000000000041c0
Event: 13.576 Thread 0x000001ad3eee0100 Uncommon trap: reason=class_check action=maybe_recompile pc=0x000001ad50c9d3c0 method=org.springframework.core.annotation.AnnotationsScanner.processMethodHierarchy(Ljava/lang/Object;[ILjava/lang/Class;Lorg/springframework/core/annotation/AnnotationsProces
Event: 13.576 Thread 0x000001ad3eee0100 DEOPT PACKING pc=0x000001ad50c9d3c0 sp=0x0000009e72dfad30
Event: 13.576 Thread 0x000001ad3eee0100 DEOPT UNPACKING pc=0x000001ad504346a2 sp=0x0000009e72dfad58 mode 2

Classes loaded (20 events):
Event: 13.065 Loading class java/util/stream/ReduceOps$CountingSink done
Event: 13.065 Loading class java/util/stream/ReduceOps$CountingSink$OfRef done
Event: 13.178 Loading class java/util/regex/Pattern$Bound
Event: 13.178 Loading class java/util/regex/Pattern$Bound done
Event: 13.179 Loading class java/util/regex/Pattern$Behind
Event: 13.179 Loading class java/util/regex/Pattern$Behind done
Event: 13.321 Loading class jdk/internal/classfile/ClassBuilder
Event: 13.321 Loading class jdk/internal/classfile/ClassfileBuilder
Event: 13.321 Loading class jdk/internal/classfile/ClassfileBuilder done
Event: 13.321 Loading class jdk/internal/classfile/ClassBuilder done
Event: 13.321 Loading class jdk/internal/classfile/ClassElement
Event: 13.321 Loading class jdk/internal/classfile/ClassfileElement
Event: 13.321 Loading class jdk/internal/classfile/ClassfileElement done
Event: 13.321 Loading class jdk/internal/classfile/ClassElement done
Event: 13.558 Loading class java/util/regex/PatternSyntaxException
Event: 13.558 Loading class java/util/regex/PatternSyntaxException done
Event: 13.563 Loading class java/util/Comparators$NullComparator
Event: 13.563 Loading class java/util/Comparators$NullComparator done
Event: 13.586 Loading class java/util/AbstractList$SubList$1
Event: 13.586 Loading class java/util/AbstractList$SubList$1 done

Classes unloaded (0 events):
No events

Classes redefined (0 events):
No events

Internal exceptions (20 events):
Event: 12.588 Thread 0x000001ad3eee0100 Exception <a 'java/lang/NoSuchMethodError'{0x0000000707b58b88}: 'int java.lang.invoke.DirectMethodHandle$Holder.invokeStatic(java.lang.Object, int, java.lang.Object)'> (0x0000000707b58b88) 
thrown [s\open\src\hotspot\share\interpreter\linkResolver.cpp, line 773]
Event: 12.590 Thread 0x000001ad3eee0100 Exception <a 'java/lang/NoSuchMethodError'{0x0000000707b769f0}: 'java.lang.Object java.lang.invoke.DirectMethodHandle$Holder.newInvokeSpecial(java.lang.Object, java.lang.Object, java.lang.Object, java.lang.Object, java.lang.Object, int, java.lang.Object)'> (0x0000000707b769f0) 
thrown [s\open\src\hotspot\share\interpreter\linkResolver.cpp, line 773]
Event: 12.593 Thread 0x000001ad3eee0100 Exception <a 'java/lang/NoSuchMethodError'{0x0000000707ba76c0}: 'java.lang.Object java.lang.invoke.Invokers$Holder.linkToTargetMethod(java.lang.Object, java.lang.Object, java.lang.Object, java.lang.Object, java.lang.Object, java.lang.Object, java.lang.Object, java.lang.Object, java.lang.Object, java.lang.Object, java.lang.Object, java.lang.Object)'> (0x0000000707ba76c0) 
thrown [s\open\src\hotspot\share\interpreter\linkResolver.cpp, line 773]
Event: 12.623 Thread 0x000001ad3eee0100 Exception <a 'java/lang/IncompatibleClassChangeError'{0x0000000707932ed0}: Found class java.lang.Object, but interface was expected> (0x0000000707932ed0) 
thrown [s\open\src\hotspot\share\interpreter\linkResolver.cpp, line 840]
Event: 12.631 Thread 0x000001ad3eee0100 Exception <a 'java/lang/NoSuchMethodError'{0x00000007079a8b38}: 'java.lang.Object java.lang.invoke.DirectMethodHandle$Holder.newInvokeSpecial(java.lang.Object, java.lang.Object, java.lang.Object, java.lang.Object, java.lang.Object, java.lang.Object, java.lang.Object, int)'> (0x00000007079a8b38) 
thrown [s\open\src\hotspot\share\interpreter\linkResolver.cpp, line 773]
Event: 12.631 Thread 0x000001ad3eee0100 Exception <a 'java/lang/NoSuchMethodError'{0x00000007079ad870}: 'java.lang.Object java.lang.invoke.DirectMethodHandle$Holder.invokeSpecial(java.lang.Object, java.lang.Object, java.lang.Object, java.lang.Object, java.lang.Object, java.lang.Object, java.lang.Object, java.lang.Object, int)'> (0x00000007079ad870) 
thrown [s\open\src\hotspot\share\interpreter\linkResolver.cpp, line 773]
Event: 12.631 Thread 0x000001ad3eee0100 Exception <a 'java/lang/NoSuchMethodError'{0x00000007079b2060}: 'java.lang.Object java.lang.invoke.Invokers$Holder.linkToTargetMethod(java.lang.Object, java.lang.Object, java.lang.Object, java.lang.Object, java.lang.Object, java.lang.Object, int, java.lang.Object)'> (0x00000007079b2060) 
thrown [s\open\src\hotspot\share\interpreter\linkResolver.cpp, line 773]
Event: 12.746 Thread 0x000001ad3eee0100 Implicit null exception at 0x000001ad50bd7977 to 0x000001ad50bd7be8
Event: 12.813 Thread 0x000001ad3eee0100 Exception <a 'java/lang/IncompatibleClassChangeError'{0x0000000706ecba80}: Found class java.lang.Object, but interface was expected> (0x0000000706ecba80) 
thrown [s\open\src\hotspot\share\interpreter\linkResolver.cpp, line 840]
Event: 12.913 Thread 0x000001ad3eee0100 Exception <a 'java/lang/IncompatibleClassChangeError'{0x0000000714325118}: Found class java.lang.Object, but interface was expected> (0x0000000714325118) 
thrown [s\open\src\hotspot\share\interpreter\linkResolver.cpp, line 840]
Event: 13.023 Thread 0x000001ad3eee0100 Exception <a 'java/lang/IncompatibleClassChangeError'{0x00000007114cceb0}: Found class java.lang.Object, but interface was expected> (0x00000007114cceb0) 
thrown [s\open\src\hotspot\share\interpreter\linkResolver.cpp, line 840]
Event: 13.152 Thread 0x000001ad3eee0100 Exception <a 'java/lang/IncompatibleClassChangeError'{0x0000000707bb01e8}: Found class java.lang.Object, but interface was expected> (0x0000000707bb01e8) 
thrown [s\open\src\hotspot\share\interpreter\linkResolver.cpp, line 840]
Event: 13.153 Thread 0x000001ad3eee0100 Exception <a 'java/lang/IncompatibleClassChangeError'{0x0000000707bb5f78}: Found class java.lang.Object, but interface was expected> (0x0000000707bb5f78) 
thrown [s\open\src\hotspot\share\interpreter\linkResolver.cpp, line 840]
Event: 13.210 Thread 0x000001ad3eee0100 Exception <a 'java/lang/NoSuchMethodError'{0x000000070763d980}: 'void java.lang.invoke.Invokers$Holder.invokeExact_MT(java.lang.Object, java.lang.Object, java.lang.Object, java.lang.Object)'> (0x000000070763d980) 
thrown [s\open\src\hotspot\share\interpreter\linkResolver.cpp, line 773]
Event: 13.312 Thread 0x000001ad3eee0100 Exception <a 'java/lang/NoSuchMethodError'{0x00000007074cfab0}: 'java.lang.Object java.lang.invoke.DirectMethodHandle$Holder.invokeVirtual(java.lang.Object, java.lang.Object, java.lang.Object, java.lang.Object, java.lang.Object, java.lang.Object)'> (0x00000007074cfab0) 
thrown [s\open\src\hotspot\share\interpreter\linkResolver.cpp, line 773]
Event: 13.327 Thread 0x000001ad3eee0100 Exception <a 'java/lang/NoSuchMethodError'{0x00000007075325d0}: 'void java.lang.invoke.DirectMethodHandle$Holder.invokeInterface(java.lang.Object, java.lang.Object, int)'> (0x00000007075325d0) 
thrown [s\open\src\hotspot\share\interpreter\linkResolver.cpp, line 773]
Event: 13.334 Thread 0x000001ad3eee0100 Exception <a 'java/lang/IncompatibleClassChangeError'{0x00000007075733e8}: Found class java.lang.Object, but interface was expected> (0x00000007075733e8) 
thrown [s\open\src\hotspot\share\interpreter\linkResolver.cpp, line 840]
Event: 13.335 Thread 0x000001ad3eee0100 Exception <a 'java/lang/NoSuchMethodError'{0x00000007075813d0}: 'int java.lang.invoke.DirectMethodHandle$Holder.invokeSpecialIFC(java.lang.Object, java.lang.Object, java.lang.Object)'> (0x00000007075813d0) 
thrown [s\open\src\hotspot\share\interpreter\linkResolver.cpp, line 773]
Event: 13.337 Thread 0x000001ad3eee0100 Exception <a 'java/lang/NoSuchMethodError'{0x0000000707595fd0}: 'void java.lang.invoke.DirectMethodHandle$Holder.invokeStatic(java.lang.Object, int, java.lang.Object)'> (0x0000000707595fd0) 
thrown [s\open\src\hotspot\share\interpreter\linkResolver.cpp, line 773]
Event: 13.437 Thread 0x000001ad3eee0100 Exception <a 'java/lang/NoSuchMethodError'{0x000000070706e778}: 'java.lang.Object java.lang.invoke.DirectMethodHandle$Holder.newInvokeSpecial(java.lang.Object, java.lang.Object, java.lang.Object, java.lang.Object, java.lang.Object, java.lang.Object, java.lang.Object, java.lang.Object)'> (0x000000070706e778) 
thrown [s\open\src\hotspot\share\interpreter\linkResolver.cpp, line 773]

ZGC Phase Switch (0 events):
No events

VM Operations (20 events):
Event: 12.732 Executing VM operation: ICBufferFull done
Event: 12.739 Executing VM operation: HandshakeAllThreads (Deoptimize)
Event: 12.739 Executing VM operation: HandshakeAllThreads (Deoptimize) done
Event: 12.839 Executing VM operation: CollectForMetadataAllocation (Metadata GC Threshold)
Event: 12.845 Executing VM operation: CollectForMetadataAllocation (Metadata GC Threshold) done
Event: 12.856 Executing VM operation: G1PauseRemark
Event: 12.863 Executing VM operation: G1PauseRemark done
Event: 12.868 Executing VM operation: G1PauseCleanup
Event: 12.873 Executing VM operation: G1PauseCleanup done
Event: 13.043 Executing VM operation: HandshakeAllThreads (Deoptimize)
Event: 13.043 Executing VM operation: HandshakeAllThreads (Deoptimize) done
Event: 13.545 Executing VM operation: HandshakeAllThreads (Deoptimize)
Event: 13.545 Executing VM operation: HandshakeAllThreads (Deoptimize) done
Event: 13.583 Executing VM operation: HandshakeAllThreads (Deoptimize)
Event: 13.583 Executing VM operation: HandshakeAllThreads (Deoptimize) done
Event: 13.584 Executing VM operation: HandshakeAllThreads (Deoptimize)
Event: 13.584 Executing VM operation: HandshakeAllThreads (Deoptimize) done
Event: 13.587 Executing VM operation: ICBufferFull
Event: 13.587 Executing VM operation: ICBufferFull done
Event: 13.600 Executing VM operation: G1CollectForAllocation (G1 Evacuation Pause)

Events (20 events):
Event: 12.862 Thread 0x000001ad6061a2f0 flushing nmethod 0x000001ad494b5a90
Event: 12.862 Thread 0x000001ad6061a2f0 flushing nmethod 0x000001ad494b7710
Event: 12.862 Thread 0x000001ad6061a2f0 flushing nmethod 0x000001ad494b8110
Event: 12.862 Thread 0x000001ad6061a2f0 flushing nmethod 0x000001ad494b8890
Event: 12.862 Thread 0x000001ad6061a2f0 flushing nmethod 0x000001ad494c7d90
Event: 12.862 Thread 0x000001ad6061a2f0 flushing nmethod 0x000001ad494e7510
Event: 12.862 Thread 0x000001ad6061a2f0 flushing nmethod 0x000001ad494f0c10
Event: 12.862 Thread 0x000001ad6061a2f0 flushing nmethod 0x000001ad494f1990
Event: 12.862 Thread 0x000001ad6061a2f0 flushing nmethod 0x000001ad494f2310
Event: 12.862 Thread 0x000001ad6061a2f0 flushing nmethod 0x000001ad4950d510
Event: 12.862 Thread 0x000001ad6061a2f0 flushing nmethod 0x000001ad4951be10
Event: 12.862 Thread 0x000001ad6061a2f0 flushing nmethod 0x000001ad4955e210
Event: 12.862 Thread 0x000001ad6061a2f0 flushing nmethod 0x000001ad495bb490
Event: 12.862 Thread 0x000001ad6061a2f0 flushing nmethod 0x000001ad495e6410
Event: 12.862 Thread 0x000001ad6061a2f0 flushing nmethod 0x000001ad495e9710
Event: 12.862 Thread 0x000001ad6061a2f0 flushing nmethod 0x000001ad495eaf10
Event: 12.862 Thread 0x000001ad6061a2f0 flushing nmethod 0x000001ad49605910
Event: 12.862 Thread 0x000001ad6061a2f0 flushing nmethod 0x000001ad4964f990
Event: 12.862 Thread 0x000001ad6061a2f0 flushing nmethod 0x000001ad496be990
Event: 12.862 Thread 0x000001ad6061a2f0 flushing nmethod 0x000001ad496bf710


Dynamic libraries:
0x00007ff70e430000 - 0x00007ff70e440000 	C:\Program Files\Java\jdk-21\bin\java.exe
0x00007ffeb2d40000 - 0x00007ffeb2fa9000 	C:\WINDOWS\SYSTEM32\ntdll.dll
0x00007ffeb1ab0000 - 0x00007ffeb1b79000 	C:\WINDOWS\System32\KERNEL32.DLL
0x00007ffeb04e0000 - 0x00007ffeb08d3000 	C:\WINDOWS\System32\KERNELBASE.dll
0x00007ffeb0000000 - 0x00007ffeb014b000 	C:\WINDOWS\System32\ucrtbase.dll
0x00007ffe7e890000 - 0x00007ffe7e8a9000 	C:\Program Files\Java\jdk-21\bin\jli.dll
0x00007ffe7e870000 - 0x00007ffe7e88b000 	C:\Program Files\Java\jdk-21\bin\VCRUNTIME140.dll
0x00007ffeb2280000 - 0x00007ffeb2334000 	C:\WINDOWS\System32\ADVAPI32.dll
0x00007ffeb1620000 - 0x00007ffeb16c9000 	C:\WINDOWS\System32\msvcrt.dll
0x00007ffeb1ba0000 - 0x00007ffeb1c46000 	C:\WINDOWS\System32\sechost.dll
0x00007ffeb1990000 - 0x00007ffeb1aa8000 	C:\WINDOWS\System32\RPCRT4.dll
0x00007ffeb2370000 - 0x00007ffeb2534000 	C:\WINDOWS\System32\USER32.dll
0x00007ffeb0990000 - 0x00007ffeb09b7000 	C:\WINDOWS\System32\win32u.dll
0x00007ffe8a1c0000 - 0x00007ffe8a453000 	C:\WINDOWS\WinSxS\amd64_microsoft.windows.common-controls_6595b64144ccf1df_6.0.26100.5074_none_3e0d6f78e32fd63f\COMCTL32.dll
0x00007ffeb2340000 - 0x00007ffeb236b000 	C:\WINDOWS\System32\GDI32.dll
0x00007ffeafed0000 - 0x00007ffeafffd000 	C:\WINDOWS\System32\gdi32full.dll
0x00007ffeb08e0000 - 0x00007ffeb0983000 	C:\WINDOWS\System32\msvcp_win.dll
0x00007ffe9c5a0000 - 0x00007ffe9c5ab000 	C:\WINDOWS\SYSTEM32\VERSION.dll
0x00007ffeb14d0000 - 0x00007ffeb14ff000 	C:\WINDOWS\System32\IMM32.DLL
0x00007ffe8b790000 - 0x00007ffe8b79c000 	C:\Program Files\Java\jdk-21\bin\vcruntime140_1.dll
0x00007ffe7e760000 - 0x00007ffe7e7ee000 	C:\Program Files\Java\jdk-21\bin\msvcp140.dll
0x00007ffe7fc60000 - 0x00007ffe8097d000 	C:\Program Files\Java\jdk-21\bin\server\jvm.dll
0x00007ffeb15a0000 - 0x00007ffeb1614000 	C:\WINDOWS\System32\WS2_32.dll
0x00007ffea5770000 - 0x00007ffea57a5000 	C:\WINDOWS\SYSTEM32\WINMM.dll
0x00007ffeafd30000 - 0x00007ffeafd8e000 	C:\WINDOWS\SYSTEM32\POWRPROF.dll
0x00007ffeafd10000 - 0x00007ffeafd24000 	C:\WINDOWS\SYSTEM32\UMPDC.dll
0x00007ffeaebe0000 - 0x00007ffeaebfb000 	C:\WINDOWS\SYSTEM32\kernel.appcore.dll
0x00007ffe8b560000 - 0x00007ffe8b56a000 	C:\Program Files\Java\jdk-21\bin\jimage.dll
0x00007ffead6a0000 - 0x00007ffead8e2000 	C:\WINDOWS\SYSTEM32\DBGHELP.DLL
0x00007ffeb1c50000 - 0x00007ffeb1fcb000 	C:\WINDOWS\System32\combase.dll
0x00007ffeb18b0000 - 0x00007ffeb1987000 	C:\WINDOWS\System32\OLEAUT32.dll
0x00007ffe8b920000 - 0x00007ffe8b95d000 	C:\WINDOWS\SYSTEM32\dbgcore.DLL
0x00007ffeb0150000 - 0x00007ffeb01e9000 	C:\WINDOWS\System32\bcryptPrimitives.dll
0x00007ffe7e0a0000 - 0x00007ffe7e0bf000 	C:\Program Files\Java\jdk-21\bin\java.dll
0x00007ffeb0c80000 - 0x00007ffeb13cd000 	C:\WINDOWS\System32\SHELL32.dll
0x00007ffeb0370000 - 0x00007ffeb04dc000 	C:\WINDOWS\System32\wintypes.dll
0x00007ffeadaf0000 - 0x00007ffeae349000 	C:\WINDOWS\SYSTEM32\windows.storage.dll
0x00007ffeb2c00000 - 0x00007ffeb2cf0000 	C:\WINDOWS\System32\SHCORE.dll
0x00007ffeb16d0000 - 0x00007ffeb1732000 	C:\WINDOWS\System32\shlwapi.dll
0x00007ffeafdf0000 - 0x00007ffeafe19000 	C:\WINDOWS\SYSTEM32\profapi.dll
0x00007ffe7e600000 - 0x00007ffe7e6d7000 	C:\Program Files\Java\jdk-21\bin\jsvml.dll
0x00007ffe7e5c0000 - 0x00007ffe7e5d0000 	C:\Program Files\Java\jdk-21\bin\net.dll
0x00007ffea70b0000 - 0x00007ffea71cf000 	C:\WINDOWS\SYSTEM32\WINHTTP.dll
0x00007ffeaf210000 - 0x00007ffeaf27b000 	C:\WINDOWS\system32\mswsock.dll
0x00007ffe7e580000 - 0x00007ffe7e596000 	C:\Program Files\Java\jdk-21\bin\nio.dll
0x00007ffe7e560000 - 0x00007ffe7e578000 	C:\Program Files\Java\jdk-21\bin\zip.dll
0x00007ffe8ce80000 - 0x00007ffe8ce8a000 	C:\Program Files\Java\jdk-21\bin\management.dll
0x00007ffe8ce70000 - 0x00007ffe8ce7b000 	C:\Program Files\Java\jdk-21\bin\management_ext.dll
0x00007ffeb1b80000 - 0x00007ffeb1b88000 	C:\WINDOWS\System32\PSAPI.DLL
0x00007ffe89dc0000 - 0x00007ffe89dce000 	C:\Program Files\Java\jdk-21\bin\sunmscapi.dll
0x00007ffeb01f0000 - 0x00007ffeb0367000 	C:\WINDOWS\System32\CRYPT32.dll
0x00007ffeaf6f0000 - 0x00007ffeaf720000 	C:\WINDOWS\SYSTEM32\ncrypt.dll
0x00007ffeaf6a0000 - 0x00007ffeaf6df000 	C:\WINDOWS\SYSTEM32\NTASN1.dll
0x00007ffeaf4d0000 - 0x00007ffeaf4eb000 	C:\WINDOWS\SYSTEM32\CRYPTSP.dll
0x00007ffeaec00000 - 0x00007ffeaec3b000 	C:\WINDOWS\system32\rsaenh.dll
0x00007ffeaf2b0000 - 0x00007ffeaf2db000 	C:\WINDOWS\SYSTEM32\USERENV.dll
0x00007ffeafdc0000 - 0x00007ffeafde6000 	C:\WINDOWS\SYSTEM32\bcrypt.dll
0x00007ffeaf4f0000 - 0x00007ffeaf4fc000 	C:\WINDOWS\SYSTEM32\CRYPTBASE.dll
0x00007ffeae680000 - 0x00007ffeae6b4000 	C:\WINDOWS\SYSTEM32\IPHLPAPI.DLL
0x00007ffeb1b90000 - 0x00007ffeb1b9a000 	C:\WINDOWS\System32\NSI.dll
0x00007ffe8c6a0000 - 0x00007ffe8c6b0000 	C:\Program Files\Java\jdk-21\bin\verify.dll
0x00007ffeae710000 - 0x00007ffeae836000 	C:\WINDOWS\SYSTEM32\DNSAPI.dll
0x00007ffea5510000 - 0x00007ffea551b000 	C:\Windows\System32\rasadhlp.dll
0x00007ffea7b30000 - 0x00007ffea7bb6000 	C:\WINDOWS\System32\fwpuclnt.dll
0x00007ffe8ce60000 - 0x00007ffe8ce69000 	C:\Program Files\Java\jdk-21\bin\extnet.dll

dbghelp: loaded successfully - version: 4.0.5 - missing functions: none
symbol engine: initialized successfully - sym options: 0x614 - pdb path: .;C:\Program Files\Java\jdk-21\bin;C:\WINDOWS\SYSTEM32;C:\WINDOWS\WinSxS\amd64_microsoft.windows.common-controls_6595b64144ccf1df_6.0.26100.5074_none_3e0d6f78e32fd63f;C:\Program Files\Java\jdk-21\bin\server

VM Arguments:
java_command: C:\Users\Shaik\AppData\Local\Temp\surefire6736982713187976287\surefirebooter-20250923005920974_3.jar C:\Users\Shaik\AppData\Local\Temp\surefire6736982713187976287 2025-09-23T00-59-20_479-jvmRun1 surefire-20250923005920974_1tmp surefire_0-20250923005920974_2tmp
java_class_path (initial): C:\Users\Shaik\AppData\Local\Temp\surefire6736982713187976287\surefirebooter-20250923005920974_3.jar
Launcher Type: SUN_STANDARD

[Global flags]
     intx CICompilerCount                          = 4                                         {product} {ergonomic}
     uint ConcGCThreads                            = 3                                         {product} {ergonomic}
     uint G1ConcRefinementThreads                  = 10                                        {product} {ergonomic}
   size_t G1HeapRegionSize                         = 2097152                                   {product} {ergonomic}
    uintx GCDrainStackTargetSize                   = 64                                        {product} {ergonomic}
   size_t InitialHeapSize                          = 264241152                                 {product} {ergonomic}
   size_t MarkStackSize                            = 4194304                                   {product} {ergonomic}
   size_t MaxHeapSize                              = 4219469824                                {product} {ergonomic}
   size_t MaxNewSize                               = 2531262464                                {product} {ergonomic}
   size_t MinHeapDeltaBytes                        = 2097152                                   {product} {ergonomic}
   size_t MinHeapSize                              = 8388608                                   {product} {ergonomic}
    uintx NonNMethodCodeHeapSize                   = 5839372                                {pd product} {ergonomic}
    uintx NonProfiledCodeHeapSize                  = 122909434                              {pd product} {ergonomic}
    uintx ProfiledCodeHeapSize                     = 122909434                              {pd product} {ergonomic}
    uintx ReservedCodeCacheSize                    = 251658240                              {pd product} {ergonomic}
     bool SegmentedCodeCache                       = true                                      {product} {ergonomic}
   size_t SoftMaxHeapSize                          = 4219469824                             {manageable} {ergonomic}
     bool UseCompressedOops                        = true                           {product lp64_product} {ergonomic}
     bool UseG1GC                                  = true                                      {product} {ergonomic}
     bool UseLargePagesIndividualAllocation        = false                                  {pd product} {ergonomic}

Logging:
Log output configuration:
 #0: stdout all=warning uptime,level,tags foldmultilines=false
 #1: stderr all=off uptime,level,tags foldmultilines=false

Environment Variables:
JAVA_HOME=C:\Program Files\Java\jdk-21
PATH=C:/Users/Shaik/.p2/pool/plugins/org.eclipse.justj.openjdk.hotspot.jre.full.win32.x86_64_22.0.2.v20240802-1626/jre/bin/server;C:/Users/Shaik/.p2/pool/plugins/org.eclipse.justj.openjdk.hotspot.jre.full.win32.x86_64_22.0.2.v20240802-1626/jre/bin;C:\3-1\apache-maven-3.9.11-bin\apache-maven-3.9.11\bin;C:\Program Files\Java\jdk-21\bin;C:\Program Files\nodejs;C:\Program Files\Docker\Docker\resources\bin;C:\Program Files\Git\cmd;C:\Program Files\nodejs\;C:\Users\Shaik\Downloads\apache-maven-3.9.11\bin;C:\Users\Shaik\AppData\Local\Programs\Microsoft VS Code\bin;C:\Users\Shaik\AppData\Roaming\npm;C:\WINDOWS\system32;
USERNAME=Shaik
TERM=xterm
OS=Windows_NT
PROCESSOR_IDENTIFIER=Intel64 Family 6 Model 186 Stepping 3, GenuineIntel
TMP=C:\Users\Shaik\AppData\Local\Temp
TEMP=C:\Users\Shaik\AppData\Local\Temp




Periodic native trim disabled

---------------  S Y S T E M  ---------------

OS:
 Windows 11 , 64 bit Build 26100 (10.0.26100.5074)
OS uptime: 0 days 2:31 hours
Hyper-V role detected

CPU: total 12 (initial active 12) (6 cores per cpu, 2 threads per core) family 6 model 186 stepping 3 microcode 0x4128, cx8, cmov, fxsr, ht, mmx, 3dnowpref, sse, sse2, sse3, ssse3, sse4.1, sse4.2, popcnt, lzcnt, tsc, tscinvbit, avx, avx2, aes, erms, clmul, bmi1, bmi2, adx, sha, fma, vzeroupper, clflush, clflushopt, clwb, hv, serialize, rdtscp, rdpid, fsrm, f16c, cet_ibt, cet_ss
Processor Information for processor 0
  Max Mhz: 1300, Current Mhz: 1300, Mhz Limit: 1300
Processor Information for processor 1
  Max Mhz: 1300, Current Mhz: 1300, Mhz Limit: 1300
Processor Information for processor 2
  Max Mhz: 1300, Current Mhz: 1300, Mhz Limit: 1300
Processor Information for processor 3
  Max Mhz: 1300, Current Mhz: 1300, Mhz Limit: 1300
Processor Information for processor 4
  Max Mhz: 1300, Current Mhz: 900, Mhz Limit: 897
Processor Information for processor 5
  Max Mhz: 1300, Current Mhz: 900, Mhz Limit: 897
Processor Information for processor 6
  Max Mhz: 1300, Current Mhz: 900, Mhz Limit: 897
Processor Information for processor 7
  Max Mhz: 1300, Current Mhz: 900, Mhz Limit: 897
Processor Information for processor 8
  Max Mhz: 1300, Current Mhz: 900, Mhz Limit: 897
Processor Information for processor 9
  Max Mhz: 1300, Current Mhz: 900, Mhz Limit: 897
Processor Information for processor 10
  Max Mhz: 1300, Current Mhz: 900, Mhz Limit: 897
Processor Information for processor 11
  Max Mhz: 1300, Current Mhz: 900, Mhz Limit: 897

Memory: 4k page, system-wide physical 16095M (4031M free)
TotalPageFile size 16095M (AvailPageFile size 156M)
current process WorkingSet (physical memory assigned to process): 238M, peak: 273M
current process commit charge ("private bytes"): 277M, peak: 401M

vm_info: Java HotSpot(TM) 64-Bit Server VM (21.0.8+12-LTS-250) for windows-amd64 JRE (21.0.8+12-LTS-250), built on 2025-06-27T08:11:22Z by "mach5one" with MS VC++ 17.6 (VS2022)

END.
